external/CMock/examples/temp_sensor/src/TemperatureCalculator.c:20:13: style: Using NaN/Inf in a computation. [nanInArithmeticExpression]
    return -INFINITY;
            ^
external/CMock/examples/temp_sensor/src/TemperatureFilter.c:11:27: style: Using NaN/Inf in a computation. [nanInArithmeticExpression]
  temperatureInCelcius = -INFINITY;
                          ^
external/CMock/examples/temp_sensor/src/TemperatureFilter.c:29:25: style: Using NaN/Inf in a computation. [nanInArithmeticExpression]
        temperature == -INFINITY ||
                        ^
external/CMock/examples/temp_sensor/src/TemperatureFilter.c:31:25: style: Using NaN/Inf in a computation. [nanInArithmeticExpression]
        temperature == -NAN)
                        ^
external/CMock/examples/temp_sensor/src/TemperatureFilter.c:34:22: style: Using NaN/Inf in a computation. [nanInArithmeticExpression]
      temperature = -INFINITY;
                     ^
external/CMock/examples/temp_sensor/src/TimerConfigurator.c:16:9: warning: Redundant assignment of 'dummy' to itself. [selfAssignment]
  dummy = dummy;
        ^
external/CMock/examples/temp_sensor/src/TimerConfigurator.c:16:9: style: Variable 'dummy' is assigned a value that is never used. [unreadVariable]
  dummy = dummy;
        ^
external/CMock/examples/temp_sensor/src/UsartConductor.c:15:9: style: The scope of the variable 'temp' can be reduced. [variableScope]
  char* temp;
        ^
external/CMock/examples/temp_sensor/src/UsartModel.c:20:23: style: Using NaN/Inf in a computation. [nanInArithmeticExpression]
  if (temperature == -INFINITY)
                      ^
external/CMock/src/cmock.c:81:24: style: The scope of the variable 'index' can be reduced. [variableScope]
  CMOCK_MEM_INDEX_TYPE index;
                       ^
external/CMock/src/cmock.c:83:9: style: The scope of the variable 'obj' can be reduced. [variableScope]
  void* obj;
        ^
external/CMock/src/cmock.c:84:9: style: The scope of the variable 'next' can be reduced. [variableScope]
  void* next;
        ^
external/CMock/test/iar/iar_v5/srcIAR/Cstartup_SAM7.c:36:31: error: syntax error [syntaxError]
void AT91F_LowLevelInit(void) @ "ICODE"
                              ^
external/CMock/vendor/c_exception/test/TestException.c:63:10: style: Variable 'Throw' is assigned a value that is never used. [unreadVariable]
    Throw(0xEF);
         ^
external/CMock/vendor/unity/extras/fixture/src/unity_fixture.c:221:0: information: Skipping configuration 'UNITY_CUSTOM_HELP_MSG' since the value of 'UNITY_CUSTOM_HELP_MSG' is unknown. Use -D if you want to check it. You can use -U to skip it explicitly. [ConfigurationNotChecked]
            UnityPrint(UNITY_CUSTOM_HELP_MSG);
^
external/CMock/vendor/unity/extras/memory/src/unity_memory.c:104:5: error: Memory leak: guard [memleak]
    return (void*)mem;
    ^
external/CMock/vendor/unity/extras/memory/src/unity_memory.h:38:0: information: Skipping configuration 'UNITY_FREE;UNITY_MALLOC' since the value of 'UNITY_FREE' is unknown. Use -D if you want to check it. You can use -U to skip it explicitly. [ConfigurationNotChecked]
    extern void UNITY_FREE(void* ptr);
^
external/CMock/vendor/unity/extras/memory/src/unity_memory.c:134:0: information: Skipping configuration 'UNITY_FREE;UNITY_MALLOC' since the value of 'UNITY_FREE' is unknown. Use -D if you want to check it. You can use -U to skip it explicitly. [ConfigurationNotChecked]
    UNITY_FREE(guard);
^
external/CMock/vendor/unity/extras/memory/src/unity_memory.h:37:0: information: Skipping configuration 'UNITY_FREE;UNITY_MALLOC' since the value of 'UNITY_MALLOC' is unknown. Use -D if you want to check it. You can use -U to skip it explicitly. [ConfigurationNotChecked]
    extern void* UNITY_MALLOC(size_t size);
^
external/CMock/vendor/unity/extras/memory/src/unity_memory.c:95:0: information: Skipping configuration 'UNITY_FREE;UNITY_MALLOC' since the value of 'UNITY_MALLOC' is unknown. Use -D if you want to check it. You can use -U to skip it explicitly. [ConfigurationNotChecked]
    guard = (Guard*)UNITY_MALLOC(total_size);
^
external/CMock/vendor/unity/src/unity.c:0:0: information: Too many #ifdef configurations - cppcheck only checks 12 of 45 configurations. Use --force to check all configurations. [toomanyconfigs]

^
external/CMock/vendor/unity/src/unity.c:277:9: style: The scope of the variable 'nibble' can be reduced. [variableScope]
    int nibble;
        ^
external/CMock/vendor/unity/src/unity.c:1432:18: style: The scope of the variable 'i' can be reduced. [variableScope]
    UNITY_UINT32 i;
                 ^
external/CMock/vendor/unity/src/unity.c:1472:18: style: The scope of the variable 'i' can be reduced. [variableScope]
    UNITY_UINT32 i;
                 ^
external/CMock/vendor/unity/src/unity.c:1852:28: style:inconclusive: Function 'UnityFail' argument 1 names different: declaration 'message' definition 'msg'. [funcArgNamesDifferent]
void UnityFail(const char* msg, const UNITY_LINE_TYPE line)
                           ^
external/CMock/vendor/unity/src/unity_internals.h:657:43: note: Function 'UnityFail' argument 1 names different: declaration 'message' definition 'msg'.
UNITY_NORETURN void UnityFail(const char* message, const UNITY_LINE_TYPE line);
                                          ^
external/CMock/vendor/unity/src/unity.c:1852:28: note: Function 'UnityFail' argument 1 names different: declaration 'message' definition 'msg'.
void UnityFail(const char* msg, const UNITY_LINE_TYPE line)
                           ^
external/CMock/vendor/unity/src/unity.c:1889:30: style:inconclusive: Function 'UnityIgnore' argument 1 names different: declaration 'message' definition 'msg'. [funcArgNamesDifferent]
void UnityIgnore(const char* msg, const UNITY_LINE_TYPE line)
                             ^
external/CMock/vendor/unity/src/unity_internals.h:658:45: note: Function 'UnityIgnore' argument 1 names different: declaration 'message' definition 'msg'.
UNITY_NORETURN void UnityIgnore(const char* message, const UNITY_LINE_TYPE line);
                                            ^
external/CMock/vendor/unity/src/unity.c:1889:30: note: Function 'UnityIgnore' argument 1 names different: declaration 'message' definition 'msg'.
void UnityIgnore(const char* msg, const UNITY_LINE_TYPE line)
                             ^
external/CMock/vendor/unity/src/unity.c:1905:31: style:inconclusive: Function 'UnityMessage' argument 1 names different: declaration 'message' definition 'msg'. [funcArgNamesDifferent]
void UnityMessage(const char* msg, const UNITY_LINE_TYPE line)
                              ^
external/CMock/vendor/unity/src/unity_internals.h:664:31: note: Function 'UnityMessage' argument 1 names different: declaration 'message' definition 'msg'.
void UnityMessage(const char* message, const UNITY_LINE_TYPE line);
                              ^
external/CMock/vendor/unity/src/unity.c:1905:31: note: Function 'UnityMessage' argument 1 names different: declaration 'message' definition 'msg'.
void UnityMessage(const char* msg, const UNITY_LINE_TYPE line)
                              ^
external/CMock/vendor/unity/src/unity.c:1513:20: style: Variable 'i' is assigned a value that is never used. [unreadVariable]
    UNITY_UINT32 i = 0;
                   ^
external/CMock/vendor/unity/src/unity.c:1927:0: information: Skipping configuration 'UNITY_CLOCK_MS;UNITY_EXEC_TIME_START;UNITY_EXEC_TIME_STOP;UNITY_PRINT_EXEC_TIME;UNITY_TIME_TYPE;UNITY_INCLUDE_EXEC_TIME' since the value of 'UNITY_EXEC_TIME_START' is unknown. Use -D if you want to check it. You can use -U to skip it explicitly. [ConfigurationNotChecked]
    UNITY_EXEC_TIME_START();
^
external/CMock/vendor/unity/src/unity.c:1937:0: information: Skipping configuration 'UNITY_CLOCK_MS;UNITY_EXEC_TIME_START;UNITY_EXEC_TIME_STOP;UNITY_PRINT_EXEC_TIME;UNITY_TIME_TYPE;UNITY_INCLUDE_EXEC_TIME' since the value of 'UNITY_EXEC_TIME_STOP' is unknown. Use -D if you want to check it. You can use -U to skip it explicitly. [ConfigurationNotChecked]
    UNITY_EXEC_TIME_STOP();
^
external/CMock/vendor/unity/src/unity.c:566:0: information: Skipping configuration 'UNITY_CLOCK_MS;UNITY_EXEC_TIME_START;UNITY_EXEC_TIME_STOP;UNITY_PRINT_EXEC_TIME;UNITY_TIME_TYPE;UNITY_INCLUDE_EXEC_TIME' since the value of 'UNITY_PRINT_EXEC_TIME' is unknown. Use -D if you want to check it. You can use -U to skip it explicitly. [ConfigurationNotChecked]
    UNITY_PRINT_EXEC_TIME();
^
external/CMock/vendor/unity/src/unity_internals.h:507:0: information: Skipping configuration 'UNITY_CLOCK_MS;UNITY_EXEC_TIME_START;UNITY_EXEC_TIME_STOP;UNITY_PRINT_EXEC_TIME;UNITY_TIME_TYPE;UNITY_INCLUDE_EXEC_TIME' since the value of 'UNITY_TIME_TYPE' is unknown. Use -D if you want to check it. You can use -U to skip it explicitly. [ConfigurationNotChecked]
    UNITY_TIME_TYPE CurrentTestStartTime;
^
external/CMock/vendor/unity/src/unity_internals.h:508:0: information: Skipping configuration 'UNITY_CLOCK_MS;UNITY_EXEC_TIME_START;UNITY_EXEC_TIME_STOP;UNITY_PRINT_EXEC_TIME;UNITY_TIME_TYPE;UNITY_INCLUDE_EXEC_TIME' since the value of 'UNITY_TIME_TYPE' is unknown. Use -D if you want to check it. You can use -U to skip it explicitly. [ConfigurationNotChecked]
    UNITY_TIME_TYPE CurrentTestStopTime;
^
external/CMock/vendor/unity/test/tests/test_unity_core.c:66:21: style: struct member 'Anonymous0::TestFile' is never used. [unusedStructMember]
        const char* TestFile;
                    ^
external/CMock/vendor/unity/test/tests/test_unity_core.c:68:21: style: struct member 'Anonymous0::CurrentDetails1' is never used. [unusedStructMember]
        const char* CurrentDetails1;
                    ^
external/CMock/vendor/unity/test/tests/test_unity_core.c:69:21: style: struct member 'Anonymous0::CurrentDetails2' is never used. [unusedStructMember]
        const char* CurrentDetails2;
                    ^
external/CMock/vendor/unity/test/tests/test_unity_core.c:81:17: style: struct member 'Anonymous0::AbortFrame' is never used. [unusedStructMember]
        jmp_buf AbortFrame;
                ^
external/CMock/vendor/unity/test/tests/test_unity_core.c:48:21: style: struct member 'Anonymous0::TestFile' is never used. [unusedStructMember]
        const char* TestFile;
                    ^
external/CMock/vendor/unity/test/tests/test_unity_core.c:61:17: style: struct member 'Anonymous0::AbortFrame' is never used. [unusedStructMember]
        jmp_buf AbortFrame;
                ^
external/CMock/vendor/unity/test/tests/test_unity_doubles.c:111:42: style: Same expression on both sides of '/'. [duplicateExpression]
    TEST_ASSERT_EQUAL_DOUBLE(85.963, 0.0 / d_zero);
                                         ^
external/CMock/vendor/unity/test/tests/self_assessment_utils.h:14:37: note: 'd_zero' is assigned value '0.0' here.
static const UNITY_DOUBLE d_zero = 0.0;
                                    ^
external/CMock/vendor/unity/test/tests/test_unity_doubles.c:111:42: note: Same expression on both sides of '/'.
    TEST_ASSERT_EQUAL_DOUBLE(85.963, 0.0 / d_zero);
                                         ^
external/CMock/vendor/unity/test/tests/test_unity_doubles.c:122:34: style: Same expression on both sides of '/'. [duplicateExpression]
    TEST_ASSERT_EQUAL_DOUBLE(0.0 / d_zero, 85.963);
                                 ^
external/CMock/vendor/unity/test/tests/self_assessment_utils.h:14:37: note: 'd_zero' is assigned value '0.0' here.
static const UNITY_DOUBLE d_zero = 0.0;
                                    ^
external/CMock/vendor/unity/test/tests/test_unity_doubles.c:122:34: note: Same expression on both sides of '/'.
    TEST_ASSERT_EQUAL_DOUBLE(0.0 / d_zero, 85.963);
                                 ^
external/CMock/vendor/unity/test/tests/test_unity_doubles.c:132:34: style: Same expression on both sides of '/'. [duplicateExpression]
    TEST_ASSERT_EQUAL_DOUBLE(0.0 / d_zero, 0.0 / d_zero);
                                 ^
external/CMock/vendor/unity/test/tests/self_assessment_utils.h:14:37: note: 'd_zero' is assigned value '0.0' here.
static const UNITY_DOUBLE d_zero = 0.0;
                                    ^
external/CMock/vendor/unity/test/tests/test_unity_doubles.c:132:34: note: Same expression on both sides of '/'.
    TEST_ASSERT_EQUAL_DOUBLE(0.0 / d_zero, 0.0 / d_zero);
                                 ^
external/CMock/vendor/unity/test/tests/test_unity_doubles.c:142:48: style: Same expression on both sides of '/'. [duplicateExpression]
    TEST_ASSERT_EQUAL_DOUBLE(1.0 / d_zero, 0.0 / d_zero);
                                               ^
external/CMock/vendor/unity/test/tests/self_assessment_utils.h:14:37: note: 'd_zero' is assigned value '0.0' here.
static const UNITY_DOUBLE d_zero = 0.0;
                                    ^
external/CMock/vendor/unity/test/tests/test_unity_doubles.c:142:48: note: Same expression on both sides of '/'.
    TEST_ASSERT_EQUAL_DOUBLE(1.0 / d_zero, 0.0 / d_zero);
                                               ^
external/CMock/vendor/unity/test/tests/test_unity_doubles.c:153:34: style: Same expression on both sides of '/'. [duplicateExpression]
    TEST_ASSERT_EQUAL_DOUBLE(0.0 / d_zero, 1.0 / d_zero);
                                 ^
external/CMock/vendor/unity/test/tests/self_assessment_utils.h:14:37: note: 'd_zero' is assigned value '0.0' here.
static const UNITY_DOUBLE d_zero = 0.0;
                                    ^
external/CMock/vendor/unity/test/tests/test_unity_doubles.c:153:34: note: Same expression on both sides of '/'.
    TEST_ASSERT_EQUAL_DOUBLE(0.0 / d_zero, 1.0 / d_zero);
                                 ^
external/CMock/vendor/unity/test/tests/test_unity_doubles.c:276:35: style: Same expression on both sides of '/'. [duplicateExpression]
    TEST_ASSERT_DOUBLE_IS_NAN(0.0 / d_zero);
                                  ^
external/CMock/vendor/unity/test/tests/self_assessment_utils.h:14:37: note: 'd_zero' is assigned value '0.0' here.
static const UNITY_DOUBLE d_zero = 0.0;
                                    ^
external/CMock/vendor/unity/test/tests/test_unity_doubles.c:276:35: note: Same expression on both sides of '/'.
    TEST_ASSERT_DOUBLE_IS_NAN(0.0 / d_zero);
                                  ^
external/CMock/vendor/unity/test/tests/test_unity_doubles.c:286:39: style: Same expression on both sides of '/'. [duplicateExpression]
    TEST_ASSERT_DOUBLE_IS_NOT_NAN(0.0 / d_zero);
                                      ^
external/CMock/vendor/unity/test/tests/self_assessment_utils.h:14:37: note: 'd_zero' is assigned value '0.0' here.
static const UNITY_DOUBLE d_zero = 0.0;
                                    ^
external/CMock/vendor/unity/test/tests/test_unity_doubles.c:286:39: note: Same expression on both sides of '/'.
    TEST_ASSERT_DOUBLE_IS_NOT_NAN(0.0 / d_zero);
                                      ^
external/CMock/vendor/unity/test/tests/test_unity_doubles.c:328:35: style: Same expression on both sides of '/'. [duplicateExpression]
    TEST_ASSERT_DOUBLE_IS_INF(0.0 / d_zero);
                                  ^
external/CMock/vendor/unity/test/tests/self_assessment_utils.h:14:37: note: 'd_zero' is assigned value '0.0' here.
static const UNITY_DOUBLE d_zero = 0.0;
                                    ^
external/CMock/vendor/unity/test/tests/test_unity_doubles.c:328:35: note: Same expression on both sides of '/'.
    TEST_ASSERT_DOUBLE_IS_INF(0.0 / d_zero);
                                  ^
external/CMock/vendor/unity/test/tests/test_unity_doubles.c:362:47: style: Same expression on both sides of '/'. [duplicateExpression]
    TEST_ASSERT_DOUBLE_IS_NOT_DETERMINATE(0.0 / d_zero);
                                              ^
external/CMock/vendor/unity/test/tests/self_assessment_utils.h:14:37: note: 'd_zero' is assigned value '0.0' here.
static const UNITY_DOUBLE d_zero = 0.0;
                                    ^
external/CMock/vendor/unity/test/tests/test_unity_doubles.c:362:47: note: Same expression on both sides of '/'.
    TEST_ASSERT_DOUBLE_IS_NOT_DETERMINATE(0.0 / d_zero);
                                              ^
external/CMock/vendor/unity/test/tests/test_unity_doubles.c:524:29: style: Same expression on both sides of '/'. [duplicateExpression]
    double p0[] = {1.0, 0.0 / d_zero, 25.4, 0.253};
                            ^
external/CMock/vendor/unity/test/tests/self_assessment_utils.h:14:37: note: 'd_zero' is assigned value '0.0' here.
static const UNITY_DOUBLE d_zero = 0.0;
                                    ^
external/CMock/vendor/unity/test/tests/test_unity_doubles.c:524:29: note: Same expression on both sides of '/'.
    double p0[] = {1.0, 0.0 / d_zero, 25.4, 0.253};
                            ^
external/CMock/vendor/unity/test/tests/test_unity_doubles.c:525:29: style: Same expression on both sides of '/'. [duplicateExpression]
    double p1[] = {1.0, 0.0 / d_zero, 25.4, 0.253};
                            ^
external/CMock/vendor/unity/test/tests/self_assessment_utils.h:14:37: note: 'd_zero' is assigned value '0.0' here.
static const UNITY_DOUBLE d_zero = 0.0;
                                    ^
external/CMock/vendor/unity/test/tests/test_unity_doubles.c:525:29: note: Same expression on both sides of '/'.
    double p1[] = {1.0, 0.0 / d_zero, 25.4, 0.253};
                            ^
external/CMock/vendor/unity/test/tests/test_unity_doubles.c:671:24: style: Same expression on both sides of '/'. [duplicateExpression]
    double p0[] = {0.0 / d_zero, 0.0 / d_zero, 0.0 / d_zero, 0.0 / d_zero};
                       ^
external/CMock/vendor/unity/test/tests/self_assessment_utils.h:14:37: note: 'd_zero' is assigned value '0.0' here.
static const UNITY_DOUBLE d_zero = 0.0;
                                    ^
external/CMock/vendor/unity/test/tests/test_unity_doubles.c:671:24: note: Same expression on both sides of '/'.
    double p0[] = {0.0 / d_zero, 0.0 / d_zero, 0.0 / d_zero, 0.0 / d_zero};
                       ^
external/CMock/vendor/unity/test/tests/test_unity_doubles.c:673:39: style: Same expression on both sides of '/'. [duplicateExpression]
    TEST_ASSERT_EACH_EQUAL_DOUBLE(0.0 / d_zero, p0, 4);
                                      ^
external/CMock/vendor/unity/test/tests/self_assessment_utils.h:14:37: note: 'd_zero' is assigned value '0.0' here.
static const UNITY_DOUBLE d_zero = 0.0;
                                    ^
external/CMock/vendor/unity/test/tests/test_unity_doubles.c:673:39: note: Same expression on both sides of '/'.
    TEST_ASSERT_EACH_EQUAL_DOUBLE(0.0 / d_zero, p0, 4);
                                      ^
external/CMock/vendor/unity/test/tests/test_unity_floats.c:110:43: style: Same expression on both sides of '/'. [duplicateExpression]
    TEST_ASSERT_EQUAL_FLOAT(85.963f, 0.0f / f_zero);
                                          ^
external/CMock/vendor/unity/test/tests/self_assessment_utils.h:10:36: note: 'f_zero' is assigned value '0.0f' here.
static const UNITY_FLOAT f_zero = 0.0f;
                                   ^
external/CMock/vendor/unity/test/tests/test_unity_floats.c:110:43: note: Same expression on both sides of '/'.
    TEST_ASSERT_EQUAL_FLOAT(85.963f, 0.0f / f_zero);
                                          ^
external/CMock/vendor/unity/test/tests/test_unity_floats.c:121:34: style: Same expression on both sides of '/'. [duplicateExpression]
    TEST_ASSERT_EQUAL_FLOAT(0.0f / f_zero, 85.963f);
                                 ^
external/CMock/vendor/unity/test/tests/self_assessment_utils.h:10:36: note: 'f_zero' is assigned value '0.0f' here.
static const UNITY_FLOAT f_zero = 0.0f;
                                   ^
external/CMock/vendor/unity/test/tests/test_unity_floats.c:121:34: note: Same expression on both sides of '/'.
    TEST_ASSERT_EQUAL_FLOAT(0.0f / f_zero, 85.963f);
                                 ^
external/CMock/vendor/unity/test/tests/test_unity_floats.c:131:34: style: Same expression on both sides of '/'. [duplicateExpression]
    TEST_ASSERT_EQUAL_FLOAT(0.0f / f_zero, 0.0f / f_zero);
                                 ^
external/CMock/vendor/unity/test/tests/self_assessment_utils.h:10:36: note: 'f_zero' is assigned value '0.0f' here.
static const UNITY_FLOAT f_zero = 0.0f;
                                   ^
external/CMock/vendor/unity/test/tests/test_unity_floats.c:131:34: note: Same expression on both sides of '/'.
    TEST_ASSERT_EQUAL_FLOAT(0.0f / f_zero, 0.0f / f_zero);
                                 ^
external/CMock/vendor/unity/test/tests/test_unity_floats.c:141:49: style: Same expression on both sides of '/'. [duplicateExpression]
    TEST_ASSERT_EQUAL_FLOAT(1.0f / f_zero, 0.0f / f_zero);
                                                ^
external/CMock/vendor/unity/test/tests/self_assessment_utils.h:10:36: note: 'f_zero' is assigned value '0.0f' here.
static const UNITY_FLOAT f_zero = 0.0f;
                                   ^
external/CMock/vendor/unity/test/tests/test_unity_floats.c:141:49: note: Same expression on both sides of '/'.
    TEST_ASSERT_EQUAL_FLOAT(1.0f / f_zero, 0.0f / f_zero);
                                                ^
external/CMock/vendor/unity/test/tests/test_unity_floats.c:152:34: style: Same expression on both sides of '/'. [duplicateExpression]
    TEST_ASSERT_EQUAL_FLOAT(0.0f / f_zero, 1.0f / f_zero);
                                 ^
external/CMock/vendor/unity/test/tests/self_assessment_utils.h:10:36: note: 'f_zero' is assigned value '0.0f' here.
static const UNITY_FLOAT f_zero = 0.0f;
                                   ^
external/CMock/vendor/unity/test/tests/test_unity_floats.c:152:34: note: Same expression on both sides of '/'.
    TEST_ASSERT_EQUAL_FLOAT(0.0f / f_zero, 1.0f / f_zero);
                                 ^
external/CMock/vendor/unity/test/tests/test_unity_floats.c:275:35: style: Same expression on both sides of '/'. [duplicateExpression]
    TEST_ASSERT_FLOAT_IS_NAN(0.0f / f_zero);
                                  ^
external/CMock/vendor/unity/test/tests/self_assessment_utils.h:10:36: note: 'f_zero' is assigned value '0.0f' here.
static const UNITY_FLOAT f_zero = 0.0f;
                                   ^
external/CMock/vendor/unity/test/tests/test_unity_floats.c:275:35: note: Same expression on both sides of '/'.
    TEST_ASSERT_FLOAT_IS_NAN(0.0f / f_zero);
                                  ^
external/CMock/vendor/unity/test/tests/test_unity_floats.c:285:39: style: Same expression on both sides of '/'. [duplicateExpression]
    TEST_ASSERT_FLOAT_IS_NOT_NAN(0.0f / f_zero);
                                      ^
external/CMock/vendor/unity/test/tests/self_assessment_utils.h:10:36: note: 'f_zero' is assigned value '0.0f' here.
static const UNITY_FLOAT f_zero = 0.0f;
                                   ^
external/CMock/vendor/unity/test/tests/test_unity_floats.c:285:39: note: Same expression on both sides of '/'.
    TEST_ASSERT_FLOAT_IS_NOT_NAN(0.0f / f_zero);
                                      ^
external/CMock/vendor/unity/test/tests/test_unity_floats.c:327:35: style: Same expression on both sides of '/'. [duplicateExpression]
    TEST_ASSERT_FLOAT_IS_INF(0.0f / f_zero);
                                  ^
external/CMock/vendor/unity/test/tests/self_assessment_utils.h:10:36: note: 'f_zero' is assigned value '0.0f' here.
static const UNITY_FLOAT f_zero = 0.0f;
                                   ^
external/CMock/vendor/unity/test/tests/test_unity_floats.c:327:35: note: Same expression on both sides of '/'.
    TEST_ASSERT_FLOAT_IS_INF(0.0f / f_zero);
                                  ^
external/CMock/vendor/unity/test/tests/test_unity_floats.c:361:47: style: Same expression on both sides of '/'. [duplicateExpression]
    TEST_ASSERT_FLOAT_IS_NOT_DETERMINATE(0.0f / f_zero);
                                              ^
external/CMock/vendor/unity/test/tests/self_assessment_utils.h:10:36: note: 'f_zero' is assigned value '0.0f' here.
static const UNITY_FLOAT f_zero = 0.0f;
                                   ^
external/CMock/vendor/unity/test/tests/test_unity_floats.c:361:47: note: Same expression on both sides of '/'.
    TEST_ASSERT_FLOAT_IS_NOT_DETERMINATE(0.0f / f_zero);
                                              ^
external/CMock/vendor/unity/test/tests/test_unity_floats.c:523:30: style: Same expression on both sides of '/'. [duplicateExpression]
    float p0[] = {1.0f, 0.0f / f_zero, 25.4f, 0.253f};
                             ^
external/CMock/vendor/unity/test/tests/self_assessment_utils.h:10:36: note: 'f_zero' is assigned value '0.0f' here.
static const UNITY_FLOAT f_zero = 0.0f;
                                   ^
external/CMock/vendor/unity/test/tests/test_unity_floats.c:523:30: note: Same expression on both sides of '/'.
    float p0[] = {1.0f, 0.0f / f_zero, 25.4f, 0.253f};
                             ^
external/CMock/vendor/unity/test/tests/test_unity_floats.c:524:30: style: Same expression on both sides of '/'. [duplicateExpression]
    float p1[] = {1.0f, 0.0f / f_zero, 25.4f, 0.253f};
                             ^
external/CMock/vendor/unity/test/tests/self_assessment_utils.h:10:36: note: 'f_zero' is assigned value '0.0f' here.
static const UNITY_FLOAT f_zero = 0.0f;
                                   ^
external/CMock/vendor/unity/test/tests/test_unity_floats.c:524:30: note: Same expression on both sides of '/'.
    float p1[] = {1.0f, 0.0f / f_zero, 25.4f, 0.253f};
                             ^
external/CMock/vendor/unity/test/tests/test_unity_floats.c:670:24: style: Same expression on both sides of '/'. [duplicateExpression]
    float p0[] = {0.0f / f_zero, 0.0f / f_zero, 0.0f / f_zero, 0.0f / f_zero};
                       ^
external/CMock/vendor/unity/test/tests/self_assessment_utils.h:10:36: note: 'f_zero' is assigned value '0.0f' here.
static const UNITY_FLOAT f_zero = 0.0f;
                                   ^
external/CMock/vendor/unity/test/tests/test_unity_floats.c:670:24: note: Same expression on both sides of '/'.
    float p0[] = {0.0f / f_zero, 0.0f / f_zero, 0.0f / f_zero, 0.0f / f_zero};
                       ^
external/CMock/vendor/unity/test/tests/test_unity_floats.c:672:39: style: Same expression on both sides of '/'. [duplicateExpression]
    TEST_ASSERT_EACH_EQUAL_FLOAT(0.0f / f_zero, p0, 4);
                                      ^
external/CMock/vendor/unity/test/tests/self_assessment_utils.h:10:36: note: 'f_zero' is assigned value '0.0f' here.
static const UNITY_FLOAT f_zero = 0.0f;
                                   ^
external/CMock/vendor/unity/test/tests/test_unity_floats.c:672:39: note: Same expression on both sides of '/'.
    TEST_ASSERT_EACH_EQUAL_FLOAT(0.0f / f_zero, p0, 4);
                                      ^
external/CMock/vendor/unity/test/tests/test_unity_floats.c:870:17: style: Variable 'u.int_value' is reassigned a value before the old one has been used. [redundantAssignment]
    u.int_value = 0x7fffffff; printFloatValue(u.f_value);
                ^
external/CMock/vendor/unity/test/tests/test_unity_floats.c:869:17: note: u.int_value is assigned
    u.int_value = 0x80000000; printFloatValue(u.f_value);
                ^
external/CMock/vendor/unity/test/tests/test_unity_floats.c:870:17: note: u.int_value is overwritten
    u.int_value = 0x7fffffff; printFloatValue(u.f_value);
                ^
external/CMock/vendor/unity/test/tests/test_unity_floats.c:871:17: style: Variable 'u.int_value' is reassigned a value before the old one has been used. [redundantAssignment]
    u.int_value = 0xffffffff; printFloatValue(u.f_value);
                ^
external/CMock/vendor/unity/test/tests/test_unity_floats.c:870:17: note: u.int_value is assigned
    u.int_value = 0x7fffffff; printFloatValue(u.f_value);
                ^
external/CMock/vendor/unity/test/tests/test_unity_floats.c:871:17: note: u.int_value is overwritten
    u.int_value = 0xffffffff; printFloatValue(u.f_value);
                ^
external/CMock/vendor/unity/test/tests/test_unity_floats.c:881:21: style: Variable 'u.int_value' is reassigned a value before the old one has been used. [redundantAssignment]
        u.int_value = a | 0x80000000; printFloatValue(u.f_value);
                    ^
external/CMock/vendor/unity/test/tests/test_unity_floats.c:880:21: note: u.int_value is assigned
        u.int_value = a;              printFloatValue(u.f_value);
                    ^
external/CMock/vendor/unity/test/tests/test_unity_floats.c:881:21: note: u.int_value is overwritten
        u.int_value = a | 0x80000000; printFloatValue(u.f_value);
                    ^
external/CMock/vendor/unity/test/tests/test_unity_floats.c:776:5: style: Same expression on both sides of '/'. [duplicateExpression]
    TEST_ASSERT_EQUAL_PRINT_FLOATING("nan",   0.0f / f_zero);
    ^
external/CMock/vendor/unity/test/tests/self_assessment_utils.h:10:36: note: 'f_zero' is assigned value '0.0f' here.
static const UNITY_FLOAT f_zero = 0.0f;
                                   ^
external/CMock/vendor/unity/test/tests/test_unity_floats.c:776:5: note: Same expression on both sides of '/'.
    TEST_ASSERT_EQUAL_PRINT_FLOATING("nan",   0.0f / f_zero);
    ^
external/Unity/extras/bdd/test/test_bdd.c:44:32: style: Condition 'accountBalance>=withdrawalAmount' is always true [knownConditionTrueFalse]
            if (accountBalance >= withdrawalAmount)
                               ^
external/Unity/extras/bdd/test/test_bdd.c:38:35: note: Assignment 'accountBalance=500.0', assigned value is 500.0
        float accountBalance = 500.0;
                                  ^
external/Unity/extras/bdd/test/test_bdd.c:44:32: note: Condition 'accountBalance>=withdrawalAmount' is always true
            if (accountBalance >= withdrawalAmount)
                               ^
external/Unity/extras/fixture/src/unity_fixture.c:221:0: information: Skipping configuration 'UNITY_CUSTOM_HELP_MSG' since the value of 'UNITY_CUSTOM_HELP_MSG' is unknown. Use -D if you want to check it. You can use -U to skip it explicitly. [ConfigurationNotChecked]
            UnityPrint(UNITY_CUSTOM_HELP_MSG);
^
external/Unity/extras/memory/src/unity_memory.c:104:5: error: Memory leak: guard [memleak]
    return (void*)mem;
    ^
external/Unity/extras/memory/src/unity_memory.h:38:0: information: Skipping configuration 'UNITY_FREE;UNITY_MALLOC' since the value of 'UNITY_FREE' is unknown. Use -D if you want to check it. You can use -U to skip it explicitly. [ConfigurationNotChecked]
    extern void UNITY_FREE(void* ptr);
^
external/Unity/extras/memory/src/unity_memory.c:134:0: information: Skipping configuration 'UNITY_FREE;UNITY_MALLOC' since the value of 'UNITY_FREE' is unknown. Use -D if you want to check it. You can use -U to skip it explicitly. [ConfigurationNotChecked]
    UNITY_FREE(guard);
^
external/Unity/extras/memory/src/unity_memory.h:37:0: information: Skipping configuration 'UNITY_FREE;UNITY_MALLOC' since the value of 'UNITY_MALLOC' is unknown. Use -D if you want to check it. You can use -U to skip it explicitly. [ConfigurationNotChecked]
    extern void* UNITY_MALLOC(size_t size);
^
external/Unity/extras/memory/src/unity_memory.c:95:0: information: Skipping configuration 'UNITY_FREE;UNITY_MALLOC' since the value of 'UNITY_MALLOC' is unknown. Use -D if you want to check it. You can use -U to skip it explicitly. [ConfigurationNotChecked]
    guard = (Guard*)UNITY_MALLOC(total_size);
^
external/Unity/src/unity.c:0:0: information: Too many #ifdef configurations - cppcheck only checks 12 of 52 configurations. Use --force to check all configurations. [toomanyconfigs]

^
external/Unity/src/unity.c:274:9: style: The scope of the variable 'nibble' can be reduced. [variableScope]
    int nibble;
        ^
external/Unity/src/unity.c:1595:18: style: The scope of the variable 'i' can be reduced. [variableScope]
    UNITY_UINT32 i;
                 ^
external/Unity/src/unity.c:1635:18: style: The scope of the variable 'i' can be reduced. [variableScope]
    UNITY_UINT32 i;
                 ^
external/Unity/src/unity.c:1056:58: style:inconclusive: Function 'UnityAssertGreaterOrLessFloat' argument 5 names different: declaration 'linenumber' definition 'lineNumber'. [funcArgNamesDifferent]
                                   const UNITY_LINE_TYPE lineNumber)
                                                         ^
external/Unity/src/unity_internals.h:692:58: note: Function 'UnityAssertGreaterOrLessFloat' argument 5 names different: declaration 'linenumber' definition 'lineNumber'.
                                   const UNITY_LINE_TYPE linenumber);
                                                         ^
external/Unity/src/unity.c:1056:58: note: Function 'UnityAssertGreaterOrLessFloat' argument 5 names different: declaration 'linenumber' definition 'lineNumber'.
                                   const UNITY_LINE_TYPE lineNumber)
                                                         ^
external/Unity/src/unity.c:2123:28: style:inconclusive: Function 'UnityFail' argument 1 names different: declaration 'message' definition 'msg'. [funcArgNamesDifferent]
void UnityFail(const char* msg, const UNITY_LINE_TYPE line)
                           ^
external/Unity/src/unity_internals.h:666:43: note: Function 'UnityFail' argument 1 names different: declaration 'message' definition 'msg'.
UNITY_NORETURN void UnityFail(const char* message, const UNITY_LINE_TYPE line);
                                          ^
external/Unity/src/unity.c:2123:28: note: Function 'UnityFail' argument 1 names different: declaration 'message' definition 'msg'.
void UnityFail(const char* msg, const UNITY_LINE_TYPE line)
                           ^
external/Unity/src/unity.c:2160:30: style:inconclusive: Function 'UnityIgnore' argument 1 names different: declaration 'message' definition 'msg'. [funcArgNamesDifferent]
void UnityIgnore(const char* msg, const UNITY_LINE_TYPE line)
                             ^
external/Unity/src/unity_internals.h:667:45: note: Function 'UnityIgnore' argument 1 names different: declaration 'message' definition 'msg'.
UNITY_NORETURN void UnityIgnore(const char* message, const UNITY_LINE_TYPE line);
                                            ^
external/Unity/src/unity.c:2160:30: note: Function 'UnityIgnore' argument 1 names different: declaration 'message' definition 'msg'.
void UnityIgnore(const char* msg, const UNITY_LINE_TYPE line)
                             ^
external/Unity/src/unity.c:2176:31: style:inconclusive: Function 'UnityMessage' argument 1 names different: declaration 'message' definition 'msg'. [funcArgNamesDifferent]
void UnityMessage(const char* msg, const UNITY_LINE_TYPE line)
                              ^
external/Unity/src/unity_internals.h:673:31: note: Function 'UnityMessage' argument 1 names different: declaration 'message' definition 'msg'.
void UnityMessage(const char* message, const UNITY_LINE_TYPE line);
                              ^
external/Unity/src/unity.c:2176:31: note: Function 'UnityMessage' argument 1 names different: declaration 'message' definition 'msg'.
void UnityMessage(const char* msg, const UNITY_LINE_TYPE line)
                              ^
external/Unity/src/unity.c:944:39: style: Variable 'current_element_delta' is assigned a value that is never used. [unreadVariable]
    UNITY_FLOAT current_element_delta = delta;
                                      ^
external/Unity/src/unity.c:1676:20: style: Variable 'i' is assigned a value that is never used. [unreadVariable]
    UNITY_UINT32 i = 0;
                   ^
external/Unity/src/unity.c:2198:0: information: Skipping configuration 'UNITY_CLOCK_MS;UNITY_EXEC_TIME_START;UNITY_EXEC_TIME_STOP;UNITY_PRINT_EXEC_TIME;UNITY_TIME_TYPE;UNITY_INCLUDE_EXEC_TIME' since the value of 'UNITY_EXEC_TIME_START' is unknown. Use -D if you want to check it. You can use -U to skip it explicitly. [ConfigurationNotChecked]
    UNITY_EXEC_TIME_START();
^
external/Unity/src/unity.c:2208:0: information: Skipping configuration 'UNITY_CLOCK_MS;UNITY_EXEC_TIME_START;UNITY_EXEC_TIME_STOP;UNITY_PRINT_EXEC_TIME;UNITY_TIME_TYPE;UNITY_INCLUDE_EXEC_TIME' since the value of 'UNITY_EXEC_TIME_STOP' is unknown. Use -D if you want to check it. You can use -U to skip it explicitly. [ConfigurationNotChecked]
    UNITY_EXEC_TIME_STOP();
^
external/Unity/src/unity.c:563:0: information: Skipping configuration 'UNITY_CLOCK_MS;UNITY_EXEC_TIME_START;UNITY_EXEC_TIME_STOP;UNITY_PRINT_EXEC_TIME;UNITY_TIME_TYPE;UNITY_INCLUDE_EXEC_TIME' since the value of 'UNITY_PRINT_EXEC_TIME' is unknown. Use -D if you want to check it. You can use -U to skip it explicitly. [ConfigurationNotChecked]
    UNITY_PRINT_EXEC_TIME();
^
external/Unity/src/unity_internals.h:516:0: information: Skipping configuration 'UNITY_CLOCK_MS;UNITY_EXEC_TIME_START;UNITY_EXEC_TIME_STOP;UNITY_PRINT_EXEC_TIME;UNITY_TIME_TYPE;UNITY_INCLUDE_EXEC_TIME' since the value of 'UNITY_TIME_TYPE' is unknown. Use -D if you want to check it. You can use -U to skip it explicitly. [ConfigurationNotChecked]
    UNITY_TIME_TYPE CurrentTestStartTime;
^
external/Unity/src/unity_internals.h:517:0: information: Skipping configuration 'UNITY_CLOCK_MS;UNITY_EXEC_TIME_START;UNITY_EXEC_TIME_STOP;UNITY_PRINT_EXEC_TIME;UNITY_TIME_TYPE;UNITY_INCLUDE_EXEC_TIME' since the value of 'UNITY_TIME_TYPE' is unknown. Use -D if you want to check it. You can use -U to skip it explicitly. [ConfigurationNotChecked]
    UNITY_TIME_TYPE CurrentTestStopTime;
^
external/Unity/test/testdata/testRunnerGenerator.c:142:1: error: There is an unknown macro here somewhere. Configuration is required. If TEST_CASE is a macro then please configure it. [unknownMacro]
TEST_CASE(25)
^
external/Unity/test/testdata/testRunnerGeneratorWithMocks.c:140:1: error: There is an unknown macro here somewhere. Configuration is required. If TEST_CASE is a macro then please configure it. [unknownMacro]
TEST_CASE(25)
^
external/Unity/test/tests/test_unity_core.c:66:21: style: struct member 'Anonymous0::TestFile' is never used. [unusedStructMember]
        const char* TestFile;
                    ^
external/Unity/test/tests/test_unity_core.c:68:21: style: struct member 'Anonymous0::CurrentDetails1' is never used. [unusedStructMember]
        const char* CurrentDetails1;
                    ^
external/Unity/test/tests/test_unity_core.c:69:21: style: struct member 'Anonymous0::CurrentDetails2' is never used. [unusedStructMember]
        const char* CurrentDetails2;
                    ^
external/Unity/test/tests/test_unity_core.c:81:17: style: struct member 'Anonymous0::AbortFrame' is never used. [unusedStructMember]
        jmp_buf AbortFrame;
                ^
external/Unity/test/tests/test_unity_core.c:48:21: style: struct member 'Anonymous0::TestFile' is never used. [unusedStructMember]
        const char* TestFile;
                    ^
external/Unity/test/tests/test_unity_core.c:61:17: style: struct member 'Anonymous0::AbortFrame' is never used. [unusedStructMember]
        jmp_buf AbortFrame;
                ^
external/Unity/test/tests/test_unity_doubles.c:126:46: style: Same expression on both sides of '/'. [duplicateExpression]
    TEST_ASSERT_NOT_EQUAL_DOUBLE(85.963, 0.0 / d_zero);
                                             ^
external/Unity/test/tests/self_assessment_utils.h:14:37: note: 'd_zero' is assigned value '0.0' here.
static const UNITY_DOUBLE d_zero = 0.0;
                                    ^
external/Unity/test/tests/test_unity_doubles.c:126:46: note: Same expression on both sides of '/'.
    TEST_ASSERT_NOT_EQUAL_DOUBLE(85.963, 0.0 / d_zero);
                                             ^
external/Unity/test/tests/test_unity_doubles.c:129:42: style: Same expression on both sides of '/'. [duplicateExpression]
    TEST_ASSERT_EQUAL_DOUBLE(85.963, 0.0 / d_zero);
                                         ^
external/Unity/test/tests/self_assessment_utils.h:14:37: note: 'd_zero' is assigned value '0.0' here.
static const UNITY_DOUBLE d_zero = 0.0;
                                    ^
external/Unity/test/tests/test_unity_doubles.c:129:42: note: Same expression on both sides of '/'.
    TEST_ASSERT_EQUAL_DOUBLE(85.963, 0.0 / d_zero);
                                         ^
external/Unity/test/tests/test_unity_doubles.c:139:38: style: Same expression on both sides of '/'. [duplicateExpression]
    TEST_ASSERT_NOT_EQUAL_DOUBLE(0.0 / d_zero, 85.963);
                                     ^
external/Unity/test/tests/self_assessment_utils.h:14:37: note: 'd_zero' is assigned value '0.0' here.
static const UNITY_DOUBLE d_zero = 0.0;
                                    ^
external/Unity/test/tests/test_unity_doubles.c:139:38: note: Same expression on both sides of '/'.
    TEST_ASSERT_NOT_EQUAL_DOUBLE(0.0 / d_zero, 85.963);
                                     ^
external/Unity/test/tests/test_unity_doubles.c:142:34: style: Same expression on both sides of '/'. [duplicateExpression]
    TEST_ASSERT_EQUAL_DOUBLE(0.0 / d_zero, 85.963);
                                 ^
external/Unity/test/tests/self_assessment_utils.h:14:37: note: 'd_zero' is assigned value '0.0' here.
static const UNITY_DOUBLE d_zero = 0.0;
                                    ^
external/Unity/test/tests/test_unity_doubles.c:142:34: note: Same expression on both sides of '/'.
    TEST_ASSERT_EQUAL_DOUBLE(0.0 / d_zero, 85.963);
                                 ^
external/Unity/test/tests/test_unity_doubles.c:152:34: style: Same expression on both sides of '/'. [duplicateExpression]
    TEST_ASSERT_EQUAL_DOUBLE(0.0 / d_zero, 0.0 / d_zero);
                                 ^
external/Unity/test/tests/self_assessment_utils.h:14:37: note: 'd_zero' is assigned value '0.0' here.
static const UNITY_DOUBLE d_zero = 0.0;
                                    ^
external/Unity/test/tests/test_unity_doubles.c:152:34: note: Same expression on both sides of '/'.
    TEST_ASSERT_EQUAL_DOUBLE(0.0 / d_zero, 0.0 / d_zero);
                                 ^
external/Unity/test/tests/test_unity_doubles.c:155:38: style: Same expression on both sides of '/'. [duplicateExpression]
    TEST_ASSERT_NOT_EQUAL_DOUBLE(0.0 / d_zero, 0.0 / d_zero);
                                     ^
external/Unity/test/tests/self_assessment_utils.h:14:37: note: 'd_zero' is assigned value '0.0' here.
static const UNITY_DOUBLE d_zero = 0.0;
                                    ^
external/Unity/test/tests/test_unity_doubles.c:155:38: note: Same expression on both sides of '/'.
    TEST_ASSERT_NOT_EQUAL_DOUBLE(0.0 / d_zero, 0.0 / d_zero);
                                     ^
external/Unity/test/tests/test_unity_doubles.c:165:52: style: Same expression on both sides of '/'. [duplicateExpression]
    TEST_ASSERT_NOT_EQUAL_DOUBLE(1.0 / d_zero, 0.0 / d_zero);
                                                   ^
external/Unity/test/tests/self_assessment_utils.h:14:37: note: 'd_zero' is assigned value '0.0' here.
static const UNITY_DOUBLE d_zero = 0.0;
                                    ^
external/Unity/test/tests/test_unity_doubles.c:165:52: note: Same expression on both sides of '/'.
    TEST_ASSERT_NOT_EQUAL_DOUBLE(1.0 / d_zero, 0.0 / d_zero);
                                                   ^
external/Unity/test/tests/test_unity_doubles.c:168:48: style: Same expression on both sides of '/'. [duplicateExpression]
    TEST_ASSERT_EQUAL_DOUBLE(1.0 / d_zero, 0.0 / d_zero);
                                               ^
external/Unity/test/tests/self_assessment_utils.h:14:37: note: 'd_zero' is assigned value '0.0' here.
static const UNITY_DOUBLE d_zero = 0.0;
                                    ^
external/Unity/test/tests/test_unity_doubles.c:168:48: note: Same expression on both sides of '/'.
    TEST_ASSERT_EQUAL_DOUBLE(1.0 / d_zero, 0.0 / d_zero);
                                               ^
external/Unity/test/tests/test_unity_doubles.c:178:38: style: Same expression on both sides of '/'. [duplicateExpression]
    TEST_ASSERT_NOT_EQUAL_DOUBLE(0.0 / d_zero, 1.0 / d_zero);
                                     ^
external/Unity/test/tests/self_assessment_utils.h:14:37: note: 'd_zero' is assigned value '0.0' here.
static const UNITY_DOUBLE d_zero = 0.0;
                                    ^
external/Unity/test/tests/test_unity_doubles.c:178:38: note: Same expression on both sides of '/'.
    TEST_ASSERT_NOT_EQUAL_DOUBLE(0.0 / d_zero, 1.0 / d_zero);
                                     ^
external/Unity/test/tests/test_unity_doubles.c:181:34: style: Same expression on both sides of '/'. [duplicateExpression]
    TEST_ASSERT_EQUAL_DOUBLE(0.0 / d_zero, 1.0 / d_zero);
                                 ^
external/Unity/test/tests/self_assessment_utils.h:14:37: note: 'd_zero' is assigned value '0.0' here.
static const UNITY_DOUBLE d_zero = 0.0;
                                    ^
external/Unity/test/tests/test_unity_doubles.c:181:34: note: Same expression on both sides of '/'.
    TEST_ASSERT_EQUAL_DOUBLE(0.0 / d_zero, 1.0 / d_zero);
                                 ^
external/Unity/test/tests/test_unity_doubles.c:277:46: style: Same expression on both sides of '/'. [duplicateExpression]
    TEST_ASSERT_GREATER_THAN_DOUBLE(1.0, 0.0 / d_zero);
                                             ^
external/Unity/test/tests/self_assessment_utils.h:14:37: note: 'd_zero' is assigned value '0.0' here.
static const UNITY_DOUBLE d_zero = 0.0;
                                    ^
external/Unity/test/tests/test_unity_doubles.c:277:46: note: Same expression on both sides of '/'.
    TEST_ASSERT_GREATER_THAN_DOUBLE(1.0, 0.0 / d_zero);
                                             ^
external/Unity/test/tests/test_unity_doubles.c:288:41: style: Same expression on both sides of '/'. [duplicateExpression]
    TEST_ASSERT_GREATER_THAN_DOUBLE(0.0 / d_zero, 1.0);
                                        ^
external/Unity/test/tests/self_assessment_utils.h:14:37: note: 'd_zero' is assigned value '0.0' here.
static const UNITY_DOUBLE d_zero = 0.0;
                                    ^
external/Unity/test/tests/test_unity_doubles.c:288:41: note: Same expression on both sides of '/'.
    TEST_ASSERT_GREATER_THAN_DOUBLE(0.0 / d_zero, 1.0);
                                        ^
external/Unity/test/tests/test_unity_doubles.c:299:41: style: Same expression on both sides of '/'. [duplicateExpression]
    TEST_ASSERT_GREATER_THAN_DOUBLE(0.0 / d_zero, 0.0 / d_zero);
                                        ^
external/Unity/test/tests/self_assessment_utils.h:14:37: note: 'd_zero' is assigned value '0.0' here.
static const UNITY_DOUBLE d_zero = 0.0;
                                    ^
external/Unity/test/tests/test_unity_doubles.c:299:41: note: Same expression on both sides of '/'.
    TEST_ASSERT_GREATER_THAN_DOUBLE(0.0 / d_zero, 0.0 / d_zero);
                                        ^
external/Unity/test/tests/test_unity_doubles.c:389:50: style: Same expression on both sides of '/'. [duplicateExpression]
    TEST_ASSERT_GREATER_OR_EQUAL_DOUBLE(1.0, 0.0 / d_zero);
                                                 ^
external/Unity/test/tests/self_assessment_utils.h:14:37: note: 'd_zero' is assigned value '0.0' here.
static const UNITY_DOUBLE d_zero = 0.0;
                                    ^
external/Unity/test/tests/test_unity_doubles.c:389:50: note: Same expression on both sides of '/'.
    TEST_ASSERT_GREATER_OR_EQUAL_DOUBLE(1.0, 0.0 / d_zero);
                                                 ^
external/Unity/test/tests/test_unity_doubles.c:400:45: style: Same expression on both sides of '/'. [duplicateExpression]
    TEST_ASSERT_GREATER_OR_EQUAL_DOUBLE(0.0 / d_zero, 1.0);
                                            ^
external/Unity/test/tests/self_assessment_utils.h:14:37: note: 'd_zero' is assigned value '0.0' here.
static const UNITY_DOUBLE d_zero = 0.0;
                                    ^
external/Unity/test/tests/test_unity_doubles.c:400:45: note: Same expression on both sides of '/'.
    TEST_ASSERT_GREATER_OR_EQUAL_DOUBLE(0.0 / d_zero, 1.0);
                                            ^
external/Unity/test/tests/test_unity_doubles.c:410:45: style: Same expression on both sides of '/'. [duplicateExpression]
    TEST_ASSERT_GREATER_OR_EQUAL_DOUBLE(0.0 / d_zero, 0.0 / d_zero);
                                            ^
external/Unity/test/tests/self_assessment_utils.h:14:37: note: 'd_zero' is assigned value '0.0' here.
static const UNITY_DOUBLE d_zero = 0.0;
                                    ^
external/Unity/test/tests/test_unity_doubles.c:410:45: note: Same expression on both sides of '/'.
    TEST_ASSERT_GREATER_OR_EQUAL_DOUBLE(0.0 / d_zero, 0.0 / d_zero);
                                            ^
external/Unity/test/tests/test_unity_doubles.c:493:43: style: Same expression on both sides of '/'. [duplicateExpression]
    TEST_ASSERT_LESS_THAN_DOUBLE(1.0, 0.0 / d_zero);
                                          ^
external/Unity/test/tests/self_assessment_utils.h:14:37: note: 'd_zero' is assigned value '0.0' here.
static const UNITY_DOUBLE d_zero = 0.0;
                                    ^
external/Unity/test/tests/test_unity_doubles.c:493:43: note: Same expression on both sides of '/'.
    TEST_ASSERT_LESS_THAN_DOUBLE(1.0, 0.0 / d_zero);
                                          ^
external/Unity/test/tests/test_unity_doubles.c:504:38: style: Same expression on both sides of '/'. [duplicateExpression]
    TEST_ASSERT_LESS_THAN_DOUBLE(0.0 / d_zero, 1.0);
                                     ^
external/Unity/test/tests/self_assessment_utils.h:14:37: note: 'd_zero' is assigned value '0.0' here.
static const UNITY_DOUBLE d_zero = 0.0;
                                    ^
external/Unity/test/tests/test_unity_doubles.c:504:38: note: Same expression on both sides of '/'.
    TEST_ASSERT_LESS_THAN_DOUBLE(0.0 / d_zero, 1.0);
                                     ^
external/Unity/test/tests/test_unity_doubles.c:515:38: style: Same expression on both sides of '/'. [duplicateExpression]
    TEST_ASSERT_LESS_THAN_DOUBLE(0.0 / d_zero, 0.0 / d_zero);
                                     ^
external/Unity/test/tests/self_assessment_utils.h:14:37: note: 'd_zero' is assigned value '0.0' here.
static const UNITY_DOUBLE d_zero = 0.0;
                                    ^
external/Unity/test/tests/test_unity_doubles.c:515:38: note: Same expression on both sides of '/'.
    TEST_ASSERT_LESS_THAN_DOUBLE(0.0 / d_zero, 0.0 / d_zero);
                                     ^
external/Unity/test/tests/test_unity_doubles.c:605:47: style: Same expression on both sides of '/'. [duplicateExpression]
    TEST_ASSERT_LESS_OR_EQUAL_DOUBLE(1.0, 0.0 / d_zero);
                                              ^
external/Unity/test/tests/self_assessment_utils.h:14:37: note: 'd_zero' is assigned value '0.0' here.
static const UNITY_DOUBLE d_zero = 0.0;
                                    ^
external/Unity/test/tests/test_unity_doubles.c:605:47: note: Same expression on both sides of '/'.
    TEST_ASSERT_LESS_OR_EQUAL_DOUBLE(1.0, 0.0 / d_zero);
                                              ^
external/Unity/test/tests/test_unity_doubles.c:616:42: style: Same expression on both sides of '/'. [duplicateExpression]
    TEST_ASSERT_LESS_OR_EQUAL_DOUBLE(0.0 / d_zero, 1.0);
                                         ^
external/Unity/test/tests/self_assessment_utils.h:14:37: note: 'd_zero' is assigned value '0.0' here.
static const UNITY_DOUBLE d_zero = 0.0;
                                    ^
external/Unity/test/tests/test_unity_doubles.c:616:42: note: Same expression on both sides of '/'.
    TEST_ASSERT_LESS_OR_EQUAL_DOUBLE(0.0 / d_zero, 1.0);
                                         ^
external/Unity/test/tests/test_unity_doubles.c:626:42: style: Same expression on both sides of '/'. [duplicateExpression]
    TEST_ASSERT_LESS_OR_EQUAL_DOUBLE(0.0 / d_zero, 0.0 / d_zero);
                                         ^
external/Unity/test/tests/self_assessment_utils.h:14:37: note: 'd_zero' is assigned value '0.0' here.
static const UNITY_DOUBLE d_zero = 0.0;
                                    ^
external/Unity/test/tests/test_unity_doubles.c:626:42: note: Same expression on both sides of '/'.
    TEST_ASSERT_LESS_OR_EQUAL_DOUBLE(0.0 / d_zero, 0.0 / d_zero);
                                         ^
external/Unity/test/tests/test_unity_doubles.c:746:35: style: Same expression on both sides of '/'. [duplicateExpression]
    TEST_ASSERT_DOUBLE_IS_NAN(0.0 / d_zero);
                                  ^
external/Unity/test/tests/self_assessment_utils.h:14:37: note: 'd_zero' is assigned value '0.0' here.
static const UNITY_DOUBLE d_zero = 0.0;
                                    ^
external/Unity/test/tests/test_unity_doubles.c:746:35: note: Same expression on both sides of '/'.
    TEST_ASSERT_DOUBLE_IS_NAN(0.0 / d_zero);
                                  ^
external/Unity/test/tests/test_unity_doubles.c:756:39: style: Same expression on both sides of '/'. [duplicateExpression]
    TEST_ASSERT_DOUBLE_IS_NOT_NAN(0.0 / d_zero);
                                      ^
external/Unity/test/tests/self_assessment_utils.h:14:37: note: 'd_zero' is assigned value '0.0' here.
static const UNITY_DOUBLE d_zero = 0.0;
                                    ^
external/Unity/test/tests/test_unity_doubles.c:756:39: note: Same expression on both sides of '/'.
    TEST_ASSERT_DOUBLE_IS_NOT_NAN(0.0 / d_zero);
                                      ^
external/Unity/test/tests/test_unity_doubles.c:798:35: style: Same expression on both sides of '/'. [duplicateExpression]
    TEST_ASSERT_DOUBLE_IS_INF(0.0 / d_zero);
                                  ^
external/Unity/test/tests/self_assessment_utils.h:14:37: note: 'd_zero' is assigned value '0.0' here.
static const UNITY_DOUBLE d_zero = 0.0;
                                    ^
external/Unity/test/tests/test_unity_doubles.c:798:35: note: Same expression on both sides of '/'.
    TEST_ASSERT_DOUBLE_IS_INF(0.0 / d_zero);
                                  ^
external/Unity/test/tests/test_unity_doubles.c:832:47: style: Same expression on both sides of '/'. [duplicateExpression]
    TEST_ASSERT_DOUBLE_IS_NOT_DETERMINATE(0.0 / d_zero);
                                              ^
external/Unity/test/tests/self_assessment_utils.h:14:37: note: 'd_zero' is assigned value '0.0' here.
static const UNITY_DOUBLE d_zero = 0.0;
                                    ^
external/Unity/test/tests/test_unity_doubles.c:832:47: note: Same expression on both sides of '/'.
    TEST_ASSERT_DOUBLE_IS_NOT_DETERMINATE(0.0 / d_zero);
                                              ^
external/Unity/test/tests/test_unity_doubles.c:994:29: style: Same expression on both sides of '/'. [duplicateExpression]
    double p0[] = {1.0, 0.0 / d_zero, 25.4, 0.253};
                            ^
external/Unity/test/tests/self_assessment_utils.h:14:37: note: 'd_zero' is assigned value '0.0' here.
static const UNITY_DOUBLE d_zero = 0.0;
                                    ^
external/Unity/test/tests/test_unity_doubles.c:994:29: note: Same expression on both sides of '/'.
    double p0[] = {1.0, 0.0 / d_zero, 25.4, 0.253};
                            ^
external/Unity/test/tests/test_unity_doubles.c:995:29: style: Same expression on both sides of '/'. [duplicateExpression]
    double p1[] = {1.0, 0.0 / d_zero, 25.4, 0.253};
                            ^
external/Unity/test/tests/self_assessment_utils.h:14:37: note: 'd_zero' is assigned value '0.0' here.
static const UNITY_DOUBLE d_zero = 0.0;
                                    ^
external/Unity/test/tests/test_unity_doubles.c:995:29: note: Same expression on both sides of '/'.
    double p1[] = {1.0, 0.0 / d_zero, 25.4, 0.253};
                            ^
external/Unity/test/tests/test_unity_doubles.c:1182:24: style: Same expression on both sides of '/'. [duplicateExpression]
    double p0[] = {0.0 / d_zero, 0.0 / d_zero, 0.0 / d_zero, 0.0 / d_zero};
                       ^
external/Unity/test/tests/self_assessment_utils.h:14:37: note: 'd_zero' is assigned value '0.0' here.
static const UNITY_DOUBLE d_zero = 0.0;
                                    ^
external/Unity/test/tests/test_unity_doubles.c:1182:24: note: Same expression on both sides of '/'.
    double p0[] = {0.0 / d_zero, 0.0 / d_zero, 0.0 / d_zero, 0.0 / d_zero};
                       ^
external/Unity/test/tests/test_unity_doubles.c:1184:39: style: Same expression on both sides of '/'. [duplicateExpression]
    TEST_ASSERT_EACH_EQUAL_DOUBLE(0.0 / d_zero, p0, 4);
                                      ^
external/Unity/test/tests/self_assessment_utils.h:14:37: note: 'd_zero' is assigned value '0.0' here.
static const UNITY_DOUBLE d_zero = 0.0;
                                    ^
external/Unity/test/tests/test_unity_doubles.c:1184:39: note: Same expression on both sides of '/'.
    TEST_ASSERT_EACH_EQUAL_DOUBLE(0.0 / d_zero, p0, 4);
                                      ^
external/Unity/test/tests/test_unity_floats.c:125:47: style: Same expression on both sides of '/'. [duplicateExpression]
    TEST_ASSERT_NOT_EQUAL_FLOAT(85.963f, 0.0f / f_zero);
                                              ^
external/Unity/test/tests/self_assessment_utils.h:10:36: note: 'f_zero' is assigned value '0.0f' here.
static const UNITY_FLOAT f_zero = 0.0f;
                                   ^
external/Unity/test/tests/test_unity_floats.c:125:47: note: Same expression on both sides of '/'.
    TEST_ASSERT_NOT_EQUAL_FLOAT(85.963f, 0.0f / f_zero);
                                              ^
external/Unity/test/tests/test_unity_floats.c:128:43: style: Same expression on both sides of '/'. [duplicateExpression]
    TEST_ASSERT_EQUAL_FLOAT(85.963f, 0.0f / f_zero);
                                          ^
external/Unity/test/tests/self_assessment_utils.h:10:36: note: 'f_zero' is assigned value '0.0f' here.
static const UNITY_FLOAT f_zero = 0.0f;
                                   ^
external/Unity/test/tests/test_unity_floats.c:128:43: note: Same expression on both sides of '/'.
    TEST_ASSERT_EQUAL_FLOAT(85.963f, 0.0f / f_zero);
                                          ^
external/Unity/test/tests/test_unity_floats.c:138:38: style: Same expression on both sides of '/'. [duplicateExpression]
    TEST_ASSERT_NOT_EQUAL_FLOAT(0.0f / f_zero, 85.963f);
                                     ^
external/Unity/test/tests/self_assessment_utils.h:10:36: note: 'f_zero' is assigned value '0.0f' here.
static const UNITY_FLOAT f_zero = 0.0f;
                                   ^
external/Unity/test/tests/test_unity_floats.c:138:38: note: Same expression on both sides of '/'.
    TEST_ASSERT_NOT_EQUAL_FLOAT(0.0f / f_zero, 85.963f);
                                     ^
external/Unity/test/tests/test_unity_floats.c:141:34: style: Same expression on both sides of '/'. [duplicateExpression]
    TEST_ASSERT_EQUAL_FLOAT(0.0f / f_zero, 85.963f);
                                 ^
external/Unity/test/tests/self_assessment_utils.h:10:36: note: 'f_zero' is assigned value '0.0f' here.
static const UNITY_FLOAT f_zero = 0.0f;
                                   ^
external/Unity/test/tests/test_unity_floats.c:141:34: note: Same expression on both sides of '/'.
    TEST_ASSERT_EQUAL_FLOAT(0.0f / f_zero, 85.963f);
                                 ^
external/Unity/test/tests/test_unity_floats.c:151:34: style: Same expression on both sides of '/'. [duplicateExpression]
    TEST_ASSERT_EQUAL_FLOAT(0.0f / f_zero, 0.0f / f_zero);
                                 ^
external/Unity/test/tests/self_assessment_utils.h:10:36: note: 'f_zero' is assigned value '0.0f' here.
static const UNITY_FLOAT f_zero = 0.0f;
                                   ^
external/Unity/test/tests/test_unity_floats.c:151:34: note: Same expression on both sides of '/'.
    TEST_ASSERT_EQUAL_FLOAT(0.0f / f_zero, 0.0f / f_zero);
                                 ^
external/Unity/test/tests/test_unity_floats.c:154:38: style: Same expression on both sides of '/'. [duplicateExpression]
    TEST_ASSERT_NOT_EQUAL_FLOAT(0.0f / f_zero, 0.0f / f_zero);
                                     ^
external/Unity/test/tests/self_assessment_utils.h:10:36: note: 'f_zero' is assigned value '0.0f' here.
static const UNITY_FLOAT f_zero = 0.0f;
                                   ^
external/Unity/test/tests/test_unity_floats.c:154:38: note: Same expression on both sides of '/'.
    TEST_ASSERT_NOT_EQUAL_FLOAT(0.0f / f_zero, 0.0f / f_zero);
                                     ^
external/Unity/test/tests/test_unity_floats.c:164:53: style: Same expression on both sides of '/'. [duplicateExpression]
    TEST_ASSERT_NOT_EQUAL_FLOAT(1.0f / f_zero, 0.0f / f_zero);
                                                    ^
external/Unity/test/tests/self_assessment_utils.h:10:36: note: 'f_zero' is assigned value '0.0f' here.
static const UNITY_FLOAT f_zero = 0.0f;
                                   ^
external/Unity/test/tests/test_unity_floats.c:164:53: note: Same expression on both sides of '/'.
    TEST_ASSERT_NOT_EQUAL_FLOAT(1.0f / f_zero, 0.0f / f_zero);
                                                    ^
external/Unity/test/tests/test_unity_floats.c:167:49: style: Same expression on both sides of '/'. [duplicateExpression]
    TEST_ASSERT_EQUAL_FLOAT(1.0f / f_zero, 0.0f / f_zero);
                                                ^
external/Unity/test/tests/self_assessment_utils.h:10:36: note: 'f_zero' is assigned value '0.0f' here.
static const UNITY_FLOAT f_zero = 0.0f;
                                   ^
external/Unity/test/tests/test_unity_floats.c:167:49: note: Same expression on both sides of '/'.
    TEST_ASSERT_EQUAL_FLOAT(1.0f / f_zero, 0.0f / f_zero);
                                                ^
external/Unity/test/tests/test_unity_floats.c:177:38: style: Same expression on both sides of '/'. [duplicateExpression]
    TEST_ASSERT_NOT_EQUAL_FLOAT(0.0f / f_zero, 1.0f / f_zero);
                                     ^
external/Unity/test/tests/self_assessment_utils.h:10:36: note: 'f_zero' is assigned value '0.0f' here.
static const UNITY_FLOAT f_zero = 0.0f;
                                   ^
external/Unity/test/tests/test_unity_floats.c:177:38: note: Same expression on both sides of '/'.
    TEST_ASSERT_NOT_EQUAL_FLOAT(0.0f / f_zero, 1.0f / f_zero);
                                     ^
external/Unity/test/tests/test_unity_floats.c:180:34: style: Same expression on both sides of '/'. [duplicateExpression]
    TEST_ASSERT_EQUAL_FLOAT(0.0f / f_zero, 1.0f / f_zero);
                                 ^
external/Unity/test/tests/self_assessment_utils.h:10:36: note: 'f_zero' is assigned value '0.0f' here.
static const UNITY_FLOAT f_zero = 0.0f;
                                   ^
external/Unity/test/tests/test_unity_floats.c:180:34: note: Same expression on both sides of '/'.
    TEST_ASSERT_EQUAL_FLOAT(0.0f / f_zero, 1.0f / f_zero);
                                 ^
external/Unity/test/tests/test_unity_floats.c:276:47: style: Same expression on both sides of '/'. [duplicateExpression]
    TEST_ASSERT_GREATER_THAN_FLOAT(1.0f, 0.0f / f_zero);
                                              ^
external/Unity/test/tests/self_assessment_utils.h:10:36: note: 'f_zero' is assigned value '0.0f' here.
static const UNITY_FLOAT f_zero = 0.0f;
                                   ^
external/Unity/test/tests/test_unity_floats.c:276:47: note: Same expression on both sides of '/'.
    TEST_ASSERT_GREATER_THAN_FLOAT(1.0f, 0.0f / f_zero);
                                              ^
external/Unity/test/tests/test_unity_floats.c:287:41: style: Same expression on both sides of '/'. [duplicateExpression]
    TEST_ASSERT_GREATER_THAN_FLOAT(0.0f / f_zero, 1.0f);
                                        ^
external/Unity/test/tests/self_assessment_utils.h:10:36: note: 'f_zero' is assigned value '0.0f' here.
static const UNITY_FLOAT f_zero = 0.0f;
                                   ^
external/Unity/test/tests/test_unity_floats.c:287:41: note: Same expression on both sides of '/'.
    TEST_ASSERT_GREATER_THAN_FLOAT(0.0f / f_zero, 1.0f);
                                        ^
external/Unity/test/tests/test_unity_floats.c:298:41: style: Same expression on both sides of '/'. [duplicateExpression]
    TEST_ASSERT_GREATER_THAN_FLOAT(0.0f / f_zero, 0.0f / f_zero);
                                        ^
external/Unity/test/tests/self_assessment_utils.h:10:36: note: 'f_zero' is assigned value '0.0f' here.
static const UNITY_FLOAT f_zero = 0.0f;
                                   ^
external/Unity/test/tests/test_unity_floats.c:298:41: note: Same expression on both sides of '/'.
    TEST_ASSERT_GREATER_THAN_FLOAT(0.0f / f_zero, 0.0f / f_zero);
                                        ^
external/Unity/test/tests/test_unity_floats.c:388:51: style: Same expression on both sides of '/'. [duplicateExpression]
    TEST_ASSERT_GREATER_OR_EQUAL_FLOAT(1.0f, 0.0f / f_zero);
                                                  ^
external/Unity/test/tests/self_assessment_utils.h:10:36: note: 'f_zero' is assigned value '0.0f' here.
static const UNITY_FLOAT f_zero = 0.0f;
                                   ^
external/Unity/test/tests/test_unity_floats.c:388:51: note: Same expression on both sides of '/'.
    TEST_ASSERT_GREATER_OR_EQUAL_FLOAT(1.0f, 0.0f / f_zero);
                                                  ^
external/Unity/test/tests/test_unity_floats.c:399:45: style: Same expression on both sides of '/'. [duplicateExpression]
    TEST_ASSERT_GREATER_OR_EQUAL_FLOAT(0.0f / f_zero, 1.0f);
                                            ^
external/Unity/test/tests/self_assessment_utils.h:10:36: note: 'f_zero' is assigned value '0.0f' here.
static const UNITY_FLOAT f_zero = 0.0f;
                                   ^
external/Unity/test/tests/test_unity_floats.c:399:45: note: Same expression on both sides of '/'.
    TEST_ASSERT_GREATER_OR_EQUAL_FLOAT(0.0f / f_zero, 1.0f);
                                            ^
external/Unity/test/tests/test_unity_floats.c:409:45: style: Same expression on both sides of '/'. [duplicateExpression]
    TEST_ASSERT_GREATER_OR_EQUAL_FLOAT(0.0f / f_zero, 0.0f / f_zero);
                                            ^
external/Unity/test/tests/self_assessment_utils.h:10:36: note: 'f_zero' is assigned value '0.0f' here.
static const UNITY_FLOAT f_zero = 0.0f;
                                   ^
external/Unity/test/tests/test_unity_floats.c:409:45: note: Same expression on both sides of '/'.
    TEST_ASSERT_GREATER_OR_EQUAL_FLOAT(0.0f / f_zero, 0.0f / f_zero);
                                            ^
external/Unity/test/tests/test_unity_floats.c:492:44: style: Same expression on both sides of '/'. [duplicateExpression]
    TEST_ASSERT_LESS_THAN_FLOAT(1.0f, 0.0f / f_zero);
                                           ^
external/Unity/test/tests/self_assessment_utils.h:10:36: note: 'f_zero' is assigned value '0.0f' here.
static const UNITY_FLOAT f_zero = 0.0f;
                                   ^
external/Unity/test/tests/test_unity_floats.c:492:44: note: Same expression on both sides of '/'.
    TEST_ASSERT_LESS_THAN_FLOAT(1.0f, 0.0f / f_zero);
                                           ^
external/Unity/test/tests/test_unity_floats.c:503:38: style: Same expression on both sides of '/'. [duplicateExpression]
    TEST_ASSERT_LESS_THAN_FLOAT(0.0f / f_zero, 1.0f);
                                     ^
external/Unity/test/tests/self_assessment_utils.h:10:36: note: 'f_zero' is assigned value '0.0f' here.
static const UNITY_FLOAT f_zero = 0.0f;
                                   ^
external/Unity/test/tests/test_unity_floats.c:503:38: note: Same expression on both sides of '/'.
    TEST_ASSERT_LESS_THAN_FLOAT(0.0f / f_zero, 1.0f);
                                     ^
external/Unity/test/tests/test_unity_floats.c:514:38: style: Same expression on both sides of '/'. [duplicateExpression]
    TEST_ASSERT_LESS_THAN_FLOAT(0.0f / f_zero, 0.0f / f_zero);
                                     ^
external/Unity/test/tests/self_assessment_utils.h:10:36: note: 'f_zero' is assigned value '0.0f' here.
static const UNITY_FLOAT f_zero = 0.0f;
                                   ^
external/Unity/test/tests/test_unity_floats.c:514:38: note: Same expression on both sides of '/'.
    TEST_ASSERT_LESS_THAN_FLOAT(0.0f / f_zero, 0.0f / f_zero);
                                     ^
external/Unity/test/tests/test_unity_floats.c:603:48: style: Same expression on both sides of '/'. [duplicateExpression]
    TEST_ASSERT_LESS_OR_EQUAL_FLOAT(1.0f, 0.0f / f_zero);
                                               ^
external/Unity/test/tests/self_assessment_utils.h:10:36: note: 'f_zero' is assigned value '0.0f' here.
static const UNITY_FLOAT f_zero = 0.0f;
                                   ^
external/Unity/test/tests/test_unity_floats.c:603:48: note: Same expression on both sides of '/'.
    TEST_ASSERT_LESS_OR_EQUAL_FLOAT(1.0f, 0.0f / f_zero);
                                               ^
external/Unity/test/tests/test_unity_floats.c:614:42: style: Same expression on both sides of '/'. [duplicateExpression]
    TEST_ASSERT_LESS_OR_EQUAL_FLOAT(0.0f / f_zero, 1.0f);
                                         ^
external/Unity/test/tests/self_assessment_utils.h:10:36: note: 'f_zero' is assigned value '0.0f' here.
static const UNITY_FLOAT f_zero = 0.0f;
                                   ^
external/Unity/test/tests/test_unity_floats.c:614:42: note: Same expression on both sides of '/'.
    TEST_ASSERT_LESS_OR_EQUAL_FLOAT(0.0f / f_zero, 1.0f);
                                         ^
external/Unity/test/tests/test_unity_floats.c:624:42: style: Same expression on both sides of '/'. [duplicateExpression]
    TEST_ASSERT_LESS_OR_EQUAL_FLOAT(0.0f / f_zero, 0.0f / f_zero);
                                         ^
external/Unity/test/tests/self_assessment_utils.h:10:36: note: 'f_zero' is assigned value '0.0f' here.
static const UNITY_FLOAT f_zero = 0.0f;
                                   ^
external/Unity/test/tests/test_unity_floats.c:624:42: note: Same expression on both sides of '/'.
    TEST_ASSERT_LESS_OR_EQUAL_FLOAT(0.0f / f_zero, 0.0f / f_zero);
                                         ^
external/Unity/test/tests/test_unity_floats.c:744:35: style: Same expression on both sides of '/'. [duplicateExpression]
    TEST_ASSERT_FLOAT_IS_NAN(0.0f / f_zero);
                                  ^
external/Unity/test/tests/self_assessment_utils.h:10:36: note: 'f_zero' is assigned value '0.0f' here.
static const UNITY_FLOAT f_zero = 0.0f;
                                   ^
external/Unity/test/tests/test_unity_floats.c:744:35: note: Same expression on both sides of '/'.
    TEST_ASSERT_FLOAT_IS_NAN(0.0f / f_zero);
                                  ^
external/Unity/test/tests/test_unity_floats.c:754:39: style: Same expression on both sides of '/'. [duplicateExpression]
    TEST_ASSERT_FLOAT_IS_NOT_NAN(0.0f / f_zero);
                                      ^
external/Unity/test/tests/self_assessment_utils.h:10:36: note: 'f_zero' is assigned value '0.0f' here.
static const UNITY_FLOAT f_zero = 0.0f;
                                   ^
external/Unity/test/tests/test_unity_floats.c:754:39: note: Same expression on both sides of '/'.
    TEST_ASSERT_FLOAT_IS_NOT_NAN(0.0f / f_zero);
                                      ^
external/Unity/test/tests/test_unity_floats.c:796:35: style: Same expression on both sides of '/'. [duplicateExpression]
    TEST_ASSERT_FLOAT_IS_INF(0.0f / f_zero);
                                  ^
external/Unity/test/tests/self_assessment_utils.h:10:36: note: 'f_zero' is assigned value '0.0f' here.
static const UNITY_FLOAT f_zero = 0.0f;
                                   ^
external/Unity/test/tests/test_unity_floats.c:796:35: note: Same expression on both sides of '/'.
    TEST_ASSERT_FLOAT_IS_INF(0.0f / f_zero);
                                  ^
external/Unity/test/tests/test_unity_floats.c:830:47: style: Same expression on both sides of '/'. [duplicateExpression]
    TEST_ASSERT_FLOAT_IS_NOT_DETERMINATE(0.0f / f_zero);
                                              ^
external/Unity/test/tests/self_assessment_utils.h:10:36: note: 'f_zero' is assigned value '0.0f' here.
static const UNITY_FLOAT f_zero = 0.0f;
                                   ^
external/Unity/test/tests/test_unity_floats.c:830:47: note: Same expression on both sides of '/'.
    TEST_ASSERT_FLOAT_IS_NOT_DETERMINATE(0.0f / f_zero);
                                              ^
external/Unity/test/tests/test_unity_floats.c:992:30: style: Same expression on both sides of '/'. [duplicateExpression]
    float p0[] = {1.0f, 0.0f / f_zero, 25.4f, 0.253f};
                             ^
external/Unity/test/tests/self_assessment_utils.h:10:36: note: 'f_zero' is assigned value '0.0f' here.
static const UNITY_FLOAT f_zero = 0.0f;
                                   ^
external/Unity/test/tests/test_unity_floats.c:992:30: note: Same expression on both sides of '/'.
    float p0[] = {1.0f, 0.0f / f_zero, 25.4f, 0.253f};
                             ^
external/Unity/test/tests/test_unity_floats.c:993:30: style: Same expression on both sides of '/'. [duplicateExpression]
    float p1[] = {1.0f, 0.0f / f_zero, 25.4f, 0.253f};
                             ^
external/Unity/test/tests/self_assessment_utils.h:10:36: note: 'f_zero' is assigned value '0.0f' here.
static const UNITY_FLOAT f_zero = 0.0f;
                                   ^
external/Unity/test/tests/test_unity_floats.c:993:30: note: Same expression on both sides of '/'.
    float p1[] = {1.0f, 0.0f / f_zero, 25.4f, 0.253f};
                             ^
external/Unity/test/tests/test_unity_floats.c:1180:24: style: Same expression on both sides of '/'. [duplicateExpression]
    float p0[] = {0.0f / f_zero, 0.0f / f_zero, 0.0f / f_zero, 0.0f / f_zero};
                       ^
external/Unity/test/tests/self_assessment_utils.h:10:36: note: 'f_zero' is assigned value '0.0f' here.
static const UNITY_FLOAT f_zero = 0.0f;
                                   ^
external/Unity/test/tests/test_unity_floats.c:1180:24: note: Same expression on both sides of '/'.
    float p0[] = {0.0f / f_zero, 0.0f / f_zero, 0.0f / f_zero, 0.0f / f_zero};
                       ^
external/Unity/test/tests/test_unity_floats.c:1182:39: style: Same expression on both sides of '/'. [duplicateExpression]
    TEST_ASSERT_EACH_EQUAL_FLOAT(0.0f / f_zero, p0, 4);
                                      ^
external/Unity/test/tests/self_assessment_utils.h:10:36: note: 'f_zero' is assigned value '0.0f' here.
static const UNITY_FLOAT f_zero = 0.0f;
                                   ^
external/Unity/test/tests/test_unity_floats.c:1182:39: note: Same expression on both sides of '/'.
    TEST_ASSERT_EACH_EQUAL_FLOAT(0.0f / f_zero, p0, 4);
                                      ^
external/Unity/test/tests/test_unity_floats.c:1380:17: style: Variable 'u.int_value' is reassigned a value before the old one has been used. [redundantAssignment]
    u.int_value = 0x7fffffff; printFloatValue(u.f_value);
                ^
external/Unity/test/tests/test_unity_floats.c:1379:17: note: u.int_value is assigned
    u.int_value = 0x80000000; printFloatValue(u.f_value);
                ^
external/Unity/test/tests/test_unity_floats.c:1380:17: note: u.int_value is overwritten
    u.int_value = 0x7fffffff; printFloatValue(u.f_value);
                ^
external/Unity/test/tests/test_unity_floats.c:1381:17: style: Variable 'u.int_value' is reassigned a value before the old one has been used. [redundantAssignment]
    u.int_value = 0xffffffff; printFloatValue(u.f_value);
                ^
external/Unity/test/tests/test_unity_floats.c:1380:17: note: u.int_value is assigned
    u.int_value = 0x7fffffff; printFloatValue(u.f_value);
                ^
external/Unity/test/tests/test_unity_floats.c:1381:17: note: u.int_value is overwritten
    u.int_value = 0xffffffff; printFloatValue(u.f_value);
                ^
external/Unity/test/tests/test_unity_floats.c:1391:21: style: Variable 'u.int_value' is reassigned a value before the old one has been used. [redundantAssignment]
        u.int_value = a | 0x80000000; printFloatValue(u.f_value);
                    ^
external/Unity/test/tests/test_unity_floats.c:1390:21: note: u.int_value is assigned
        u.int_value = a;              printFloatValue(u.f_value);
                    ^
external/Unity/test/tests/test_unity_floats.c:1391:21: note: u.int_value is overwritten
        u.int_value = a | 0x80000000; printFloatValue(u.f_value);
                    ^
external/Unity/test/tests/test_unity_floats.c:1286:5: style: Same expression on both sides of '/'. [duplicateExpression]
    TEST_ASSERT_EQUAL_PRINT_FLOATING("nan",   0.0f / f_zero);
    ^
external/Unity/test/tests/self_assessment_utils.h:10:36: note: 'f_zero' is assigned value '0.0f' here.
static const UNITY_FLOAT f_zero = 0.0f;
                                   ^
external/Unity/test/tests/test_unity_floats.c:1286:5: note: Same expression on both sides of '/'.
    TEST_ASSERT_EQUAL_PRINT_FLOATING("nan",   0.0f / f_zero);
    ^
external/Unity/test/tests/test_unity_parameterized.c:75:1: error: There is an unknown macro here somewhere. Configuration is required. If TEST_CASE is a macro then please configure it. [unknownMacro]
TEST_CASE(0)
^
external/CMock/test/iar/iar_v4/srcIAR/Cstartup_SAM7.c:34:0: style: The function 'AT91F_LowLevelInit' is never used. [unusedFunction]

^
external/CMock/vendor/unity/examples/example_3/helper/UnityHelper.c:6:0: style: The function 'AssertEqualExampleStruct' is never used. [unusedFunction]

^
external/CMock/examples/temp_sensor/src/IntrinsicsWrapper.c:13:0: style: The function 'Interrupt_Disable' is never used. [unusedFunction]

^
external/CMock/vendor/unity/examples/example_1/src/ProductionCode2.c:4:0: style: The function 'ThisFunctionHasNotBeenTested' is never used. [unusedFunction]

^
external/CMock/vendor/unity/src/unity.c:693:0: style: The function 'UnityAssertBits' is never used. [unusedFunction]

^
external/CMock/vendor/unity/src/unity.c:935:0: style: The function 'UnityAssertEqualFloatArray' is never used. [unusedFunction]

^
external/CMock/vendor/unity/src/unity.c:783:0: style: The function 'UnityAssertEqualIntArray' is never used. [unusedFunction]

^
external/CMock/vendor/unity/src/unity.c:1589:0: style: The function 'UnityAssertEqualMemory' is never used. [unusedFunction]

^
external/CMock/vendor/unity/src/unity.c:1427:0: style: The function 'UnityAssertEqualString' is never used. [unusedFunction]

^
external/CMock/vendor/unity/src/unity.c:1506:0: style: The function 'UnityAssertEqualStringArray' is never used. [unusedFunction]

^
external/CMock/vendor/unity/src/unity.c:1466:0: style: The function 'UnityAssertEqualStringLen' is never used. [unusedFunction]

^
external/Unity/src/unity.c:1031:0: style: The function 'UnityAssertFloatsNotWithin' is never used. [unusedFunction]

^
external/CMock/vendor/unity/src/unity.c:987:0: style: The function 'UnityAssertFloatsWithin' is never used. [unusedFunction]

^
external/Unity/src/unity.c:1052:0: style: The function 'UnityAssertGreaterOrLessFloat' is never used. [unusedFunction]

^
external/CMock/vendor/unity/src/unity.c:735:0: style: The function 'UnityAssertGreaterOrLessOrEqualNumber' is never used. [unusedFunction]

^
external/CMock/vendor/unity/src/unity.c:1263:0: style: The function 'UnityAssertNumbersArrayWithin' is never used. [unusedFunction]

^
external/CMock/vendor/unity/src/unity.c:1216:0: style: The function 'UnityAssertNumbersWithin' is never used. [unusedFunction]

^
external/Unity/src/unity.c:932:0: style: The function 'UnityAssertWithinFloatArray' is never used. [unusedFunction]

^
external/CMock/vendor/unity/src/unity.c:1921:0: style: The function 'UnityDefaultTestRun' is never used. [unusedFunction]

^
external/CMock/vendor/unity/src/unity.c:1852:0: style: The function 'UnityFail' is never used. [unusedFunction]

^
external/CMock/vendor/unity/src/unity.c:1704:0: style: The function 'UnityFloatToPtr' is never used. [unusedFunction]

^
external/CMock/vendor/unity/src/unity.c:1889:0: style: The function 'UnityIgnore' is never used. [unusedFunction]

^
external/CMock/vendor/unity/src/unity.c:1905:0: style: The function 'UnityMessage' is never used. [unusedFunction]

^
external/CMock/vendor/unity/src/unity.c:1678:0: style: The function 'UnityNumToPtr' is never used. [unusedFunction]

^
external/CMock/vendor/unity/extras/memory/test/unity_output_Spy.c:53:0: style: The function 'UnityOutputCharSpy_Enable' is never used. [unusedFunction]

^
external/CMock/vendor/unity/extras/memory/test/unity_output_Spy.c:48:0: style: The function 'UnityOutputCharSpy_Get' is never used. [unusedFunction]

^
external/CMock/vendor/unity/extras/memory/test/unity_output_Spy.c:35:0: style: The function 'UnityOutputCharSpy_OutputChar' is never used. [unusedFunction]

^
external/CMock/vendor/unity/extras/fixture/src/unity_fixture.c:156:0: style: The function 'UnityPointer_Set' is never used. [unusedFunction]

^
external/CMock/vendor/unity/src/unity.c:1943:0: style: The function 'UnitySetTestFile' is never used. [unusedFunction]

^
external/CMock/vendor/unity/extras/fixture/src/unity_fixture.c:66:0: style: The function 'UnityTestRunner' is never used. [unusedFunction]

^
RVC_Test/src/mock_hw_interface.c:412:0: style: The function 'cleaner_CMockExpect' is never used. [unusedFunction]

^
RVC_Test/src/mock_hw_interface.c:435:0: style: The function 'cleaner_power_up_CMockExpect' is never used. [unusedFunction]

^
external/CMock/vendor/unity/test/testdata/testRunnerGenerator.c:44:0: style: The function 'custom_setup' is never used. [unusedFunction]

^
external/CMock/vendor/unity/test/testdata/testRunnerGenerator.c:49:0: style: The function 'custom_teardown' is never used. [unusedFunction]

^
external/CMock/vendor/unity/test/testdata/testRunnerGenerator.c:101:0: style: The function 'custtest_ThisTestPassesWhenCustomSetupRan' is never used. [unusedFunction]

^
external/CMock/vendor/unity/test/testdata/testRunnerGenerator.c:106:0: style: The function 'custtest_ThisTestPassesWhenCustomTeardownRan' is never used. [unusedFunction]

^
RVC_Test/src/mock_hw_interface.c:266:0: style: The function 'dust_sensor_status_CMockExpectAndReturn' is never used. [unusedFunction]

^
external/CMock/vendor/unity/test/testdata/testRunnerGenerator.c:171:0: style: The function 'extest_ShouldHandleCExceptionInTest' is never used. [unusedFunction]

^
external/CMock/vendor/unity/test/testdata/testRunnerGenerator.c:27:0: style: The function 'flushSpy' is never used. [unusedFunction]

^
RVC_Test/src/mock_hw_interface.c:194:0: style: The function 'front_sensor_status_CMockExpectAndReturn' is never used. [unusedFunction]

^
RVC_Test/src/mock_hw_interface.c:218:0: style: The function 'left_sensor_status_CMockExpectAndReturn' is never used. [unusedFunction]

^
RVC_Test/src/mock_hw_interface.c:334:0: style: The function 'move_backward_CMockExpect' is never used. [unusedFunction]

^
RVC_Test/src/mock_hw_interface.c:300:0: style: The function 'move_forward_CMockExpect' is never used. [unusedFunction]

^
external/CMock/vendor/unity/test/testdata/testRunnerGenerator.c:159:0: style: The function 'paratest_ShouldHandleNonParameterizedTestsWhenParameterizationValid' is never used. [unusedFunction]

^
external/CMock/vendor/unity/test/testdata/testRunnerGenerator.c:148:0: style: The function 'paratest_ShouldHandleParameterizedTests' is never used. [unusedFunction]

^
external/CMock/vendor/unity/test/testdata/testRunnerGenerator.c:154:0: style: The function 'paratest_ShouldHandleParameterizedTests2' is never used. [unusedFunction]

^
external/CMock/vendor/unity/test/testdata/testRunnerGenerator.c:165:0: style: The function 'paratest_ShouldHandleParameterizedTestsThatFail' is never used. [unusedFunction]

^
external/CMock/vendor/unity/test/testdata/testRunnerGenerator.c:26:0: style: The function 'putcharSpy' is never used. [unusedFunction]

^
external/CMock/vendor/unity/test/testdata/testRunnerGenerator.c:76:0: style: The function 'qwiktest_ThisTestPassesWhenNoSetupRan' is never used. [unusedFunction]

^
external/CMock/vendor/unity/test/testdata/testRunnerGenerator.c:81:0: style: The function 'qwiktest_ThisTestPassesWhenNoTeardownRan' is never used. [unusedFunction]

^
RVC_Test/src/test_runner.c:51:0: style: The function 'resetTest' is never used. [unusedFunction]

^
RVC_Test/src/mock_hw_interface.c:242:0: style: The function 'right_sensor_status_CMockExpectAndReturn' is never used. [unusedFunction]

^
external/CMock/vendor/unity/test/testdata/testRunnerGenerator.c:140:0: style: The function 'should_RunTestsStartingWithShouldByDefault' is never used. [unusedFunction]

^
external/CMock/vendor/unity/test/testdata/testRunnerGenerator.c:91:0: style: The function 'spec_ThisTestPassesWhenNormalSetupRan' is never used. [unusedFunction]

^
external/CMock/vendor/unity/test/testdata/testRunnerGenerator.c:86:0: style: The function 'spec_ThisTestPassesWhenNormalSuiteSetupAndTeardownRan' is never used. [unusedFunction]

^
external/CMock/vendor/unity/test/testdata/testRunnerGenerator.c:96:0: style: The function 'spec_ThisTestPassesWhenNormalTeardownRan' is never used. [unusedFunction]

^
external/CMock/vendor/unity/test/tests/test_unity_parameterized.c:52:0: style: The function 'suiteSetUp' is never used. [unusedFunction]

^
external/CMock/vendor/unity/test/testdata/testRunnerGenerator.c:186:0: style: The function 'suitetest_ThisTestPassesWhenCustomSuiteSetupAndTeardownRan' is never used. [unusedFunction]

^
external/CMock/vendor/unity/test/tests/test_unity_arrays.c:64:0: style: The function 'tesUInt64ArrayNotWithinDelta' is never used. [unusedFunction]

^
external/CMock/vendor/unity/test/tests/test_unity_arrays.c:544:0: style: The function 'testCHARArrayNotWithinDelta' is never used. [unusedFunction]

^
external/CMock/vendor/unity/test/tests/test_unity_arrays.c:554:0: style: The function 'testCHARArrayNotWithinDeltaAndMessage' is never used. [unusedFunction]

^
external/CMock/vendor/unity/test/tests/test_unity_arrays.c:524:0: style: The function 'testCHARArrayWithinDelta' is never used. [unusedFunction]

^
external/CMock/vendor/unity/test/tests/test_unity_arrays.c:602:0: style: The function 'testCHARArrayWithinDeltaActualNull' is never used. [unusedFunction]

^
external/CMock/vendor/unity/test/tests/test_unity_arrays.c:611:0: style: The function 'testCHARArrayWithinDeltaActualNullAndMessage' is never used. [unusedFunction]

^
external/CMock/vendor/unity/test/tests/test_unity_arrays.c:534:0: style: The function 'testCHARArrayWithinDeltaAndMessage' is never used. [unusedFunction]

^
external/CMock/vendor/unity/test/tests/test_unity_arrays.c:584:0: style: The function 'testCHARArrayWithinDeltaExpectedNull' is never used. [unusedFunction]

^
external/CMock/vendor/unity/test/tests/test_unity_arrays.c:593:0: style: The function 'testCHARArrayWithinDeltaExpectedNullAndMessage' is never used. [unusedFunction]

^
external/CMock/vendor/unity/test/tests/test_unity_arrays.c:564:0: style: The function 'testCHARArrayWithinDeltaPointless' is never used. [unusedFunction]

^
external/CMock/vendor/unity/test/tests/test_unity_arrays.c:574:0: style: The function 'testCHARArrayWithinDeltaPointlessAndMessage' is never used. [unusedFunction]

^
external/CMock/vendor/unity/test/tests/test_unity_arrays.c:620:0: style: The function 'testCHARArrayWithinDeltaSamePointer' is never used. [unusedFunction]

^
external/CMock/vendor/unity/test/tests/test_unity_arrays.c:627:0: style: The function 'testCHARArrayWithinDeltaSamePointerAndMessage' is never used. [unusedFunction]

^
external/CMock/vendor/unity/test/tests/test_unity_integers.c:1175:0: style: The function 'testCHARsNotWithinDelta' is never used. [unusedFunction]

^
external/CMock/vendor/unity/test/tests/test_unity_integers.c:1182:0: style: The function 'testCHARsNotWithinDeltaAndCustomMessage' is never used. [unusedFunction]

^
external/CMock/vendor/unity/test/tests/test_unity_integers.c:1153:0: style: The function 'testCHARsWithinDelta' is never used. [unusedFunction]

^
external/CMock/vendor/unity/test/tests/test_unity_integers.c:1160:0: style: The function 'testCHARsWithinDeltaAndCustomMessage' is never used. [unusedFunction]

^
external/CMock/vendor/unity/test/tests/test_unity_integers.c:1165:0: style: The function 'testCHARsWithinDeltaWhenThereAreDifferenceOutsideOf8Bits' is never used. [unusedFunction]

^
external/CMock/vendor/unity/test/tests/test_unity_integers.c:1170:0: style: The function 'testCHARsWithinDeltaWhenThereAreDifferenceOutsideOf8BitsAndCustomMessage' is never used. [unusedFunction]

^
external/CMock/examples/temp_sensor/test/TestUsartBaudRateRegisterCalculator.c:13:0: style: The function 'testCalculateBaudRateRegisterSettingShouldCalculateRegisterSettingAppropriately' is never used. [unusedFunction]

^
external/CMock/examples/temp_sensor/test/TestTimerConfigurator.c:97:0: style: The function 'testConfigureInterruptHandler' is never used. [unusedFunction]

^
external/CMock/examples/temp_sensor/test/TestTimerInterruptConfigurator.c:59:0: style: The function 'testConfigureInterruptShouldClearTimer0InterruptOnTheInterruptController' is never used. [unusedFunction]

^
external/CMock/examples/temp_sensor/test/TestTimerInterruptConfigurator.c:66:0: style: The function 'testConfigureInterruptShouldEnableCompareInterruptForRegisterC' is never used. [unusedFunction]

^
external/CMock/examples/temp_sensor/test/TestTimerInterruptConfigurator.c:36:0: style: The function 'testConfigureInterruptShouldSetInterruptHandlerAppropriately' is never used. [unusedFunction]

^
external/CMock/examples/temp_sensor/test/TestTimerInterruptConfigurator.c:43:0: style: The function 'testConfigureInterruptShouldSetInterruptLevelInSourceModeRegisterAppropriately' is never used. [unusedFunction]

^
external/CMock/examples/temp_sensor/test/TestTimerInterruptConfigurator.c:52:0: style: The function 'testConfigureInterruptShouldSetInterruptPriorityInSourceModeRegisterAppropriately' is never used. [unusedFunction]

^
external/CMock/examples/temp_sensor/test/TestTimerConfigurator.c:55:0: style: The function 'testConfigureModeShouldConfigureTimer0ClockSourceForMasterClockDividedBy1024' is never used. [unusedFunction]

^
external/CMock/examples/temp_sensor/test/TestTimerConfigurator.c:69:0: style: The function 'testConfigureModeShouldConfigureTimer0ForUpModeWithAutomaticTriggerOnRCCompare' is never used. [unusedFunction]

^
external/CMock/examples/temp_sensor/test/TestTimerConfigurator.c:62:0: style: The function 'testConfigureModeShouldConfigureTimer0ForWaveGeneration' is never used. [unusedFunction]

^
external/CMock/examples/temp_sensor/test/TestTimerConfigurator.c:76:0: style: The function 'testConfigureModeShouldConfigureTimer0ToToggleTIOAOnRCCompare' is never used. [unusedFunction]

^
external/CMock/examples/temp_sensor/test/TestAdcHardwareConfigurator.c:25:0: style: The function 'testConfigureModeShouldSetAdcModeRegisterAppropriately' is never used. [unusedFunction]

^
external/CMock/examples/temp_sensor/test/TestUsartConfigurator.c:49:0: style: The function 'testConfigureModeShouldSetUsartModeToAsynchronous' is never used. [unusedFunction]

^
external/CMock/examples/temp_sensor/test/TestTimerConfigurator.c:83:0: style: The function 'testConfigurePeriodShouldConfigureRegisterCFor10msInterval' is never used. [unusedFunction]

^
external/CMock/examples/temp_sensor/test/TestUsartConfigurator.c:17:0: style: The function 'testConfigureUsartIOShouldConfigureUsartTxPinfForPeripheralIO' is never used. [unusedFunction]

^
external/CMock/vendor/unity/test/tests/test_unity_strings.c:319:0: style: The function 'testCstringsEscapeSequence' is never used. [unusedFunction]

^
external/CMock/examples/temp_sensor/test/TestTimerInterruptConfigurator.c:23:0: style: The function 'testDisableInterruptDisablesTimer0InterruptInTheInterruptController' is never used. [unusedFunction]

^
external/CMock/examples/temp_sensor/test/TestAdcModel.c:16:0: style: The function 'testDoGetSampleShouldReturn_FALSE_WhenTaskSchedulerReturns_FALSE' is never used. [unusedFunction]

^
external/CMock/examples/temp_sensor/test/TestAdcModel.c:22:0: style: The function 'testDoGetSampleShouldReturn_TRUE_WhenTaskSchedulerReturns_TRUE' is never used. [unusedFunction]

^
external/Unity/test/tests/test_unity_doubles.c:1027:0: style: The function 'testDoubleArraysWithin' is never used. [unusedFunction]

^
external/Unity/test/tests/test_unity_doubles.c:1052:0: style: The function 'testDoubleArraysWithinUnusualDelta' is never used. [unusedFunction]

^
external/CMock/vendor/unity/test/tests/test_unity_doubles.c:311:0: style: The function 'testDoubleInfIsNotNan' is never used. [unusedFunction]

^
external/CMock/vendor/unity/test/tests/test_unity_doubles.c:333:0: style: The function 'testDoubleIsDeterminate1' is never used. [unusedFunction]

^
external/CMock/vendor/unity/test/tests/test_unity_doubles.c:344:0: style: The function 'testDoubleIsDeterminate2' is never used. [unusedFunction]

^
external/CMock/vendor/unity/test/tests/test_unity_doubles.c:271:0: style: The function 'testDoubleIsNan1' is never used. [unusedFunction]

^
external/CMock/vendor/unity/test/tests/test_unity_doubles.c:280:0: style: The function 'testDoubleIsNan2' is never used. [unusedFunction]

^
external/CMock/vendor/unity/test/tests/test_unity_doubles.c:220:0: style: The function 'testDoubleIsNegInf1' is never used. [unusedFunction]

^
external/CMock/vendor/unity/test/tests/test_unity_doubles.c:229:0: style: The function 'testDoubleIsNegInf2' is never used. [unusedFunction]

^
external/CMock/vendor/unity/test/tests/test_unity_doubles.c:355:0: style: The function 'testDoubleIsNotDeterminate1' is never used. [unusedFunction]

^
external/CMock/vendor/unity/test/tests/test_unity_doubles.c:366:0: style: The function 'testDoubleIsNotDeterminate2' is never used. [unusedFunction]

^
external/CMock/vendor/unity/test/tests/test_unity_doubles.c:291:0: style: The function 'testDoubleIsNotNan1' is never used. [unusedFunction]

^
external/CMock/vendor/unity/test/tests/test_unity_doubles.c:302:0: style: The function 'testDoubleIsNotNan2' is never used. [unusedFunction]

^
external/CMock/vendor/unity/test/tests/test_unity_doubles.c:260:0: style: The function 'testDoubleIsNotNegInf' is never used. [unusedFunction]

^
external/CMock/vendor/unity/test/tests/test_unity_doubles.c:240:0: style: The function 'testDoubleIsNotPosInf1' is never used. [unusedFunction]

^
external/CMock/vendor/unity/test/tests/test_unity_doubles.c:251:0: style: The function 'testDoubleIsNotPosInf2' is never used. [unusedFunction]

^
external/CMock/vendor/unity/test/tests/test_unity_doubles.c:200:0: style: The function 'testDoubleIsPosInf1' is never used. [unusedFunction]

^
external/CMock/vendor/unity/test/tests/test_unity_doubles.c:209:0: style: The function 'testDoubleIsPosInf2' is never used. [unusedFunction]

^
external/CMock/vendor/unity/test/tests/test_unity_doubles.c:322:0: style: The function 'testDoubleNanIsNotInf' is never used. [unusedFunction]

^
external/CMock/vendor/unity/test/tests/test_unity_doubles.c:701:0: style: The function 'testDoublePrinting' is never used. [unusedFunction]

^
external/CMock/vendor/unity/test/tests/test_unity_doubles.c:763:0: style: The function 'testDoublePrintingInfinityAndNaN' is never used. [unusedFunction]

^
external/CMock/vendor/unity/test/tests/test_unity_doubles.c:748:0: style: The function 'testDoublePrintingRoundTiesToEven' is never used. [unusedFunction]

^
external/CMock/vendor/unity/test/tests/test_unity_doubles.c:377:0: style: The function 'testDoubleTraitFailsOnInvalidTrait' is never used. [unusedFunction]

^
external/CMock/vendor/unity/test/tests/test_unity_doubles.c:60:0: style: The function 'testDoublesEqual' is never used. [unusedFunction]

^
external/CMock/vendor/unity/test/tests/test_unity_doubles.c:180:0: style: The function 'testDoublesEqualBothInf' is never used. [unusedFunction]

^
external/CMock/vendor/unity/test/tests/test_unity_doubles.c:127:0: style: The function 'testDoublesEqualBothNaN' is never used. [unusedFunction]

^
external/Unity/test/tests/test_unity_doubles.c:348:0: style: The function 'testDoublesGreaterOrEqual' is never used. [unusedFunction]

^
external/Unity/test/tests/test_unity_doubles.c:436:0: style: The function 'testDoublesGreaterOrEqualBothInf' is never used. [unusedFunction]

^
external/Unity/test/tests/test_unity_doubles.c:445:0: style: The function 'testDoublesGreaterOrEqualBothNegInf' is never used. [unusedFunction]

^
external/Unity/test/tests/test_unity_doubles.c:361:0: style: The function 'testDoublesGreaterOrEqualInf' is never used. [unusedFunction]

^
external/Unity/test/tests/test_unity_doubles.c:405:0: style: The function 'testDoublesGreaterOrEqualNanBoth' is never used. [unusedFunction]

^
external/Unity/test/tests/test_unity_doubles.c:238:0: style: The function 'testDoublesGreaterThan' is never used. [unusedFunction]

^
external/Unity/test/tests/test_unity_doubles.c:249:0: style: The function 'testDoublesGreaterThanInf' is never used. [unusedFunction]

^
external/Unity/test/tests/test_unity_doubles.c:564:0: style: The function 'testDoublesLessOrEqual' is never used. [unusedFunction]

^
external/Unity/test/tests/test_unity_doubles.c:652:0: style: The function 'testDoublesLessOrEqualBothInf' is never used. [unusedFunction]

^
external/Unity/test/tests/test_unity_doubles.c:661:0: style: The function 'testDoublesLessOrEqualBothNegInf' is never used. [unusedFunction]

^
external/Unity/test/tests/test_unity_doubles.c:577:0: style: The function 'testDoublesLessOrEqualInf' is never used. [unusedFunction]

^
external/Unity/test/tests/test_unity_doubles.c:621:0: style: The function 'testDoublesLessOrEqualNanBoth' is never used. [unusedFunction]

^
external/Unity/test/tests/test_unity_doubles.c:454:0: style: The function 'testDoublesLessThan' is never used. [unusedFunction]

^
external/Unity/test/tests/test_unity_doubles.c:465:0: style: The function 'testDoublesLessThanInf' is never used. [unusedFunction]

^
external/CMock/vendor/unity/test/tests/test_unity_doubles.c:72:0: style: The function 'testDoublesNotEqual' is never used. [unusedFunction]

^
external/CMock/vendor/unity/test/tests/test_unity_doubles.c:158:0: style: The function 'testDoublesNotEqualActualInf' is never used. [unusedFunction]

^
external/CMock/vendor/unity/test/tests/test_unity_doubles.c:105:0: style: The function 'testDoublesNotEqualActualNaN' is never used. [unusedFunction]

^
external/CMock/vendor/unity/test/tests/test_unity_doubles.c:169:0: style: The function 'testDoublesNotEqualExpectedInf' is never used. [unusedFunction]

^
external/CMock/vendor/unity/test/tests/test_unity_doubles.c:116:0: style: The function 'testDoublesNotEqualExpectedNaN' is never used. [unusedFunction]

^
external/CMock/vendor/unity/test/tests/test_unity_doubles.c:136:0: style: The function 'testDoublesNotEqualInfNaN' is never used. [unusedFunction]

^
external/CMock/vendor/unity/test/tests/test_unity_doubles.c:147:0: style: The function 'testDoublesNotEqualNaNInf' is never used. [unusedFunction]

^
external/CMock/vendor/unity/test/tests/test_unity_doubles.c:83:0: style: The function 'testDoublesNotEqualNegative1' is never used. [unusedFunction]

^
external/CMock/vendor/unity/test/tests/test_unity_doubles.c:94:0: style: The function 'testDoublesNotEqualNegative2' is never used. [unusedFunction]

^
external/CMock/vendor/unity/test/tests/test_unity_doubles.c:189:0: style: The function 'testDoublesNotEqualPlusMinusInf' is never used. [unusedFunction]

^
external/Unity/test/tests/test_unity_doubles.c:372:0: style: The function 'testDoublesNotGreaterOrEqual' is never used. [unusedFunction]

^
external/Unity/test/tests/test_unity_doubles.c:414:0: style: The function 'testDoublesNotGreaterOrEqualInfActual' is never used. [unusedFunction]

^
external/Unity/test/tests/test_unity_doubles.c:383:0: style: The function 'testDoublesNotGreaterOrEqualNanActual' is never used. [unusedFunction]

^
external/Unity/test/tests/test_unity_doubles.c:394:0: style: The function 'testDoublesNotGreaterOrEqualNanThreshold' is never used. [unusedFunction]

^
external/Unity/test/tests/test_unity_doubles.c:425:0: style: The function 'testDoublesNotGreaterOrEqualNegInf' is never used. [unusedFunction]

^
external/Unity/test/tests/test_unity_doubles.c:260:0: style: The function 'testDoublesNotGreaterThan' is never used. [unusedFunction]

^
external/Unity/test/tests/test_unity_doubles.c:326:0: style: The function 'testDoublesNotGreaterThanBothInf' is never used. [unusedFunction]

^
external/Unity/test/tests/test_unity_doubles.c:337:0: style: The function 'testDoublesNotGreaterThanBothNegInf' is never used. [unusedFunction]

^
external/Unity/test/tests/test_unity_doubles.c:304:0: style: The function 'testDoublesNotGreaterThanInfActual' is never used. [unusedFunction]

^
external/Unity/test/tests/test_unity_doubles.c:271:0: style: The function 'testDoublesNotGreaterThanNanActual' is never used. [unusedFunction]

^
external/Unity/test/tests/test_unity_doubles.c:293:0: style: The function 'testDoublesNotGreaterThanNanBoth' is never used. [unusedFunction]

^
external/Unity/test/tests/test_unity_doubles.c:282:0: style: The function 'testDoublesNotGreaterThanNanThreshold' is never used. [unusedFunction]

^
external/Unity/test/tests/test_unity_doubles.c:315:0: style: The function 'testDoublesNotGreaterThanNegInf' is never used. [unusedFunction]

^
external/Unity/test/tests/test_unity_doubles.c:588:0: style: The function 'testDoublesNotLessOrEqual' is never used. [unusedFunction]

^
external/Unity/test/tests/test_unity_doubles.c:630:0: style: The function 'testDoublesNotLessOrEqualInf' is never used. [unusedFunction]

^
external/Unity/test/tests/test_unity_doubles.c:599:0: style: The function 'testDoublesNotLessOrEqualNanActual' is never used. [unusedFunction]

^
external/Unity/test/tests/test_unity_doubles.c:610:0: style: The function 'testDoublesNotLessOrEqualNanThreshold' is never used. [unusedFunction]

^
external/Unity/test/tests/test_unity_doubles.c:641:0: style: The function 'testDoublesNotLessOrEqualNegInf' is never used. [unusedFunction]

^
external/Unity/test/tests/test_unity_doubles.c:476:0: style: The function 'testDoublesNotLessThan' is never used. [unusedFunction]

^
external/Unity/test/tests/test_unity_doubles.c:542:0: style: The function 'testDoublesNotLessThanBothInf' is never used. [unusedFunction]

^
external/Unity/test/tests/test_unity_doubles.c:553:0: style: The function 'testDoublesNotLessThanBothNegInf' is never used. [unusedFunction]

^
external/Unity/test/tests/test_unity_doubles.c:520:0: style: The function 'testDoublesNotLessThanInf' is never used. [unusedFunction]

^
external/Unity/test/tests/test_unity_doubles.c:487:0: style: The function 'testDoublesNotLessThanNanActual' is never used. [unusedFunction]

^
external/Unity/test/tests/test_unity_doubles.c:509:0: style: The function 'testDoublesNotLessThanNanBoth' is never used. [unusedFunction]

^
external/Unity/test/tests/test_unity_doubles.c:498:0: style: The function 'testDoublesNotLessThanNanThreshold' is never used. [unusedFunction]

^
external/Unity/test/tests/test_unity_doubles.c:531:0: style: The function 'testDoublesNotLessThanNegInf' is never used. [unusedFunction]

^
external/CMock/vendor/unity/test/tests/test_unity_doubles.c:48:0: style: The function 'testDoublesNotWithinDelta' is never used. [unusedFunction]

^
external/CMock/vendor/unity/test/tests/test_unity_doubles.c:36:0: style: The function 'testDoublesWithinDelta' is never used. [unusedFunction]

^
external/CMock/examples/temp_sensor/test/TestTimerInterruptConfigurator.c:73:0: style: The function 'testEnableInterruptShouldEnableTimer0InterruptsInInterruptCotroller' is never used. [unusedFunction]

^
external/CMock/examples/temp_sensor/test/TestTimerConfigurator.c:48:0: style: The function 'testEnableOutputPinShouldEnable_TIOA0_DigitalOutput' is never used. [unusedFunction]

^
external/CMock/examples/temp_sensor/test/TestUsartConfigurator.c:28:0: style: The function 'testEnablePeripheralClockShouldEnableClockToUsartPeripheral' is never used. [unusedFunction]

^
external/CMock/examples/temp_sensor/test/TestTimerConfigurator.c:28:0: style: The function 'testEnablePeripheralClocksShouldEnableClockToPIOBPeripheral' is never used. [unusedFunction]

^
external/CMock/examples/temp_sensor/test/TestTimerConfigurator.c:19:0: style: The function 'testEnablePeripheralClocksShouldEnableClockToTimer0Peripheral' is never used. [unusedFunction]

^
external/CMock/examples/temp_sensor/test/TestUsartConfigurator.c:72:0: style: The function 'testEnableShouldEnableUsart0Transmitter' is never used. [unusedFunction]

^
external/CMock/examples/temp_sensor/test/TestTimerConfigurator.c:90:0: style: The function 'testEnableShouldSetEnableFlagForTimer0' is never used. [unusedFunction]

^
external/CMock/examples/temp_sensor/test/TestAdcHardwareConfigurator.c:36:0: style: The function 'testEnableTemperatureChannelShouldEnableTheAppropriateAdcInput' is never used. [unusedFunction]

^
external/CMock/vendor/unity/test/tests/test_unity_integers.c:543:0: style: The function 'testEqualBits' is never used. [unusedFunction]

^
external/CMock/vendor/unity/test/tests/test_unity_arrays.c:1979:0: style: The function 'testEqualCHARArrays' is never used. [unusedFunction]

^
external/CMock/vendor/unity/test/tests/test_unity_arrays.c:2003:0: style: The function 'testEqualCHAREachEqual' is never used. [unusedFunction]

^
external/CMock/vendor/unity/test/tests/test_unity_integers.c:245:0: style: The function 'testEqualChars' is never used. [unusedFunction]

^
external/CMock/vendor/unity/test/tests/test_unity_integers.c:264:0: style: The function 'testEqualCharsWhenThereAreDifferencesOutside8Bits' is never used. [unusedFunction]

^
external/CMock/vendor/unity/test/tests/test_unity_doubles.c:388:0: style: The function 'testEqualDoubleArrays' is never used. [unusedFunction]

^
external/CMock/vendor/unity/test/tests/test_unity_doubles.c:531:0: style: The function 'testEqualDoubleArraysInf' is never used. [unusedFunction]

^
external/CMock/vendor/unity/test/tests/test_unity_doubles.c:519:0: style: The function 'testEqualDoubleArraysNaN' is never used. [unusedFunction]

^
external/CMock/vendor/unity/test/tests/test_unity_doubles.c:557:0: style: The function 'testEqualDoubleEachEqual' is never used. [unusedFunction]

^
external/CMock/vendor/unity/test/tests/test_unity_doubles.c:677:0: style: The function 'testEqualDoubleEachEqualInf' is never used. [unusedFunction]

^
external/CMock/vendor/unity/test/tests/test_unity_doubles.c:666:0: style: The function 'testEqualDoubleEachEqualNaN' is never used. [unusedFunction]

^
external/CMock/vendor/unity/test/tests/test_unity_floats.c:387:0: style: The function 'testEqualFloatArrays' is never used. [unusedFunction]

^
external/CMock/vendor/unity/test/tests/test_unity_floats.c:530:0: style: The function 'testEqualFloatArraysInf' is never used. [unusedFunction]

^
external/CMock/vendor/unity/test/tests/test_unity_floats.c:518:0: style: The function 'testEqualFloatArraysNaN' is never used. [unusedFunction]

^
external/CMock/vendor/unity/test/tests/test_unity_floats.c:556:0: style: The function 'testEqualFloatEachEqual' is never used. [unusedFunction]

^
external/CMock/vendor/unity/test/tests/test_unity_floats.c:676:0: style: The function 'testEqualFloatEachEqualInf' is never used. [unusedFunction]

^
external/CMock/vendor/unity/test/tests/test_unity_floats.c:665:0: style: The function 'testEqualFloatEachEqualNaN' is never used. [unusedFunction]

^
external/CMock/vendor/unity/test/tests/test_unity_arrays.c:2426:0: style: The function 'testEqualHEX16Arrays' is never used. [unusedFunction]

^
external/CMock/vendor/unity/test/tests/test_unity_arrays.c:2719:0: style: The function 'testEqualHEX16EachEqual' is never used. [unusedFunction]

^
external/CMock/vendor/unity/test/tests/test_unity_arrays.c:2382:0: style: The function 'testEqualHEX32Arrays' is never used. [unusedFunction]

^
external/CMock/vendor/unity/test/tests/test_unity_arrays.c:2678:0: style: The function 'testEqualHEX32EachEqual' is never used. [unusedFunction]

^
external/CMock/vendor/unity/test/tests/test_unity_arrays.c:2801:0: style: The function 'testEqualHEX64Arrays' is never used. [unusedFunction]

^
external/CMock/vendor/unity/test/tests/test_unity_arrays.c:2470:0: style: The function 'testEqualHEX8Arrays' is never used. [unusedFunction]

^
external/CMock/vendor/unity/test/tests/test_unity_arrays.c:2760:0: style: The function 'testEqualHEX8EachEqual' is never used. [unusedFunction]

^
external/CMock/vendor/unity/test/tests/test_unity_arrays.c:2338:0: style: The function 'testEqualHEXArrays' is never used. [unusedFunction]

^
external/CMock/vendor/unity/test/tests/test_unity_arrays.c:2637:0: style: The function 'testEqualHEXEachEqual' is never used. [unusedFunction]

^
external/CMock/vendor/unity/test/tests/test_unity_integers.c:499:0: style: The function 'testEqualHex16s' is never used. [unusedFunction]

^
external/CMock/vendor/unity/test/tests/test_unity_integers.c:518:0: style: The function 'testEqualHex16sWhenThereAreDifferencesOutside16Bits' is never used. [unusedFunction]

^
external/CMock/vendor/unity/test/tests/test_unity_integers.c:524:0: style: The function 'testEqualHex32s' is never used. [unusedFunction]

^
external/CMock/vendor/unity/test/tests/test_unity_integers_64.c:510:0: style: The function 'testEqualHex64s' is never used. [unusedFunction]

^
external/CMock/vendor/unity/test/tests/test_unity_integers.c:455:0: style: The function 'testEqualHex8s' is never used. [unusedFunction]

^
external/CMock/vendor/unity/test/tests/test_unity_integers.c:480:0: style: The function 'testEqualHex8sNegatives' is never used. [unusedFunction]

^
external/CMock/vendor/unity/test/tests/test_unity_integers.c:474:0: style: The function 'testEqualHex8sWhenThereAreDifferencesOutside8Bits' is never used. [unusedFunction]

^
external/CMock/vendor/unity/test/tests/test_unity_arrays.c:2111:0: style: The function 'testEqualInt16Arrays' is never used. [unusedFunction]

^
external/CMock/vendor/unity/test/tests/test_unity_arrays.c:2135:0: style: The function 'testEqualInt16EachEqual' is never used. [unusedFunction]

^
external/CMock/vendor/unity/test/tests/test_unity_integers.c:271:0: style: The function 'testEqualInt16s' is never used. [unusedFunction]

^
external/CMock/vendor/unity/test/tests/test_unity_integers.c:290:0: style: The function 'testEqualInt16sNegatives' is never used. [unusedFunction]

^
external/CMock/vendor/unity/test/tests/test_unity_integers.c:309:0: style: The function 'testEqualInt16sWhenThereAreDifferencesOutside16Bits' is never used. [unusedFunction]

^
external/CMock/vendor/unity/test/tests/test_unity_arrays.c:2158:0: style: The function 'testEqualInt32Arrays' is never used. [unusedFunction]

^
external/CMock/vendor/unity/test/tests/test_unity_arrays.c:2182:0: style: The function 'testEqualInt32EachEqual' is never used. [unusedFunction]

^
external/CMock/vendor/unity/test/tests/test_unity_integers.c:315:0: style: The function 'testEqualInt32s' is never used. [unusedFunction]

^
external/CMock/vendor/unity/test/tests/test_unity_integers.c:334:0: style: The function 'testEqualInt32sNegatives' is never used. [unusedFunction]

^
external/CMock/vendor/unity/test/tests/test_unity_arrays.c:2837:0: style: The function 'testEqualInt64Arrays' is never used. [unusedFunction]

^
external/CMock/vendor/unity/test/tests/test_unity_integers_64.c:556:0: style: The function 'testEqualInt64s' is never used. [unusedFunction]

^
external/CMock/vendor/unity/test/tests/test_unity_arrays.c:1932:0: style: The function 'testEqualInt8Arrays' is never used. [unusedFunction]

^
external/CMock/vendor/unity/test/tests/test_unity_arrays.c:1956:0: style: The function 'testEqualInt8EachEqual' is never used. [unusedFunction]

^
external/CMock/vendor/unity/test/tests/test_unity_integers.c:220:0: style: The function 'testEqualInt8s' is never used. [unusedFunction]

^
external/CMock/vendor/unity/test/tests/test_unity_integers.c:239:0: style: The function 'testEqualInt8sWhenThereAreDifferencesOutside8Bits' is never used. [unusedFunction]

^
external/CMock/vendor/unity/test/tests/test_unity_arrays.c:1647:0: style: The function 'testEqualIntArrays' is never used. [unusedFunction]

^
external/CMock/vendor/unity/test/tests/test_unity_arrays.c:1722:0: style: The function 'testEqualIntEachEqual' is never used. [unusedFunction]

^
external/CMock/vendor/unity/test/tests/test_unity_integers.c:200:0: style: The function 'testEqualInts' is never used. [unusedFunction]

^
external/CMock/vendor/unity/test/tests/test_unity_memory.c:36:0: style: The function 'testEqualMemory' is never used. [unusedFunction]

^
external/CMock/vendor/unity/test/tests/test_unity_integers.c:678:0: style: The function 'testEqualPointers' is never used. [unusedFunction]

^
external/CMock/vendor/unity/test/tests/test_unity_arrays.c:1781:0: style: The function 'testEqualPtrArrays' is never used. [unusedFunction]

^
external/CMock/vendor/unity/test/tests/test_unity_arrays.c:1861:0: style: The function 'testEqualPtrEachEqual' is never used. [unusedFunction]

^
external/CMock/vendor/unity/test/tests/test_unity_integers.c:599:0: style: The function 'testEqualShorts' is never used. [unusedFunction]

^
external/CMock/vendor/unity/test/tests/test_unity_strings.c:246:0: style: The function 'testEqualStringArrayIfBothNulls' is never used. [unusedFunction]

^
external/CMock/vendor/unity/test/tests/test_unity_strings.c:175:0: style: The function 'testEqualStringArrays' is never used. [unusedFunction]

^
external/CMock/vendor/unity/test/tests/test_unity_strings.c:264:0: style: The function 'testEqualStringEachEqual' is never used. [unusedFunction]

^
external/CMock/vendor/unity/test/tests/test_unity_strings.c:36:0: style: The function 'testEqualStrings' is never used. [unusedFunction]

^
external/CMock/vendor/unity/test/tests/test_unity_strings.c:47:0: style: The function 'testEqualStringsLen' is never used. [unusedFunction]

^
external/CMock/vendor/unity/test/tests/test_unity_strings.c:57:0: style: The function 'testEqualStringsWithCarriageReturnsAndLineFeeds' is never used. [unusedFunction]

^
external/CMock/vendor/unity/test/tests/test_unity_integers.c:659:0: style: The function 'testEqualUChars' is never used. [unusedFunction]

^
external/CMock/vendor/unity/test/tests/test_unity_arrays.c:2250:0: style: The function 'testEqualUINT16Arrays' is never used. [unusedFunction]

^
external/CMock/vendor/unity/test/tests/test_unity_arrays.c:2555:0: style: The function 'testEqualUINT16EachEqual' is never used. [unusedFunction]

^
external/CMock/vendor/unity/test/tests/test_unity_arrays.c:2294:0: style: The function 'testEqualUINT32Arrays' is never used. [unusedFunction]

^
external/CMock/vendor/unity/test/tests/test_unity_arrays.c:2596:0: style: The function 'testEqualUINT32EachEqual' is never used. [unusedFunction]

^
external/CMock/vendor/unity/test/tests/test_unity_arrays.c:2205:0: style: The function 'testEqualUINT8Arrays' is never used. [unusedFunction]

^
external/CMock/vendor/unity/test/tests/test_unity_arrays.c:2514:0: style: The function 'testEqualUINT8EachEqual' is never used. [unusedFunction]

^
external/CMock/vendor/unity/test/tests/test_unity_arrays.c:2026:0: style: The function 'testEqualUIntArrays' is never used. [unusedFunction]

^
external/CMock/vendor/unity/test/tests/test_unity_arrays.c:2070:0: style: The function 'testEqualUIntEachEqual' is never used. [unusedFunction]

^
external/CMock/vendor/unity/test/tests/test_unity_integers.c:639:0: style: The function 'testEqualUInts' is never used. [unusedFunction]

^
external/CMock/vendor/unity/test/tests/test_unity_integers.c:619:0: style: The function 'testEqualUShorts' is never used. [unusedFunction]

^
external/CMock/vendor/unity/test/tests/test_unity_integers.c:400:0: style: The function 'testEqualUint16s' is never used. [unusedFunction]

^
external/CMock/vendor/unity/test/tests/test_unity_integers.c:419:0: style: The function 'testEqualUint16sWhenThereAreDifferencesOutside16Bits' is never used. [unusedFunction]

^
external/CMock/vendor/unity/test/tests/test_unity_integers.c:425:0: style: The function 'testEqualUint32s' is never used. [unusedFunction]

^
external/CMock/vendor/unity/test/tests/test_unity_arrays.c:2819:0: style: The function 'testEqualUint64Arrays' is never used. [unusedFunction]

^
external/CMock/vendor/unity/test/tests/test_unity_integers_64.c:533:0: style: The function 'testEqualUint64s' is never used. [unusedFunction]

^
external/CMock/vendor/unity/test/tests/test_unity_integers.c:375:0: style: The function 'testEqualUint8s' is never used. [unusedFunction]

^
external/CMock/vendor/unity/test/tests/test_unity_integers.c:394:0: style: The function 'testEqualUint8sWhenThereAreDifferencesOutside8Bits' is never used. [unusedFunction]

^
external/CMock/vendor/unity/test/tests/test_unity_integers.c:354:0: style: The function 'testEqualUints' is never used. [unusedFunction]

^
external/CMock/vendor/unity/test/tests/test_unity_core.c:189:0: style: The function 'testFail' is never used. [unusedFunction]

^
external/CMock/vendor/unity/test/tests/test_unity_core.c:290:0: style: The function 'testFailureCountIncrementsAndIsReturnedAtEnd' is never used. [unusedFunction]

^
external/CMock/vendor/unity/test/tests/test_unity_core.c:129:0: style: The function 'testFalse' is never used. [unusedFunction]

^
external/Unity/test/tests/test_unity_floats.c:1025:0: style: The function 'testFloatArraysWithin' is never used. [unusedFunction]

^
external/Unity/test/tests/test_unity_floats.c:1050:0: style: The function 'testFloatArraysWithinUnusualDelta' is never used. [unusedFunction]

^
external/CMock/vendor/unity/test/tests/test_unity_floats.c:310:0: style: The function 'testFloatInfIsNotNan' is never used. [unusedFunction]

^
external/CMock/vendor/unity/test/tests/test_unity_floats.c:332:0: style: The function 'testFloatIsDeterminate1' is never used. [unusedFunction]

^
external/CMock/vendor/unity/test/tests/test_unity_floats.c:343:0: style: The function 'testFloatIsDeterminate2' is never used. [unusedFunction]

^
external/CMock/vendor/unity/test/tests/test_unity_floats.c:270:0: style: The function 'testFloatIsNan1' is never used. [unusedFunction]

^
external/CMock/vendor/unity/test/tests/test_unity_floats.c:279:0: style: The function 'testFloatIsNan2' is never used. [unusedFunction]

^
external/CMock/vendor/unity/test/tests/test_unity_floats.c:219:0: style: The function 'testFloatIsNegInf1' is never used. [unusedFunction]

^
external/CMock/vendor/unity/test/tests/test_unity_floats.c:228:0: style: The function 'testFloatIsNegInf2' is never used. [unusedFunction]

^
external/CMock/vendor/unity/test/tests/test_unity_floats.c:354:0: style: The function 'testFloatIsNotDeterminate1' is never used. [unusedFunction]

^
external/CMock/vendor/unity/test/tests/test_unity_floats.c:365:0: style: The function 'testFloatIsNotDeterminate2' is never used. [unusedFunction]

^
external/CMock/vendor/unity/test/tests/test_unity_floats.c:290:0: style: The function 'testFloatIsNotNan1' is never used. [unusedFunction]

^
external/CMock/vendor/unity/test/tests/test_unity_floats.c:301:0: style: The function 'testFloatIsNotNan2' is never used. [unusedFunction]

^
external/CMock/vendor/unity/test/tests/test_unity_floats.c:259:0: style: The function 'testFloatIsNotNegInf' is never used. [unusedFunction]

^
external/CMock/vendor/unity/test/tests/test_unity_floats.c:239:0: style: The function 'testFloatIsNotPosInf1' is never used. [unusedFunction]

^
external/CMock/vendor/unity/test/tests/test_unity_floats.c:250:0: style: The function 'testFloatIsNotPosInf2' is never used. [unusedFunction]

^
external/CMock/vendor/unity/test/tests/test_unity_floats.c:199:0: style: The function 'testFloatIsPosInf1' is never used. [unusedFunction]

^
external/CMock/vendor/unity/test/tests/test_unity_floats.c:208:0: style: The function 'testFloatIsPosInf2' is never used. [unusedFunction]

^
external/CMock/vendor/unity/test/tests/test_unity_floats.c:321:0: style: The function 'testFloatNanIsNotInf' is never used. [unusedFunction]

^
external/CMock/vendor/unity/test/tests/test_unity_floats.c:700:0: style: The function 'testFloatPrinting' is never used. [unusedFunction]

^
external/CMock/vendor/unity/test/tests/test_unity_floats.c:768:0: style: The function 'testFloatPrintingInfinityAndNaN' is never used. [unusedFunction]

^
external/CMock/vendor/unity/test/tests/test_unity_floats.c:860:0: style: The function 'testFloatPrintingRandomSamples' is never used. [unusedFunction]

^
external/CMock/vendor/unity/test/tests/test_unity_floats.c:749:0: style: The function 'testFloatPrintingRoundTiesToEven' is never used. [unusedFunction]

^
external/CMock/vendor/unity/test/tests/test_unity_floats.c:376:0: style: The function 'testFloatTraitFailsOnInvalidTrait' is never used. [unusedFunction]

^
external/CMock/vendor/unity/test/tests/test_unity_floats.c:59:0: style: The function 'testFloatsEqual' is never used. [unusedFunction]

^
external/CMock/vendor/unity/test/tests/test_unity_floats.c:179:0: style: The function 'testFloatsEqualBothInf' is never used. [unusedFunction]

^
external/CMock/vendor/unity/test/tests/test_unity_floats.c:126:0: style: The function 'testFloatsEqualBothNaN' is never used. [unusedFunction]

^
external/Unity/test/tests/test_unity_floats.c:347:0: style: The function 'testFloatsGreaterOrEqual' is never used. [unusedFunction]

^
external/Unity/test/tests/test_unity_floats.c:435:0: style: The function 'testFloatsGreaterOrEqualBothInf' is never used. [unusedFunction]

^
external/Unity/test/tests/test_unity_floats.c:444:0: style: The function 'testFloatsGreaterOrEqualBothNegInf' is never used. [unusedFunction]

^
external/Unity/test/tests/test_unity_floats.c:360:0: style: The function 'testFloatsGreaterOrEqualInf' is never used. [unusedFunction]

^
external/Unity/test/tests/test_unity_floats.c:404:0: style: The function 'testFloatsGreaterOrEqualNanBoth' is never used. [unusedFunction]

^
external/Unity/test/tests/test_unity_floats.c:237:0: style: The function 'testFloatsGreaterThan' is never used. [unusedFunction]

^
external/Unity/test/tests/test_unity_floats.c:248:0: style: The function 'testFloatsGreaterThanInf' is never used. [unusedFunction]

^
external/Unity/test/tests/test_unity_floats.c:562:0: style: The function 'testFloatsLessOrEqual' is never used. [unusedFunction]

^
external/Unity/test/tests/test_unity_floats.c:650:0: style: The function 'testFloatsLessOrEqualBothInf' is never used. [unusedFunction]

^
external/Unity/test/tests/test_unity_floats.c:659:0: style: The function 'testFloatsLessOrEqualBothNegInf' is never used. [unusedFunction]

^
external/Unity/test/tests/test_unity_floats.c:575:0: style: The function 'testFloatsLessOrEqualInf' is never used. [unusedFunction]

^
external/Unity/test/tests/test_unity_floats.c:619:0: style: The function 'testFloatsLessOrEqualNanBoth' is never used. [unusedFunction]

^
external/Unity/test/tests/test_unity_floats.c:453:0: style: The function 'testFloatsLessThan' is never used. [unusedFunction]

^
external/Unity/test/tests/test_unity_floats.c:464:0: style: The function 'testFloatsLessThanInf' is never used. [unusedFunction]

^
external/CMock/vendor/unity/test/tests/test_unity_floats.c:71:0: style: The function 'testFloatsNotEqual' is never used. [unusedFunction]

^
external/CMock/vendor/unity/test/tests/test_unity_floats.c:157:0: style: The function 'testFloatsNotEqualActualInf' is never used. [unusedFunction]

^
external/CMock/vendor/unity/test/tests/test_unity_floats.c:104:0: style: The function 'testFloatsNotEqualActualNaN' is never used. [unusedFunction]

^
external/CMock/vendor/unity/test/tests/test_unity_floats.c:168:0: style: The function 'testFloatsNotEqualExpectedInf' is never used. [unusedFunction]

^
external/CMock/vendor/unity/test/tests/test_unity_floats.c:115:0: style: The function 'testFloatsNotEqualExpectedNaN' is never used. [unusedFunction]

^
external/CMock/vendor/unity/test/tests/test_unity_floats.c:135:0: style: The function 'testFloatsNotEqualInfNaN' is never used. [unusedFunction]

^
external/CMock/vendor/unity/test/tests/test_unity_floats.c:146:0: style: The function 'testFloatsNotEqualNaNInf' is never used. [unusedFunction]

^
external/CMock/vendor/unity/test/tests/test_unity_floats.c:82:0: style: The function 'testFloatsNotEqualNegative1' is never used. [unusedFunction]

^
external/CMock/vendor/unity/test/tests/test_unity_floats.c:93:0: style: The function 'testFloatsNotEqualNegative2' is never used. [unusedFunction]

^
external/CMock/vendor/unity/test/tests/test_unity_floats.c:188:0: style: The function 'testFloatsNotEqualPlusMinusInf' is never used. [unusedFunction]

^
external/Unity/test/tests/test_unity_floats.c:371:0: style: The function 'testFloatsNotGreaterOrEqual' is never used. [unusedFunction]

^
external/Unity/test/tests/test_unity_floats.c:413:0: style: The function 'testFloatsNotGreaterOrEqualInfActual' is never used. [unusedFunction]

^
external/Unity/test/tests/test_unity_floats.c:382:0: style: The function 'testFloatsNotGreaterOrEqualNanActual' is never used. [unusedFunction]

^
external/Unity/test/tests/test_unity_floats.c:393:0: style: The function 'testFloatsNotGreaterOrEqualNanThreshold' is never used. [unusedFunction]

^
external/Unity/test/tests/test_unity_floats.c:424:0: style: The function 'testFloatsNotGreaterOrEqualNegInf' is never used. [unusedFunction]

^
external/Unity/test/tests/test_unity_floats.c:259:0: style: The function 'testFloatsNotGreaterThan' is never used. [unusedFunction]

^
external/Unity/test/tests/test_unity_floats.c:325:0: style: The function 'testFloatsNotGreaterThanBothInf' is never used. [unusedFunction]

^
external/Unity/test/tests/test_unity_floats.c:336:0: style: The function 'testFloatsNotGreaterThanBothNegInf' is never used. [unusedFunction]

^
external/Unity/test/tests/test_unity_floats.c:303:0: style: The function 'testFloatsNotGreaterThanInfActual' is never used. [unusedFunction]

^
external/Unity/test/tests/test_unity_floats.c:270:0: style: The function 'testFloatsNotGreaterThanNanActual' is never used. [unusedFunction]

^
external/Unity/test/tests/test_unity_floats.c:292:0: style: The function 'testFloatsNotGreaterThanNanBoth' is never used. [unusedFunction]

^
external/Unity/test/tests/test_unity_floats.c:281:0: style: The function 'testFloatsNotGreaterThanNanThreshold' is never used. [unusedFunction]

^
external/Unity/test/tests/test_unity_floats.c:314:0: style: The function 'testFloatsNotGreaterThanNegInf' is never used. [unusedFunction]

^
external/Unity/test/tests/test_unity_floats.c:586:0: style: The function 'testFloatsNotLessOrEqual' is never used. [unusedFunction]

^
external/Unity/test/tests/test_unity_floats.c:628:0: style: The function 'testFloatsNotLessOrEqualInf' is never used. [unusedFunction]

^
external/Unity/test/tests/test_unity_floats.c:597:0: style: The function 'testFloatsNotLessOrEqualNanActual' is never used. [unusedFunction]

^
external/Unity/test/tests/test_unity_floats.c:608:0: style: The function 'testFloatsNotLessOrEqualNanThreshold' is never used. [unusedFunction]

^
external/Unity/test/tests/test_unity_floats.c:639:0: style: The function 'testFloatsNotLessOrEqualNegInf' is never used. [unusedFunction]

^
external/Unity/test/tests/test_unity_floats.c:475:0: style: The function 'testFloatsNotLessThan' is never used. [unusedFunction]

^
external/Unity/test/tests/test_unity_floats.c:541:0: style: The function 'testFloatsNotLessThanBothInf' is never used. [unusedFunction]

^
external/Unity/test/tests/test_unity_floats.c:552:0: style: The function 'testFloatsNotLessThanBothNegInf' is never used. [unusedFunction]

^
external/Unity/test/tests/test_unity_floats.c:519:0: style: The function 'testFloatsNotLessThanInf' is never used. [unusedFunction]

^
external/Unity/test/tests/test_unity_floats.c:486:0: style: The function 'testFloatsNotLessThanNanActual' is never used. [unusedFunction]

^
external/Unity/test/tests/test_unity_floats.c:508:0: style: The function 'testFloatsNotLessThanNanBoth' is never used. [unusedFunction]

^
external/Unity/test/tests/test_unity_floats.c:497:0: style: The function 'testFloatsNotLessThanNanThreshold' is never used. [unusedFunction]

^
external/Unity/test/tests/test_unity_floats.c:530:0: style: The function 'testFloatsNotLessThanNegInf' is never used. [unusedFunction]

^
external/CMock/vendor/unity/test/tests/test_unity_floats.c:48:0: style: The function 'testFloatsNotWithinDelta' is never used. [unusedFunction]

^
external/CMock/vendor/unity/test/tests/test_unity_floats.c:36:0: style: The function 'testFloatsWithinDelta' is never used. [unusedFunction]

^
external/CMock/examples/temp_sensor/test/TestUsartModel.c:17:0: style: The function 'testGetBaudRateRegisterSettingShouldReturnAppropriateBaudRateRegisterSetting' is never used. [unusedFunction]

^
external/CMock/examples/temp_sensor/test/TestUsartModel.c:25:0: style: The function 'testGetFormattedTemperatureFormatsTemperatureFromCalculatorAppropriately' is never used. [unusedFunction]

^
external/CMock/examples/temp_sensor/test/TestAdcHardware.c:25:0: style: The function 'testGetSampleCompleteShouldReturn_FALSE_WhenTemperatureSensorSampleReadyReturns_FALSE' is never used. [unusedFunction]

^
external/CMock/examples/temp_sensor/test/TestAdcHardware.c:31:0: style: The function 'testGetSampleCompleteShouldReturn_TRUE_WhenTemperatureSensorSampleReadyReturns_TRUE' is never used. [unusedFunction]

^
external/CMock/examples/temp_sensor/test/TestAdcHardware.c:37:0: style: The function 'testGetSampleShouldDelegateToAdcTemperatureSensor' is never used. [unusedFunction]

^
external/CMock/vendor/unity/test/tests/test_unity_integers.c:1766:0: style: The function 'testGreaterOrEqual' is never used. [unusedFunction]

^
external/CMock/vendor/unity/test/tests/test_unity_integers.c:1853:0: style: The function 'testGreaterOrEqualCHAR' is never used. [unusedFunction]

^
external/CMock/vendor/unity/test/tests/test_unity_integers.c:2085:0: style: The function 'testGreaterOrEqualHEX16' is never used. [unusedFunction]

^
external/CMock/vendor/unity/test/tests/test_unity_integers.c:2114:0: style: The function 'testGreaterOrEqualHEX32' is never used. [unusedFunction]

^
external/CMock/vendor/unity/test/tests/test_unity_integers.c:2056:0: style: The function 'testGreaterOrEqualHEX8' is never used. [unusedFunction]

^
external/CMock/vendor/unity/test/tests/test_unity_integers.c:1795:0: style: The function 'testGreaterOrEqualINT' is never used. [unusedFunction]

^
external/CMock/vendor/unity/test/tests/test_unity_integers.c:1882:0: style: The function 'testGreaterOrEqualINT16' is never used. [unusedFunction]

^
external/CMock/vendor/unity/test/tests/test_unity_integers.c:1911:0: style: The function 'testGreaterOrEqualINT32' is never used. [unusedFunction]

^
external/CMock/vendor/unity/test/tests/test_unity_integers.c:1824:0: style: The function 'testGreaterOrEqualINT8' is never used. [unusedFunction]

^
external/CMock/vendor/unity/test/tests/test_unity_integers.c:1940:0: style: The function 'testGreaterOrEqualUINT' is never used. [unusedFunction]

^
external/CMock/vendor/unity/test/tests/test_unity_integers.c:1998:0: style: The function 'testGreaterOrEqualUINT16' is never used. [unusedFunction]

^
external/CMock/vendor/unity/test/tests/test_unity_integers.c:2027:0: style: The function 'testGreaterOrEqualUINT32' is never used. [unusedFunction]

^
external/CMock/vendor/unity/test/tests/test_unity_integers.c:1969:0: style: The function 'testGreaterOrEqualUINT8' is never used. [unusedFunction]

^
external/CMock/vendor/unity/test/tests/test_unity_integers.c:1467:0: style: The function 'testGreaterThan' is never used. [unusedFunction]

^
external/CMock/vendor/unity/test/tests/test_unity_integers.c:1536:0: style: The function 'testGreaterThanCHAR' is never used. [unusedFunction]

^
external/CMock/vendor/unity/test/tests/test_unity_integers.c:1720:0: style: The function 'testGreaterThanHEX16' is never used. [unusedFunction]

^
external/CMock/vendor/unity/test/tests/test_unity_integers.c:1743:0: style: The function 'testGreaterThanHEX32' is never used. [unusedFunction]

^
external/CMock/vendor/unity/test/tests/test_unity_integers.c:1697:0: style: The function 'testGreaterThanHEX8' is never used. [unusedFunction]

^
external/CMock/vendor/unity/test/tests/test_unity_integers.c:1490:0: style: The function 'testGreaterThanINT' is never used. [unusedFunction]

^
external/CMock/vendor/unity/test/tests/test_unity_integers.c:1559:0: style: The function 'testGreaterThanINT16' is never used. [unusedFunction]

^
external/CMock/vendor/unity/test/tests/test_unity_integers.c:1582:0: style: The function 'testGreaterThanINT32' is never used. [unusedFunction]

^
external/CMock/vendor/unity/test/tests/test_unity_integers.c:1513:0: style: The function 'testGreaterThanINT8' is never used. [unusedFunction]

^
external/CMock/vendor/unity/test/tests/test_unity_integers.c:1605:0: style: The function 'testGreaterThanUINT' is never used. [unusedFunction]

^
external/CMock/vendor/unity/test/tests/test_unity_integers.c:1651:0: style: The function 'testGreaterThanUINT16' is never used. [unusedFunction]

^
external/CMock/vendor/unity/test/tests/test_unity_integers.c:1674:0: style: The function 'testGreaterThanUINT32' is never used. [unusedFunction]

^
external/CMock/vendor/unity/test/tests/test_unity_integers.c:1628:0: style: The function 'testGreaterThanUINT8' is never used. [unusedFunction]

^
external/CMock/vendor/unity/test/tests/test_unity_arrays.c:1439:0: style: The function 'testHEX16ArrayNotWithinDelta' is never used. [unusedFunction]

^
external/CMock/vendor/unity/test/tests/test_unity_arrays.c:1449:0: style: The function 'testHEX16ArrayNotWithinDeltaAndMessage' is never used. [unusedFunction]

^
external/CMock/vendor/unity/test/tests/test_unity_arrays.c:1411:0: style: The function 'testHEX16ArrayWithinDelta' is never used. [unusedFunction]

^
external/CMock/vendor/unity/test/tests/test_unity_arrays.c:1497:0: style: The function 'testHEX16ArrayWithinDeltaActualNull' is never used. [unusedFunction]

^
external/CMock/vendor/unity/test/tests/test_unity_arrays.c:1506:0: style: The function 'testHEX16ArrayWithinDeltaActualNullAndMessage' is never used. [unusedFunction]

^
external/CMock/vendor/unity/test/tests/test_unity_arrays.c:1429:0: style: The function 'testHEX16ArrayWithinDeltaAndMessage' is never used. [unusedFunction]

^
external/CMock/vendor/unity/test/tests/test_unity_arrays.c:1479:0: style: The function 'testHEX16ArrayWithinDeltaExpectedNull' is never used. [unusedFunction]

^
external/CMock/vendor/unity/test/tests/test_unity_arrays.c:1488:0: style: The function 'testHEX16ArrayWithinDeltaExpectedNullAndMessage' is never used. [unusedFunction]

^
external/CMock/vendor/unity/test/tests/test_unity_arrays.c:1459:0: style: The function 'testHEX16ArrayWithinDeltaPointless' is never used. [unusedFunction]

^
external/CMock/vendor/unity/test/tests/test_unity_arrays.c:1469:0: style: The function 'testHEX16ArrayWithinDeltaPointlessAndMessage' is never used. [unusedFunction]

^
external/CMock/vendor/unity/test/tests/test_unity_arrays.c:1515:0: style: The function 'testHEX16ArrayWithinDeltaSamePointer' is never used. [unusedFunction]

^
external/CMock/vendor/unity/test/tests/test_unity_arrays.c:1522:0: style: The function 'testHEX16ArrayWithinDeltaSamePointerAndMessage' is never used. [unusedFunction]

^
external/CMock/vendor/unity/test/tests/test_unity_arrays.c:1421:0: style: The function 'testHEX16ArrayWithinDeltaShouldNotHaveSignIssues' is never used. [unusedFunction]

^
external/CMock/vendor/unity/test/tests/test_unity_integers.c:872:0: style: The function 'testHEX16sNotWithinDelta' is never used. [unusedFunction]

^
external/CMock/vendor/unity/test/tests/test_unity_integers.c:879:0: style: The function 'testHEX16sNotWithinDeltaAndCustomMessage' is never used. [unusedFunction]

^
external/CMock/vendor/unity/test/tests/test_unity_integers.c:843:0: style: The function 'testHEX16sWithinDelta' is never used. [unusedFunction]

^
external/CMock/vendor/unity/test/tests/test_unity_integers.c:855:0: style: The function 'testHEX16sWithinDeltaAndCustomMessage' is never used. [unusedFunction]

^
external/CMock/vendor/unity/test/tests/test_unity_integers.c:850:0: style: The function 'testHEX16sWithinDeltaShouldIgnoreSign' is never used. [unusedFunction]

^
external/CMock/vendor/unity/test/tests/test_unity_integers.c:862:0: style: The function 'testHEX16sWithinDeltaWhenThereAreDifferenceOutsideOf16Bits' is never used. [unusedFunction]

^
external/CMock/vendor/unity/test/tests/test_unity_integers.c:867:0: style: The function 'testHEX16sWithinDeltaWhenThereAreDifferenceOutsideOf16BitsAndCustomMessage' is never used. [unusedFunction]

^
external/CMock/vendor/unity/test/tests/test_unity_arrays.c:1320:0: style: The function 'testHEX32ArrayNotWithinDelta' is never used. [unusedFunction]

^
external/CMock/vendor/unity/test/tests/test_unity_arrays.c:1330:0: style: The function 'testHEX32ArrayNotWithinDeltaAndMessage' is never used. [unusedFunction]

^
external/CMock/vendor/unity/test/tests/test_unity_arrays.c:1292:0: style: The function 'testHEX32ArrayWithinDelta' is never used. [unusedFunction]

^
external/CMock/vendor/unity/test/tests/test_unity_arrays.c:1378:0: style: The function 'testHEX32ArrayWithinDeltaActualNull' is never used. [unusedFunction]

^
external/CMock/vendor/unity/test/tests/test_unity_arrays.c:1387:0: style: The function 'testHEX32ArrayWithinDeltaActualNullAndMessage' is never used. [unusedFunction]

^
external/CMock/vendor/unity/test/tests/test_unity_arrays.c:1310:0: style: The function 'testHEX32ArrayWithinDeltaAndMessage' is never used. [unusedFunction]

^
external/CMock/vendor/unity/test/tests/test_unity_arrays.c:1360:0: style: The function 'testHEX32ArrayWithinDeltaExpectedNull' is never used. [unusedFunction]

^
external/CMock/vendor/unity/test/tests/test_unity_arrays.c:1369:0: style: The function 'testHEX32ArrayWithinDeltaExpectedNullAndMessage' is never used. [unusedFunction]

^
external/CMock/vendor/unity/test/tests/test_unity_arrays.c:1340:0: style: The function 'testHEX32ArrayWithinDeltaPointless' is never used. [unusedFunction]

^
external/CMock/vendor/unity/test/tests/test_unity_arrays.c:1350:0: style: The function 'testHEX32ArrayWithinDeltaPointlessAndMessage' is never used. [unusedFunction]

^
external/CMock/vendor/unity/test/tests/test_unity_arrays.c:1396:0: style: The function 'testHEX32ArrayWithinDeltaSamePointer' is never used. [unusedFunction]

^
external/CMock/vendor/unity/test/tests/test_unity_arrays.c:1403:0: style: The function 'testHEX32ArrayWithinDeltaSamePointerAndMessage' is never used. [unusedFunction]

^
external/CMock/vendor/unity/test/tests/test_unity_arrays.c:1302:0: style: The function 'testHEX32ArrayWithinDeltaShouldNotHaveSignIssues' is never used. [unusedFunction]

^
external/CMock/vendor/unity/test/tests/test_unity_integers.c:815:0: style: The function 'testHEX32sNotWithinDelta' is never used. [unusedFunction]

^
external/CMock/vendor/unity/test/tests/test_unity_integers.c:822:0: style: The function 'testHEX32sNotWithinDeltaAndCustomMessage' is never used. [unusedFunction]

^
external/CMock/vendor/unity/test/tests/test_unity_integers.c:829:0: style: The function 'testHEX32sNotWithinDeltaEvenThoughASignedIntWouldPass' is never used. [unusedFunction]

^
external/CMock/vendor/unity/test/tests/test_unity_integers.c:836:0: style: The function 'testHEX32sNotWithinDeltaEvenThoughASignedIntWouldPassAndCustomMessage' is never used. [unusedFunction]

^
external/CMock/vendor/unity/test/tests/test_unity_integers.c:796:0: style: The function 'testHEX32sWithinDelta' is never used. [unusedFunction]

^
external/CMock/vendor/unity/test/tests/test_unity_integers.c:808:0: style: The function 'testHEX32sWithinDeltaAndCustomMessage' is never used. [unusedFunction]

^
external/CMock/vendor/unity/test/tests/test_unity_integers.c:803:0: style: The function 'testHEX32sWithinDeltaShouldIgnoreSign' is never used. [unusedFunction]

^
external/CMock/vendor/unity/test/tests/test_unity_arrays.c:1162:0: style: The function 'testHEX64ArrayNotWithinDelta' is never used. [unusedFunction]

^
external/CMock/vendor/unity/test/tests/test_unity_arrays.c:1176:0: style: The function 'testHEX64ArrayNotWithinDeltaAndMessage' is never used. [unusedFunction]

^
external/CMock/vendor/unity/test/tests/test_unity_arrays.c:1122:0: style: The function 'testHEX64ArrayWithinDelta' is never used. [unusedFunction]

^
external/CMock/vendor/unity/test/tests/test_unity_arrays.c:1244:0: style: The function 'testHEX64ArrayWithinDeltaActualNull' is never used. [unusedFunction]

^
external/CMock/vendor/unity/test/tests/test_unity_arrays.c:1257:0: style: The function 'testHEX64ArrayWithinDeltaActualNullAndMessage' is never used. [unusedFunction]

^
external/CMock/vendor/unity/test/tests/test_unity_arrays.c:1148:0: style: The function 'testHEX64ArrayWithinDeltaAndMessage' is never used. [unusedFunction]

^
external/CMock/vendor/unity/test/tests/test_unity_arrays.c:1218:0: style: The function 'testHEX64ArrayWithinDeltaExpectedNull' is never used. [unusedFunction]

^
external/CMock/vendor/unity/test/tests/test_unity_arrays.c:1231:0: style: The function 'testHEX64ArrayWithinDeltaExpectedNullAndMessage' is never used. [unusedFunction]

^
external/CMock/vendor/unity/test/tests/test_unity_arrays.c:1190:0: style: The function 'testHEX64ArrayWithinDeltaPointless' is never used. [unusedFunction]

^
external/CMock/vendor/unity/test/tests/test_unity_arrays.c:1204:0: style: The function 'testHEX64ArrayWithinDeltaPointlessAndMessage' is never used. [unusedFunction]

^
external/CMock/vendor/unity/test/tests/test_unity_arrays.c:1270:0: style: The function 'testHEX64ArrayWithinDeltaSamePointer' is never used. [unusedFunction]

^
external/CMock/vendor/unity/test/tests/test_unity_arrays.c:1281:0: style: The function 'testHEX64ArrayWithinDeltaSamePointerAndMessage' is never used. [unusedFunction]

^
external/CMock/vendor/unity/test/tests/test_unity_arrays.c:1136:0: style: The function 'testHEX64ArrayWithinDeltaShouldNotHaveSignIssues' is never used. [unusedFunction]

^
external/CMock/vendor/unity/test/tests/test_unity_integers_64.c:664:0: style: The function 'testHEX64sNotWithinDelta' is never used. [unusedFunction]

^
external/CMock/vendor/unity/test/tests/test_unity_integers_64.c:675:0: style: The function 'testHEX64sNotWithinDeltaEvenThoughASignedIntWouldPass' is never used. [unusedFunction]

^
external/CMock/vendor/unity/test/tests/test_unity_integers_64.c:644:0: style: The function 'testHEX64sWithinDelta' is never used. [unusedFunction]

^
external/CMock/vendor/unity/test/tests/test_unity_arrays.c:1549:0: style: The function 'testHEX8ArrayNotWithinDelta' is never used. [unusedFunction]

^
external/CMock/vendor/unity/test/tests/test_unity_arrays.c:1567:0: style: The function 'testHEX8ArrayNotWithinDeltaAndMessage' is never used. [unusedFunction]

^
external/CMock/vendor/unity/test/tests/test_unity_arrays.c:1529:0: style: The function 'testHEX8ArrayWithinDelta' is never used. [unusedFunction]

^
external/CMock/vendor/unity/test/tests/test_unity_arrays.c:1615:0: style: The function 'testHEX8ArrayWithinDeltaActualNull' is never used. [unusedFunction]

^
external/CMock/vendor/unity/test/tests/test_unity_arrays.c:1624:0: style: The function 'testHEX8ArrayWithinDeltaActualNullAndMessage' is never used. [unusedFunction]

^
external/CMock/vendor/unity/test/tests/test_unity_arrays.c:1539:0: style: The function 'testHEX8ArrayWithinDeltaAndMessage' is never used. [unusedFunction]

^
external/CMock/vendor/unity/test/tests/test_unity_arrays.c:1597:0: style: The function 'testHEX8ArrayWithinDeltaExpectedNull' is never used. [unusedFunction]

^
external/CMock/vendor/unity/test/tests/test_unity_arrays.c:1606:0: style: The function 'testHEX8ArrayWithinDeltaExpectedNullAndMessage' is never used. [unusedFunction]

^
external/CMock/vendor/unity/test/tests/test_unity_arrays.c:1577:0: style: The function 'testHEX8ArrayWithinDeltaPointless' is never used. [unusedFunction]

^
external/CMock/vendor/unity/test/tests/test_unity_arrays.c:1587:0: style: The function 'testHEX8ArrayWithinDeltaPointlessAndMessage' is never used. [unusedFunction]

^
external/CMock/vendor/unity/test/tests/test_unity_arrays.c:1633:0: style: The function 'testHEX8ArrayWithinDeltaSamePointer' is never used. [unusedFunction]

^
external/CMock/vendor/unity/test/tests/test_unity_arrays.c:1640:0: style: The function 'testHEX8ArrayWithinDeltaSamePointerAndMessage' is never used. [unusedFunction]

^
external/CMock/vendor/unity/test/tests/test_unity_arrays.c:1559:0: style: The function 'testHEX8ArrayWithinDeltaShouldNotHaveSignIssues' is never used. [unusedFunction]

^
external/CMock/vendor/unity/test/tests/test_unity_integers.c:915:0: style: The function 'testHEX8sNotWithinDelta' is never used. [unusedFunction]

^
external/CMock/vendor/unity/test/tests/test_unity_integers.c:922:0: style: The function 'testHEX8sNotWithinDeltaAndCustomMessage' is never used. [unusedFunction]

^
external/CMock/vendor/unity/test/tests/test_unity_integers.c:886:0: style: The function 'testHEX8sWithinDelta' is never used. [unusedFunction]

^
external/CMock/vendor/unity/test/tests/test_unity_integers.c:898:0: style: The function 'testHEX8sWithinDeltaAndCustomMessage' is never used. [unusedFunction]

^
external/CMock/vendor/unity/test/tests/test_unity_integers.c:893:0: style: The function 'testHEX8sWithinDeltaShouldIgnoreSign' is never used. [unusedFunction]

^
external/CMock/vendor/unity/test/tests/test_unity_integers.c:905:0: style: The function 'testHEX8sWithinDeltaWhenThereAreDifferenceOutsideOf8Bits' is never used. [unusedFunction]

^
external/CMock/vendor/unity/test/tests/test_unity_integers.c:910:0: style: The function 'testHEX8sWithinDeltaWhenThereAreDifferenceOutsideOf8BitsAndCustomMessage' is never used. [unusedFunction]

^
external/CMock/vendor/unity/test/tests/test_unity_integers.c:2821:0: style: The function 'testHexPrintsUpToMaxNumberOfNibbles' is never used. [unusedFunction]

^
external/CMock/vendor/unity/test/tests/test_unity_integers.c:1103:0: style: The function 'testINT16sNotWithinDelta' is never used. [unusedFunction]

^
external/CMock/vendor/unity/test/tests/test_unity_integers.c:1110:0: style: The function 'testINT16sNotWithinDeltaAndCustomMessage' is never used. [unusedFunction]

^
external/CMock/vendor/unity/test/tests/test_unity_integers.c:1081:0: style: The function 'testINT16sWithinDelta' is never used. [unusedFunction]

^
external/CMock/vendor/unity/test/tests/test_unity_integers.c:1088:0: style: The function 'testINT16sWithinDeltaAndCustomMessage' is never used. [unusedFunction]

^
external/CMock/vendor/unity/test/tests/test_unity_integers.c:1093:0: style: The function 'testINT16sWithinDeltaWhenThereAreDifferenceOutsideOf16Bits' is never used. [unusedFunction]

^
external/CMock/vendor/unity/test/tests/test_unity_integers.c:1098:0: style: The function 'testINT16sWithinDeltaWhenThereAreDifferenceOutsideOf16BitsAndCustomMessage' is never used. [unusedFunction]

^
external/CMock/vendor/unity/test/tests/test_unity_integers.c:1061:0: style: The function 'testINT32sNotWithinDelta' is never used. [unusedFunction]

^
external/CMock/vendor/unity/test/tests/test_unity_integers.c:1074:0: style: The function 'testINT32sNotWithinDeltaAndCustomMessage' is never used. [unusedFunction]

^
external/CMock/vendor/unity/test/tests/test_unity_integers.c:1068:0: style: The function 'testINT32sNotWithinDeltaAndDifferenceOverflows' is never used. [unusedFunction]

^
external/CMock/vendor/unity/test/tests/test_unity_integers.c:1049:0: style: The function 'testINT32sWithinDelta' is never used. [unusedFunction]

^
external/CMock/vendor/unity/test/tests/test_unity_integers.c:1056:0: style: The function 'testINT32sWithinDeltaAndCustomMessage' is never used. [unusedFunction]

^
external/CMock/vendor/unity/test/tests/test_unity_integers_64.c:730:0: style: The function 'testINT64sNotWithinDelta' is never used. [unusedFunction]

^
external/CMock/vendor/unity/test/tests/test_unity_integers_64.c:741:0: style: The function 'testINT64sNotWithinDeltaAndDifferenceOverflows' is never used. [unusedFunction]

^
external/CMock/vendor/unity/test/tests/test_unity_integers_64.c:719:0: style: The function 'testINT64sWithinDelta' is never used. [unusedFunction]

^
external/CMock/vendor/unity/test/tests/test_unity_integers.c:1139:0: style: The function 'testINT8sNotWithinDelta' is never used. [unusedFunction]

^
external/CMock/vendor/unity/test/tests/test_unity_integers.c:1146:0: style: The function 'testINT8sNotWithinDeltaAndCustomMessage' is never used. [unusedFunction]

^
external/CMock/vendor/unity/test/tests/test_unity_integers.c:1117:0: style: The function 'testINT8sWithinDelta' is never used. [unusedFunction]

^
external/CMock/vendor/unity/test/tests/test_unity_integers.c:1124:0: style: The function 'testINT8sWithinDeltaAndCustomMessage' is never used. [unusedFunction]

^
external/CMock/vendor/unity/test/tests/test_unity_integers.c:1129:0: style: The function 'testINT8sWithinDeltaWhenThereAreDifferenceOutsideOf8Bits' is never used. [unusedFunction]

^
external/CMock/vendor/unity/test/tests/test_unity_integers.c:1134:0: style: The function 'testINT8sWithinDeltaWhenThereAreDifferenceOutsideOf8BitsAndCustomMessage' is never used. [unusedFunction]

^
external/CMock/vendor/unity/test/tests/test_unity_core.c:250:0: style: The function 'testIgnore' is never used. [unusedFunction]

^
external/CMock/vendor/unity/test/tests/test_unity_core.c:258:0: style: The function 'testIgnoreMessage' is never used. [unusedFunction]

^
external/CMock/vendor/unity/test/tests/test_unity_core.c:284:0: style: The function 'testIgnoredAndThenFailInTearDown' is never used. [unusedFunction]

^
external/CMock/examples/temp_sensor/test/TestAdcConductor.c:17:0: style: The function 'testInitShouldCallHardwareInit' is never used. [unusedFunction]

^
external/CMock/examples/temp_sensor/test/TestExecutor.c:18:0: style: The function 'testInitShouldCallInitOfAllConductorsAndTheModel' is never used. [unusedFunction]

^
external/CMock/examples/temp_sensor/test/TestModel.c:15:0: style: The function 'testInitShouldCallSchedulerAndTemperatureFilterInit' is never used. [unusedFunction]

^
external/CMock/examples/temp_sensor/test/TestUsartHardware.c:16:0: style: The function 'testInitShouldConfigureUsartPeripheralByCallingConfiguratorAppropriately' is never used. [unusedFunction]

^
external/CMock/examples/temp_sensor/test/TestTimerHardware.c:14:0: style: The function 'testInitShouldDelegateAppropriatelyToConfigurator' is never used. [unusedFunction]

^
external/CMock/examples/temp_sensor/test/TestAdcHardware.c:15:0: style: The function 'testInitShouldDelegateToConfiguratorAndTemperatureSensor' is never used. [unusedFunction]

^
external/CMock/vendor/unity/test/tests/test_unity_arrays.c:324:0: style: The function 'testInt16ArrayNotWithinDelta' is never used. [unusedFunction]

^
external/CMock/vendor/unity/test/tests/test_unity_arrays.c:334:0: style: The function 'testInt16ArrayNotWithinDeltaAndMessage' is never used. [unusedFunction]

^
external/CMock/vendor/unity/test/tests/test_unity_arrays.c:304:0: style: The function 'testInt16ArrayWithinDelta' is never used. [unusedFunction]

^
external/CMock/vendor/unity/test/tests/test_unity_arrays.c:382:0: style: The function 'testInt16ArrayWithinDeltaActualNull' is never used. [unusedFunction]

^
external/CMock/vendor/unity/test/tests/test_unity_arrays.c:391:0: style: The function 'testInt16ArrayWithinDeltaActualNullAndMessage' is never used. [unusedFunction]

^
external/CMock/vendor/unity/test/tests/test_unity_arrays.c:314:0: style: The function 'testInt16ArrayWithinDeltaAndMessage' is never used. [unusedFunction]

^
external/CMock/vendor/unity/test/tests/test_unity_arrays.c:364:0: style: The function 'testInt16ArrayWithinDeltaExpectedNull' is never used. [unusedFunction]

^
external/CMock/vendor/unity/test/tests/test_unity_arrays.c:373:0: style: The function 'testInt16ArrayWithinDeltaExpectedNullAndMessage' is never used. [unusedFunction]

^
external/CMock/vendor/unity/test/tests/test_unity_arrays.c:344:0: style: The function 'testInt16ArrayWithinDeltaPointless' is never used. [unusedFunction]

^
external/CMock/vendor/unity/test/tests/test_unity_arrays.c:354:0: style: The function 'testInt16ArrayWithinDeltaPointlessAndMessage' is never used. [unusedFunction]

^
external/CMock/vendor/unity/test/tests/test_unity_arrays.c:400:0: style: The function 'testInt16ArrayWithinDeltaSamePointer' is never used. [unusedFunction]

^
external/CMock/vendor/unity/test/tests/test_unity_arrays.c:407:0: style: The function 'testInt16ArrayWithinDeltaSamePointerAndMessage' is never used. [unusedFunction]

^
external/CMock/vendor/unity/test/tests/test_unity_arrays.c:78:0: style: The function 'testInt64ArrayNotWithinDeltaAndMessage' is never used. [unusedFunction]

^
external/CMock/vendor/unity/test/tests/test_unity_arrays.c:36:0: style: The function 'testInt64ArrayWithinDelta' is never used. [unusedFunction]

^
external/CMock/vendor/unity/test/tests/test_unity_arrays.c:146:0: style: The function 'testInt64ArrayWithinDeltaActualNull' is never used. [unusedFunction]

^
external/CMock/vendor/unity/test/tests/test_unity_arrays.c:159:0: style: The function 'testInt64ArrayWithinDeltaActualNullAndMessage' is never used. [unusedFunction]

^
external/CMock/vendor/unity/test/tests/test_unity_arrays.c:50:0: style: The function 'testInt64ArrayWithinDeltaAndMessage' is never used. [unusedFunction]

^
external/CMock/vendor/unity/test/tests/test_unity_arrays.c:120:0: style: The function 'testInt64ArrayWithinDeltaExpectedNull' is never used. [unusedFunction]

^
external/CMock/vendor/unity/test/tests/test_unity_arrays.c:133:0: style: The function 'testInt64ArrayWithinDeltaExpectedNullAndMessage' is never used. [unusedFunction]

^
external/CMock/vendor/unity/test/tests/test_unity_arrays.c:92:0: style: The function 'testInt64ArrayWithinDeltaPointless' is never used. [unusedFunction]

^
external/CMock/vendor/unity/test/tests/test_unity_arrays.c:106:0: style: The function 'testInt64ArrayWithinDeltaPointlessAndMessage' is never used. [unusedFunction]

^
external/CMock/vendor/unity/test/tests/test_unity_arrays.c:172:0: style: The function 'testInt64ArrayWithinDeltaSamePointer' is never used. [unusedFunction]

^
external/CMock/vendor/unity/test/tests/test_unity_arrays.c:183:0: style: The function 'testInt64ArrayWithinDeltaSamePointerAndMessage' is never used. [unusedFunction]

^
external/CMock/vendor/unity/test/tests/test_unity_arrays.c:434:0: style: The function 'testInt8ArrayNotWithinDelta' is never used. [unusedFunction]

^
external/CMock/vendor/unity/test/tests/test_unity_arrays.c:444:0: style: The function 'testInt8ArrayNotWithinDeltaAndMessage' is never used. [unusedFunction]

^
external/CMock/vendor/unity/test/tests/test_unity_arrays.c:414:0: style: The function 'testInt8ArrayWithinDelta' is never used. [unusedFunction]

^
external/CMock/vendor/unity/test/tests/test_unity_arrays.c:492:0: style: The function 'testInt8ArrayWithinDeltaActualNull' is never used. [unusedFunction]

^
external/CMock/vendor/unity/test/tests/test_unity_arrays.c:501:0: style: The function 'testInt8ArrayWithinDeltaActualNullAndMessage' is never used. [unusedFunction]

^
external/CMock/vendor/unity/test/tests/test_unity_arrays.c:424:0: style: The function 'testInt8ArrayWithinDeltaAndMessage' is never used. [unusedFunction]

^
external/CMock/vendor/unity/test/tests/test_unity_arrays.c:474:0: style: The function 'testInt8ArrayWithinDeltaExpectedNull' is never used. [unusedFunction]

^
external/CMock/vendor/unity/test/tests/test_unity_arrays.c:483:0: style: The function 'testInt8ArrayWithinDeltaExpectedNullAndMessage' is never used. [unusedFunction]

^
external/CMock/vendor/unity/test/tests/test_unity_arrays.c:454:0: style: The function 'testInt8ArrayWithinDeltaPointless' is never used. [unusedFunction]

^
external/CMock/vendor/unity/test/tests/test_unity_arrays.c:464:0: style: The function 'testInt8ArrayWithinDeltaPointlessAndMessage' is never used. [unusedFunction]

^
external/CMock/vendor/unity/test/tests/test_unity_arrays.c:510:0: style: The function 'testInt8ArrayWithinDeltaSamePointer' is never used. [unusedFunction]

^
external/CMock/vendor/unity/test/tests/test_unity_arrays.c:517:0: style: The function 'testInt8ArrayWithinDeltaSamePointerAndMessage' is never used. [unusedFunction]

^
external/CMock/vendor/unity/test/tests/test_unity_arrays.c:214:0: style: The function 'testIntArrayNotWithinDelta' is never used. [unusedFunction]

^
external/CMock/vendor/unity/test/tests/test_unity_arrays.c:224:0: style: The function 'testIntArrayNotWithinDeltaAndMessage' is never used. [unusedFunction]

^
external/CMock/vendor/unity/test/tests/test_unity_arrays.c:194:0: style: The function 'testIntArrayWithinDelta' is never used. [unusedFunction]

^
external/CMock/vendor/unity/test/tests/test_unity_arrays.c:272:0: style: The function 'testIntArrayWithinDeltaActualNull' is never used. [unusedFunction]

^
external/CMock/vendor/unity/test/tests/test_unity_arrays.c:281:0: style: The function 'testIntArrayWithinDeltaActualNullAndMessage' is never used. [unusedFunction]

^
external/CMock/vendor/unity/test/tests/test_unity_arrays.c:204:0: style: The function 'testIntArrayWithinDeltaAndMessage' is never used. [unusedFunction]

^
external/CMock/vendor/unity/test/tests/test_unity_arrays.c:254:0: style: The function 'testIntArrayWithinDeltaExpectedNull' is never used. [unusedFunction]

^
external/CMock/vendor/unity/test/tests/test_unity_arrays.c:263:0: style: The function 'testIntArrayWithinDeltaExpectedNullAndMessage' is never used. [unusedFunction]

^
external/CMock/vendor/unity/test/tests/test_unity_arrays.c:234:0: style: The function 'testIntArrayWithinDeltaPointless' is never used. [unusedFunction]

^
external/CMock/vendor/unity/test/tests/test_unity_arrays.c:244:0: style: The function 'testIntArrayWithinDeltaPointlessAndMessage' is never used. [unusedFunction]

^
external/CMock/vendor/unity/test/tests/test_unity_arrays.c:290:0: style: The function 'testIntArrayWithinDeltaSamePointer' is never used. [unusedFunction]

^
external/CMock/vendor/unity/test/tests/test_unity_arrays.c:297:0: style: The function 'testIntArrayWithinDeltaSamePointerAndMessage' is never used. [unusedFunction]

^
external/CMock/examples/temp_sensor/test/TestTimerInterruptHandler.c:28:0: style: The function 'testInterruptHandlerShouldIncrementSystemTimeOnlyIfStatusHasCompareRegisterCOverflowBitSet' is never used. [unusedFunction]

^
external/CMock/examples/temp_sensor/test/TestTimerInterruptHandler.c:51:0: style: The function 'testInterruptHandlerShouldIncrementSystemTimerBy_10' is never used. [unusedFunction]

^
external/CMock/vendor/unity/test/tests/test_unity_integers.c:726:0: style: The function 'testIntsNotWithinDelta' is never used. [unusedFunction]

^
external/CMock/vendor/unity/test/tests/test_unity_integers.c:733:0: style: The function 'testIntsNotWithinDeltaAndCustomMessage' is never used. [unusedFunction]

^
external/CMock/vendor/unity/test/tests/test_unity_integers.c:702:0: style: The function 'testIntsWithinDelta' is never used. [unusedFunction]

^
external/CMock/vendor/unity/test/tests/test_unity_integers.c:714:0: style: The function 'testIntsWithinDeltaAndCustomMessage' is never used. [unusedFunction]

^
external/CMock/vendor/unity/test/tests/test_unity_core.c:223:0: style: The function 'testIsEmpty' is never used. [unusedFunction]

^
external/CMock/vendor/unity/test/tests/test_unity_core.c:232:0: style: The function 'testIsEmptyShouldFailIfNot' is never used. [unusedFunction]

^
external/CMock/vendor/unity/test/tests/test_unity_core.c:196:0: style: The function 'testIsNull' is never used. [unusedFunction]

^
external/CMock/vendor/unity/test/tests/test_unity_core.c:205:0: style: The function 'testIsNullShouldFailIfNot' is never used. [unusedFunction]

^
external/CMock/examples/temp_sensor/test/TestAdcConductor.c:49:0: style: The function 'testJustHereToTest_Should_ProperlyPassAStructAndVerifyIt' is never used. [unusedFunction]

^
external/CMock/vendor/unity/test/tests/test_unity_integers.c:2444:0: style: The function 'testLessOrEqual' is never used. [unusedFunction]

^
external/CMock/vendor/unity/test/tests/test_unity_integers.c:2531:0: style: The function 'testLessOrEqualCHAR' is never used. [unusedFunction]

^
external/CMock/vendor/unity/test/tests/test_unity_integers.c:2763:0: style: The function 'testLessOrEqualHEX16' is never used. [unusedFunction]

^
external/CMock/vendor/unity/test/tests/test_unity_integers.c:2792:0: style: The function 'testLessOrEqualHEX32' is never used. [unusedFunction]

^
external/CMock/vendor/unity/test/tests/test_unity_integers.c:2734:0: style: The function 'testLessOrEqualHEX8' is never used. [unusedFunction]

^
external/CMock/vendor/unity/test/tests/test_unity_integers.c:2473:0: style: The function 'testLessOrEqualINT' is never used. [unusedFunction]

^
external/CMock/vendor/unity/test/tests/test_unity_integers.c:2560:0: style: The function 'testLessOrEqualINT16' is never used. [unusedFunction]

^
external/CMock/vendor/unity/test/tests/test_unity_integers.c:2589:0: style: The function 'testLessOrEqualINT32' is never used. [unusedFunction]

^
external/CMock/vendor/unity/test/tests/test_unity_integers.c:2502:0: style: The function 'testLessOrEqualINT8' is never used. [unusedFunction]

^
external/CMock/vendor/unity/test/tests/test_unity_integers.c:2618:0: style: The function 'testLessOrEqualUINT' is never used. [unusedFunction]

^
external/CMock/vendor/unity/test/tests/test_unity_integers.c:2676:0: style: The function 'testLessOrEqualUINT16' is never used. [unusedFunction]

^
external/CMock/vendor/unity/test/tests/test_unity_integers.c:2705:0: style: The function 'testLessOrEqualUINT32' is never used. [unusedFunction]

^
external/CMock/vendor/unity/test/tests/test_unity_integers.c:2647:0: style: The function 'testLessOrEqualUINT8' is never used. [unusedFunction]

^
external/CMock/vendor/unity/test/tests/test_unity_integers.c:2145:0: style: The function 'testLessThan' is never used. [unusedFunction]

^
external/CMock/vendor/unity/test/tests/test_unity_integers.c:2214:0: style: The function 'testLessThanCHAR' is never used. [unusedFunction]

^
external/CMock/vendor/unity/test/tests/test_unity_integers.c:2398:0: style: The function 'testLessThanHEX16' is never used. [unusedFunction]

^
external/CMock/vendor/unity/test/tests/test_unity_integers.c:2421:0: style: The function 'testLessThanHEX32' is never used. [unusedFunction]

^
external/CMock/vendor/unity/test/tests/test_unity_integers.c:2375:0: style: The function 'testLessThanHEX8' is never used. [unusedFunction]

^
external/CMock/vendor/unity/test/tests/test_unity_integers.c:2168:0: style: The function 'testLessThanINT' is never used. [unusedFunction]

^
external/CMock/vendor/unity/test/tests/test_unity_integers.c:2237:0: style: The function 'testLessThanINT16' is never used. [unusedFunction]

^
external/CMock/vendor/unity/test/tests/test_unity_integers.c:2260:0: style: The function 'testLessThanINT32' is never used. [unusedFunction]

^
external/CMock/vendor/unity/test/tests/test_unity_integers.c:2191:0: style: The function 'testLessThanINT8' is never used. [unusedFunction]

^
external/CMock/vendor/unity/test/tests/test_unity_integers.c:2283:0: style: The function 'testLessThanUINT' is never used. [unusedFunction]

^
external/CMock/vendor/unity/test/tests/test_unity_integers.c:2329:0: style: The function 'testLessThanUINT16' is never used. [unusedFunction]

^
external/CMock/vendor/unity/test/tests/test_unity_integers.c:2352:0: style: The function 'testLessThanUINT32' is never used. [unusedFunction]

^
external/CMock/vendor/unity/test/tests/test_unity_integers.c:2306:0: style: The function 'testLessThanUINT8' is never used. [unusedFunction]

^
external/CMock/examples/temp_sensor/test/TestMain.c:14:0: style: The function 'testMainShouldCallExecutorInitAndContinueToCallExecutorRunUntilHalted' is never used. [unusedFunction]

^
external/CMock/vendor/unity/test/tests/test_unity_core.c:113:0: style: The function 'testMessageShouldDisplayMessageWithoutEndingAndGoOnToFail' is never used. [unusedFunction]

^
external/CMock/vendor/unity/test/tests/test_unity_core.c:106:0: style: The function 'testMessageShouldDisplayMessageWithoutEndingAndGoOnToPass' is never used. [unusedFunction]

^
external/CMock/vendor/unity/test/tests/test_unity_core.c:241:0: style: The function 'testNotEmptyShouldFailIfEmpty' is never used. [unusedFunction]

^
external/CMock/vendor/unity/test/tests/test_unity_integers.c:444:0: style: The function 'testNotEqual' is never used. [unusedFunction]

^
external/CMock/vendor/unity/test/tests/test_unity_integers.c:559:0: style: The function 'testNotEqualBitHigh' is never used. [unusedFunction]

^
external/CMock/vendor/unity/test/tests/test_unity_integers.c:568:0: style: The function 'testNotEqualBitLow' is never used. [unusedFunction]

^
external/CMock/vendor/unity/test/tests/test_unity_integers.c:73:0: style: The function 'testNotEqualBits' is never used. [unusedFunction]

^
external/CMock/vendor/unity/test/tests/test_unity_integers.c:577:0: style: The function 'testNotEqualBitsHigh' is never used. [unusedFunction]

^
external/CMock/vendor/unity/test/tests/test_unity_integers.c:588:0: style: The function 'testNotEqualBitsLow' is never used. [unusedFunction]

^
external/CMock/vendor/unity/test/tests/test_unity_integers.c:1235:0: style: The function 'testNotEqualCHAR' is never used. [unusedFunction]

^
external/CMock/vendor/unity/test/tests/test_unity_arrays.c:1993:0: style: The function 'testNotEqualCHARArrays' is never used. [unusedFunction]

^
external/CMock/vendor/unity/test/tests/test_unity_arrays.c:2017:0: style: The function 'testNotEqualCHAREachEqual' is never used. [unusedFunction]

^
external/CMock/vendor/unity/test/tests/test_unity_integers.c:50:0: style: The function 'testNotEqualChars' is never used. [unusedFunction]

^
external/CMock/vendor/unity/test/tests/test_unity_doubles.c:435:0: style: The function 'testNotEqualDoubleArrays1' is never used. [unusedFunction]

^
external/CMock/vendor/unity/test/tests/test_unity_doubles.c:449:0: style: The function 'testNotEqualDoubleArrays2' is never used. [unusedFunction]

^
external/CMock/vendor/unity/test/tests/test_unity_doubles.c:463:0: style: The function 'testNotEqualDoubleArrays3' is never used. [unusedFunction]

^
external/CMock/vendor/unity/test/tests/test_unity_doubles.c:421:0: style: The function 'testNotEqualDoubleArraysActualNull' is never used. [unusedFunction]

^
external/CMock/vendor/unity/test/tests/test_unity_doubles.c:407:0: style: The function 'testNotEqualDoubleArraysExpectedNull' is never used. [unusedFunction]

^
external/CMock/vendor/unity/test/tests/test_unity_doubles.c:543:0: style: The function 'testNotEqualDoubleArraysLengthZero' is never used. [unusedFunction]

^
external/CMock/vendor/unity/test/tests/test_unity_doubles.c:477:0: style: The function 'testNotEqualDoubleArraysNegative1' is never used. [unusedFunction]

^
external/CMock/vendor/unity/test/tests/test_unity_doubles.c:491:0: style: The function 'testNotEqualDoubleArraysNegative2' is never used. [unusedFunction]

^
external/CMock/vendor/unity/test/tests/test_unity_doubles.c:505:0: style: The function 'testNotEqualDoubleArraysNegative3' is never used. [unusedFunction]

^
external/CMock/vendor/unity/test/tests/test_unity_doubles.c:588:0: style: The function 'testNotEqualDoubleEachEqual1' is never used. [unusedFunction]

^
external/CMock/vendor/unity/test/tests/test_unity_doubles.c:601:0: style: The function 'testNotEqualDoubleEachEqual2' is never used. [unusedFunction]

^
external/CMock/vendor/unity/test/tests/test_unity_doubles.c:614:0: style: The function 'testNotEqualDoubleEachEqual3' is never used. [unusedFunction]

^
external/CMock/vendor/unity/test/tests/test_unity_doubles.c:575:0: style: The function 'testNotEqualDoubleEachEqualActualNull' is never used. [unusedFunction]

^
external/CMock/vendor/unity/test/tests/test_unity_doubles.c:688:0: style: The function 'testNotEqualDoubleEachEqualLengthZero' is never used. [unusedFunction]

^
external/CMock/vendor/unity/test/tests/test_unity_doubles.c:627:0: style: The function 'testNotEqualDoubleEachEqualNegative1' is never used. [unusedFunction]

^
external/CMock/vendor/unity/test/tests/test_unity_doubles.c:640:0: style: The function 'testNotEqualDoubleEachEqualNegative2' is never used. [unusedFunction]

^
external/CMock/vendor/unity/test/tests/test_unity_doubles.c:653:0: style: The function 'testNotEqualDoubleEachEqualNegative3' is never used. [unusedFunction]

^
external/CMock/vendor/unity/test/tests/test_unity_arrays.c:1772:0: style: The function 'testNotEqualEachEqualLengthZero' is never used. [unusedFunction]

^
external/CMock/vendor/unity/test/tests/test_unity_floats.c:434:0: style: The function 'testNotEqualFloatArrays1' is never used. [unusedFunction]

^
external/CMock/vendor/unity/test/tests/test_unity_floats.c:448:0: style: The function 'testNotEqualFloatArrays2' is never used. [unusedFunction]

^
external/CMock/vendor/unity/test/tests/test_unity_floats.c:462:0: style: The function 'testNotEqualFloatArrays3' is never used. [unusedFunction]

^
external/CMock/vendor/unity/test/tests/test_unity_floats.c:420:0: style: The function 'testNotEqualFloatArraysActualNull' is never used. [unusedFunction]

^
external/CMock/vendor/unity/test/tests/test_unity_floats.c:406:0: style: The function 'testNotEqualFloatArraysExpectedNull' is never used. [unusedFunction]

^
external/CMock/vendor/unity/test/tests/test_unity_floats.c:542:0: style: The function 'testNotEqualFloatArraysLengthZero' is never used. [unusedFunction]

^
external/CMock/vendor/unity/test/tests/test_unity_floats.c:476:0: style: The function 'testNotEqualFloatArraysNegative1' is never used. [unusedFunction]

^
external/CMock/vendor/unity/test/tests/test_unity_floats.c:490:0: style: The function 'testNotEqualFloatArraysNegative2' is never used. [unusedFunction]

^
external/CMock/vendor/unity/test/tests/test_unity_floats.c:504:0: style: The function 'testNotEqualFloatArraysNegative3' is never used. [unusedFunction]

^
external/CMock/vendor/unity/test/tests/test_unity_floats.c:587:0: style: The function 'testNotEqualFloatEachEqual1' is never used. [unusedFunction]

^
external/CMock/vendor/unity/test/tests/test_unity_floats.c:600:0: style: The function 'testNotEqualFloatEachEqual2' is never used. [unusedFunction]

^
external/CMock/vendor/unity/test/tests/test_unity_floats.c:613:0: style: The function 'testNotEqualFloatEachEqual3' is never used. [unusedFunction]

^
external/CMock/vendor/unity/test/tests/test_unity_floats.c:574:0: style: The function 'testNotEqualFloatEachEqualActualNull' is never used. [unusedFunction]

^
external/CMock/vendor/unity/test/tests/test_unity_floats.c:687:0: style: The function 'testNotEqualFloatEachEqualLengthZero' is never used. [unusedFunction]

^
external/CMock/vendor/unity/test/tests/test_unity_floats.c:626:0: style: The function 'testNotEqualFloatEachEqualNegative1' is never used. [unusedFunction]

^
external/CMock/vendor/unity/test/tests/test_unity_floats.c:639:0: style: The function 'testNotEqualFloatEachEqualNegative2' is never used. [unusedFunction]

^
external/CMock/vendor/unity/test/tests/test_unity_floats.c:652:0: style: The function 'testNotEqualFloatEachEqualNegative3' is never used. [unusedFunction]

^
external/CMock/vendor/unity/test/tests/test_unity_integers.c:1419:0: style: The function 'testNotEqualHEX16' is never used. [unusedFunction]

^
external/CMock/vendor/unity/test/tests/test_unity_arrays.c:2440:0: style: The function 'testNotEqualHEX16Arrays1' is never used. [unusedFunction]

^
external/CMock/vendor/unity/test/tests/test_unity_arrays.c:2450:0: style: The function 'testNotEqualHEX16Arrays2' is never used. [unusedFunction]

^
external/CMock/vendor/unity/test/tests/test_unity_arrays.c:2460:0: style: The function 'testNotEqualHEX16Arrays3' is never used. [unusedFunction]

^
external/CMock/vendor/unity/test/tests/test_unity_arrays.c:2733:0: style: The function 'testNotEqualHEX16EachEqual1' is never used. [unusedFunction]

^
external/CMock/vendor/unity/test/tests/test_unity_arrays.c:2742:0: style: The function 'testNotEqualHEX16EachEqual2' is never used. [unusedFunction]

^
external/CMock/vendor/unity/test/tests/test_unity_arrays.c:2751:0: style: The function 'testNotEqualHEX16EachEqual3' is never used. [unusedFunction]

^
external/CMock/vendor/unity/test/tests/test_unity_integers.c:1442:0: style: The function 'testNotEqualHEX32' is never used. [unusedFunction]

^
external/CMock/vendor/unity/test/tests/test_unity_arrays.c:2396:0: style: The function 'testNotEqualHEX32Arrays1' is never used. [unusedFunction]

^
external/CMock/vendor/unity/test/tests/test_unity_arrays.c:2406:0: style: The function 'testNotEqualHEX32Arrays2' is never used. [unusedFunction]

^
external/CMock/vendor/unity/test/tests/test_unity_arrays.c:2416:0: style: The function 'testNotEqualHEX32Arrays3' is never used. [unusedFunction]

^
external/CMock/vendor/unity/test/tests/test_unity_arrays.c:2692:0: style: The function 'testNotEqualHEX32EachEqual1' is never used. [unusedFunction]

^
external/CMock/vendor/unity/test/tests/test_unity_arrays.c:2701:0: style: The function 'testNotEqualHEX32EachEqual2' is never used. [unusedFunction]

^
external/CMock/vendor/unity/test/tests/test_unity_arrays.c:2710:0: style: The function 'testNotEqualHEX32EachEqual3' is never used. [unusedFunction]

^
external/CMock/vendor/unity/test/tests/test_unity_arrays.c:2856:0: style: The function 'testNotEqualHEX64Arrays1' is never used. [unusedFunction]

^
external/CMock/vendor/unity/test/tests/test_unity_arrays.c:2870:0: style: The function 'testNotEqualHEX64Arrays2' is never used. [unusedFunction]

^
external/CMock/vendor/unity/test/tests/test_unity_integers.c:1396:0: style: The function 'testNotEqualHEX8' is never used. [unusedFunction]

^
external/CMock/vendor/unity/test/tests/test_unity_arrays.c:2484:0: style: The function 'testNotEqualHEX8Arrays1' is never used. [unusedFunction]

^
external/CMock/vendor/unity/test/tests/test_unity_arrays.c:2494:0: style: The function 'testNotEqualHEX8Arrays2' is never used. [unusedFunction]

^
external/CMock/vendor/unity/test/tests/test_unity_arrays.c:2504:0: style: The function 'testNotEqualHEX8Arrays3' is never used. [unusedFunction]

^
external/CMock/vendor/unity/test/tests/test_unity_arrays.c:2774:0: style: The function 'testNotEqualHEX8EachEqual1' is never used. [unusedFunction]

^
external/CMock/vendor/unity/test/tests/test_unity_arrays.c:2783:0: style: The function 'testNotEqualHEX8EachEqual2' is never used. [unusedFunction]

^
external/CMock/vendor/unity/test/tests/test_unity_arrays.c:2792:0: style: The function 'testNotEqualHEX8EachEqual3' is never used. [unusedFunction]

^
external/CMock/vendor/unity/test/tests/test_unity_arrays.c:2352:0: style: The function 'testNotEqualHEXArrays1' is never used. [unusedFunction]

^
external/CMock/vendor/unity/test/tests/test_unity_arrays.c:2362:0: style: The function 'testNotEqualHEXArrays2' is never used. [unusedFunction]

^
external/CMock/vendor/unity/test/tests/test_unity_arrays.c:2372:0: style: The function 'testNotEqualHEXArrays3' is never used. [unusedFunction]

^
external/CMock/vendor/unity/test/tests/test_unity_arrays.c:2651:0: style: The function 'testNotEqualHEXEachEqual1' is never used. [unusedFunction]

^
external/CMock/vendor/unity/test/tests/test_unity_arrays.c:2660:0: style: The function 'testNotEqualHEXEachEqual2' is never used. [unusedFunction]

^
external/CMock/vendor/unity/test/tests/test_unity_arrays.c:2669:0: style: The function 'testNotEqualHEXEachEqual3' is never used. [unusedFunction]

^
external/CMock/vendor/unity/test/tests/test_unity_integers.c:152:0: style: The function 'testNotEqualHex16s' is never used. [unusedFunction]

^
external/CMock/vendor/unity/test/tests/test_unity_integers.c:164:0: style: The function 'testNotEqualHex16sIfSigned' is never used. [unusedFunction]

^
external/CMock/vendor/unity/test/tests/test_unity_integers.c:176:0: style: The function 'testNotEqualHex32s' is never used. [unusedFunction]

^
external/CMock/vendor/unity/test/tests/test_unity_integers.c:188:0: style: The function 'testNotEqualHex32sIfSigned' is never used. [unusedFunction]

^
external/CMock/vendor/unity/test/tests/test_unity_integers_64.c:580:0: style: The function 'testNotEqualHex64s' is never used. [unusedFunction]

^
external/CMock/vendor/unity/test/tests/test_unity_integers_64.c:628:0: style: The function 'testNotEqualHex64sIfSigned' is never used. [unusedFunction]

^
external/CMock/vendor/unity/test/tests/test_unity_integers.c:128:0: style: The function 'testNotEqualHex8s' is never used. [unusedFunction]

^
external/CMock/vendor/unity/test/tests/test_unity_integers.c:140:0: style: The function 'testNotEqualHex8sIfSigned' is never used. [unusedFunction]

^
external/CMock/vendor/unity/test/tests/test_unity_integers.c:1189:0: style: The function 'testNotEqualINT' is never used. [unusedFunction]

^
external/CMock/vendor/unity/test/tests/test_unity_integers.c:1258:0: style: The function 'testNotEqualINT16' is never used. [unusedFunction]

^
external/CMock/vendor/unity/test/tests/test_unity_integers.c:1281:0: style: The function 'testNotEqualINT32' is never used. [unusedFunction]

^
external/CMock/vendor/unity/test/tests/test_unity_integers.c:1212:0: style: The function 'testNotEqualINT8' is never used. [unusedFunction]

^
external/CMock/vendor/unity/test/tests/test_unity_arrays.c:2125:0: style: The function 'testNotEqualInt16Arrays' is never used. [unusedFunction]

^
external/CMock/vendor/unity/test/tests/test_unity_arrays.c:2149:0: style: The function 'testNotEqualInt16EachEqual' is never used. [unusedFunction]

^
external/CMock/vendor/unity/test/tests/test_unity_integers.c:57:0: style: The function 'testNotEqualInt16s' is never used. [unusedFunction]

^
external/CMock/vendor/unity/test/tests/test_unity_arrays.c:2172:0: style: The function 'testNotEqualInt32Arrays' is never used. [unusedFunction]

^
external/CMock/vendor/unity/test/tests/test_unity_arrays.c:2196:0: style: The function 'testNotEqualInt32EachEqual' is never used. [unusedFunction]

^
external/CMock/vendor/unity/test/tests/test_unity_integers.c:64:0: style: The function 'testNotEqualInt32s' is never used. [unusedFunction]

^
external/CMock/vendor/unity/test/tests/test_unity_arrays.c:2898:0: style: The function 'testNotEqualInt64Arrays' is never used. [unusedFunction]

^
external/CMock/vendor/unity/test/tests/test_unity_integers_64.c:612:0: style: The function 'testNotEqualInt64s' is never used. [unusedFunction]

^
external/CMock/vendor/unity/test/tests/test_unity_arrays.c:1946:0: style: The function 'testNotEqualInt8Arrays' is never used. [unusedFunction]

^
external/CMock/vendor/unity/test/tests/test_unity_arrays.c:1970:0: style: The function 'testNotEqualInt8EachEqual' is never used. [unusedFunction]

^
external/CMock/vendor/unity/test/tests/test_unity_integers.c:43:0: style: The function 'testNotEqualInt8s' is never used. [unusedFunction]

^
external/CMock/vendor/unity/test/tests/test_unity_arrays.c:1682:0: style: The function 'testNotEqualIntArrays1' is never used. [unusedFunction]

^
external/CMock/vendor/unity/test/tests/test_unity_arrays.c:1692:0: style: The function 'testNotEqualIntArrays2' is never used. [unusedFunction]

^
external/CMock/vendor/unity/test/tests/test_unity_arrays.c:1702:0: style: The function 'testNotEqualIntArrays3' is never used. [unusedFunction]

^
external/CMock/vendor/unity/test/tests/test_unity_arrays.c:1712:0: style: The function 'testNotEqualIntArraysLengthZero' is never used. [unusedFunction]

^
external/CMock/vendor/unity/test/tests/test_unity_arrays.c:1672:0: style: The function 'testNotEqualIntArraysNullActual' is never used. [unusedFunction]

^
external/CMock/vendor/unity/test/tests/test_unity_arrays.c:1662:0: style: The function 'testNotEqualIntArraysNullExpected' is never used. [unusedFunction]

^
external/CMock/vendor/unity/test/tests/test_unity_arrays.c:1745:0: style: The function 'testNotEqualIntEachEqual1' is never used. [unusedFunction]

^
external/CMock/vendor/unity/test/tests/test_unity_arrays.c:1754:0: style: The function 'testNotEqualIntEachEqual2' is never used. [unusedFunction]

^
external/CMock/vendor/unity/test/tests/test_unity_arrays.c:1763:0: style: The function 'testNotEqualIntEachEqual3' is never used. [unusedFunction]

^
external/CMock/vendor/unity/test/tests/test_unity_arrays.c:1736:0: style: The function 'testNotEqualIntEachEqualNullActual' is never used. [unusedFunction]

^
external/CMock/vendor/unity/test/tests/test_unity_integers.c:36:0: style: The function 'testNotEqualInts' is never used. [unusedFunction]

^
external/CMock/vendor/unity/test/tests/test_unity_memory.c:48:0: style: The function 'testNotEqualMemory1' is never used. [unusedFunction]

^
external/CMock/vendor/unity/test/tests/test_unity_memory.c:55:0: style: The function 'testNotEqualMemory2' is never used. [unusedFunction]

^
external/CMock/vendor/unity/test/tests/test_unity_memory.c:62:0: style: The function 'testNotEqualMemory3' is never used. [unusedFunction]

^
external/CMock/vendor/unity/test/tests/test_unity_memory.c:69:0: style: The function 'testNotEqualMemory4' is never used. [unusedFunction]

^
external/CMock/vendor/unity/test/tests/test_unity_memory.c:76:0: style: The function 'testNotEqualMemoryLengthZero' is never used. [unusedFunction]

^
external/CMock/vendor/unity/test/tests/test_unity_integers.c:695:0: style: The function 'testNotEqualPointers' is never used. [unusedFunction]

^
external/CMock/vendor/unity/test/tests/test_unity_arrays.c:1822:0: style: The function 'testNotEqualPtrArrays1' is never used. [unusedFunction]

^
external/CMock/vendor/unity/test/tests/test_unity_arrays.c:1835:0: style: The function 'testNotEqualPtrArrays2' is never used. [unusedFunction]

^
external/CMock/vendor/unity/test/tests/test_unity_arrays.c:1848:0: style: The function 'testNotEqualPtrArrays3' is never used. [unusedFunction]

^
external/CMock/vendor/unity/test/tests/test_unity_arrays.c:1810:0: style: The function 'testNotEqualPtrArraysNullActual' is never used. [unusedFunction]

^
external/CMock/vendor/unity/test/tests/test_unity_arrays.c:1798:0: style: The function 'testNotEqualPtrArraysNullExpected' is never used. [unusedFunction]

^
external/CMock/vendor/unity/test/tests/test_unity_arrays.c:1899:0: style: The function 'testNotEqualPtrEachEqual1' is never used. [unusedFunction]

^
external/CMock/vendor/unity/test/tests/test_unity_arrays.c:1910:0: style: The function 'testNotEqualPtrEachEqual2' is never used. [unusedFunction]

^
external/CMock/vendor/unity/test/tests/test_unity_arrays.c:1921:0: style: The function 'testNotEqualPtrEachEqual3' is never used. [unusedFunction]

^
external/CMock/vendor/unity/test/tests/test_unity_arrays.c:1889:0: style: The function 'testNotEqualPtrEachEqualNullActual' is never used. [unusedFunction]

^
external/CMock/vendor/unity/test/tests/test_unity_arrays.c:1878:0: style: The function 'testNotEqualPtrEachEqualNullExpected' is never used. [unusedFunction]

^
external/CMock/vendor/unity/test/tests/test_unity_strings.c:68:0: style: The function 'testNotEqualString1' is never used. [unusedFunction]

^
external/CMock/vendor/unity/test/tests/test_unity_strings.c:82:0: style: The function 'testNotEqualString2' is never used. [unusedFunction]

^
external/CMock/vendor/unity/test/tests/test_unity_strings.c:96:0: style: The function 'testNotEqualString3' is never used. [unusedFunction]

^
external/CMock/vendor/unity/test/tests/test_unity_strings.c:110:0: style: The function 'testNotEqualString4' is never used. [unusedFunction]

^
external/CMock/vendor/unity/test/tests/test_unity_strings.c:124:0: style: The function 'testNotEqualString5' is never used. [unusedFunction]

^
external/CMock/vendor/unity/test/tests/test_unity_strings.c:186:0: style: The function 'testNotEqualStringArray1' is never used. [unusedFunction]

^
external/CMock/vendor/unity/test/tests/test_unity_strings.c:196:0: style: The function 'testNotEqualStringArray2' is never used. [unusedFunction]

^
external/CMock/vendor/unity/test/tests/test_unity_strings.c:206:0: style: The function 'testNotEqualStringArray3' is never used. [unusedFunction]

^
external/CMock/vendor/unity/test/tests/test_unity_strings.c:216:0: style: The function 'testNotEqualStringArray4' is never used. [unusedFunction]

^
external/CMock/vendor/unity/test/tests/test_unity_strings.c:226:0: style: The function 'testNotEqualStringArray5' is never used. [unusedFunction]

^
external/CMock/vendor/unity/test/tests/test_unity_strings.c:236:0: style: The function 'testNotEqualStringArray6' is never used. [unusedFunction]

^
external/CMock/vendor/unity/test/tests/test_unity_strings.c:254:0: style: The function 'testNotEqualStringArrayLengthZero' is never used. [unusedFunction]

^
external/CMock/vendor/unity/test/tests/test_unity_strings.c:276:0: style: The function 'testNotEqualStringEachEqual1' is never used. [unusedFunction]

^
external/CMock/vendor/unity/test/tests/test_unity_strings.c:285:0: style: The function 'testNotEqualStringEachEqual2' is never used. [unusedFunction]

^
external/CMock/vendor/unity/test/tests/test_unity_strings.c:294:0: style: The function 'testNotEqualStringEachEqual3' is never used. [unusedFunction]

^
external/CMock/vendor/unity/test/tests/test_unity_strings.c:303:0: style: The function 'testNotEqualStringEachEqual4' is never used. [unusedFunction]

^
external/CMock/vendor/unity/test/tests/test_unity_strings.c:312:0: style: The function 'testNotEqualStringEachEqual5' is never used. [unusedFunction]

^
external/CMock/vendor/unity/test/tests/test_unity_strings.c:75:0: style: The function 'testNotEqualStringLen1' is never used. [unusedFunction]

^
external/CMock/vendor/unity/test/tests/test_unity_strings.c:89:0: style: The function 'testNotEqualStringLen2' is never used. [unusedFunction]

^
external/CMock/vendor/unity/test/tests/test_unity_strings.c:103:0: style: The function 'testNotEqualStringLen3' is never used. [unusedFunction]

^
external/CMock/vendor/unity/test/tests/test_unity_strings.c:117:0: style: The function 'testNotEqualStringLen4' is never used. [unusedFunction]

^
external/CMock/vendor/unity/test/tests/test_unity_strings.c:154:0: style: The function 'testNotEqualStringLen_ActualStringIsNull' is never used. [unusedFunction]

^
external/CMock/vendor/unity/test/tests/test_unity_strings.c:140:0: style: The function 'testNotEqualStringLen_ExpectedStringIsNull' is never used. [unusedFunction]

^
external/CMock/vendor/unity/test/tests/test_unity_strings.c:168:0: style: The function 'testNotEqualString_ActualStringIsLonger' is never used. [unusedFunction]

^
external/CMock/vendor/unity/test/tests/test_unity_strings.c:147:0: style: The function 'testNotEqualString_ActualStringIsNull' is never used. [unusedFunction]

^
external/CMock/vendor/unity/test/tests/test_unity_strings.c:161:0: style: The function 'testNotEqualString_ExpectedStringIsLonger' is never used. [unusedFunction]

^
external/CMock/vendor/unity/test/tests/test_unity_strings.c:133:0: style: The function 'testNotEqualString_ExpectedStringIsNull' is never used. [unusedFunction]

^
external/CMock/vendor/unity/test/tests/test_unity_integers.c:1304:0: style: The function 'testNotEqualUINT' is never used. [unusedFunction]

^
external/CMock/vendor/unity/test/tests/test_unity_integers.c:1350:0: style: The function 'testNotEqualUINT16' is never used. [unusedFunction]

^
external/CMock/vendor/unity/test/tests/test_unity_arrays.c:2264:0: style: The function 'testNotEqualUINT16Arrays1' is never used. [unusedFunction]

^
external/CMock/vendor/unity/test/tests/test_unity_arrays.c:2274:0: style: The function 'testNotEqualUINT16Arrays2' is never used. [unusedFunction]

^
external/CMock/vendor/unity/test/tests/test_unity_arrays.c:2284:0: style: The function 'testNotEqualUINT16Arrays3' is never used. [unusedFunction]

^
external/CMock/vendor/unity/test/tests/test_unity_arrays.c:2569:0: style: The function 'testNotEqualUINT16EachEqual1' is never used. [unusedFunction]

^
external/CMock/vendor/unity/test/tests/test_unity_arrays.c:2578:0: style: The function 'testNotEqualUINT16EachEqual2' is never used. [unusedFunction]

^
external/CMock/vendor/unity/test/tests/test_unity_arrays.c:2587:0: style: The function 'testNotEqualUINT16EachEqual3' is never used. [unusedFunction]

^
external/CMock/vendor/unity/test/tests/test_unity_integers.c:1373:0: style: The function 'testNotEqualUINT32' is never used. [unusedFunction]

^
external/CMock/vendor/unity/test/tests/test_unity_arrays.c:2308:0: style: The function 'testNotEqualUINT32Arrays1' is never used. [unusedFunction]

^
external/CMock/vendor/unity/test/tests/test_unity_arrays.c:2318:0: style: The function 'testNotEqualUINT32Arrays2' is never used. [unusedFunction]

^
external/CMock/vendor/unity/test/tests/test_unity_arrays.c:2328:0: style: The function 'testNotEqualUINT32Arrays3' is never used. [unusedFunction]

^
external/CMock/vendor/unity/test/tests/test_unity_arrays.c:2610:0: style: The function 'testNotEqualUINT32EachEqual1' is never used. [unusedFunction]

^
external/CMock/vendor/unity/test/tests/test_unity_arrays.c:2619:0: style: The function 'testNotEqualUINT32EachEqual2' is never used. [unusedFunction]

^
external/CMock/vendor/unity/test/tests/test_unity_arrays.c:2628:0: style: The function 'testNotEqualUINT32EachEqual3' is never used. [unusedFunction]

^
external/CMock/vendor/unity/test/tests/test_unity_integers.c:1327:0: style: The function 'testNotEqualUINT8' is never used. [unusedFunction]

^
external/CMock/vendor/unity/test/tests/test_unity_arrays.c:2219:0: style: The function 'testNotEqualUINT8Arrays1' is never used. [unusedFunction]

^
external/CMock/vendor/unity/test/tests/test_unity_arrays.c:2229:0: style: The function 'testNotEqualUINT8Arrays2' is never used. [unusedFunction]

^
external/CMock/vendor/unity/test/tests/test_unity_arrays.c:2239:0: style: The function 'testNotEqualUINT8Arrays3' is never used. [unusedFunction]

^
external/CMock/vendor/unity/test/tests/test_unity_arrays.c:2528:0: style: The function 'testNotEqualUINT8EachEqual1' is never used. [unusedFunction]

^
external/CMock/vendor/unity/test/tests/test_unity_arrays.c:2537:0: style: The function 'testNotEqualUINT8EachEqual2' is never used. [unusedFunction]

^
external/CMock/vendor/unity/test/tests/test_unity_arrays.c:2546:0: style: The function 'testNotEqualUINT8EachEqual3' is never used. [unusedFunction]

^
external/CMock/vendor/unity/test/tests/test_unity_integers.c:104:0: style: The function 'testNotEqualUInt16s' is never used. [unusedFunction]

^
external/CMock/vendor/unity/test/tests/test_unity_integers.c:116:0: style: The function 'testNotEqualUInt32s' is never used. [unusedFunction]

^
external/CMock/vendor/unity/test/tests/test_unity_integers.c:92:0: style: The function 'testNotEqualUInt8s' is never used. [unusedFunction]

^
external/CMock/vendor/unity/test/tests/test_unity_arrays.c:2040:0: style: The function 'testNotEqualUIntArrays1' is never used. [unusedFunction]

^
external/CMock/vendor/unity/test/tests/test_unity_arrays.c:2050:0: style: The function 'testNotEqualUIntArrays2' is never used. [unusedFunction]

^
external/CMock/vendor/unity/test/tests/test_unity_arrays.c:2060:0: style: The function 'testNotEqualUIntArrays3' is never used. [unusedFunction]

^
external/CMock/vendor/unity/test/tests/test_unity_arrays.c:2084:0: style: The function 'testNotEqualUIntEachEqual1' is never used. [unusedFunction]

^
external/CMock/vendor/unity/test/tests/test_unity_arrays.c:2093:0: style: The function 'testNotEqualUIntEachEqual2' is never used. [unusedFunction]

^
external/CMock/vendor/unity/test/tests/test_unity_arrays.c:2102:0: style: The function 'testNotEqualUIntEachEqual3' is never used. [unusedFunction]

^
external/CMock/vendor/unity/test/tests/test_unity_integers.c:80:0: style: The function 'testNotEqualUInts' is never used. [unusedFunction]

^
external/CMock/vendor/unity/test/tests/test_unity_arrays.c:2884:0: style: The function 'testNotEqualUint64Arrays' is never used. [unusedFunction]

^
external/CMock/vendor/unity/test/tests/test_unity_integers_64.c:596:0: style: The function 'testNotEqualUint64s' is never used. [unusedFunction]

^
external/CMock/vendor/unity/test/tests/test_unity_core.c:168:0: style: The function 'testNotFalse' is never used. [unusedFunction]

^
external/CMock/vendor/unity/test/tests/test_unity_integers.c:1788:0: style: The function 'testNotGreaterOrEqual' is never used. [unusedFunction]

^
external/CMock/vendor/unity/test/tests/test_unity_integers.c:1875:0: style: The function 'testNotGreaterOrEqualCHAR' is never used. [unusedFunction]

^
external/CMock/vendor/unity/test/tests/test_unity_integers.c:2107:0: style: The function 'testNotGreaterOrEqualHEX16' is never used. [unusedFunction]

^
external/CMock/vendor/unity/test/tests/test_unity_integers.c:2136:0: style: The function 'testNotGreaterOrEqualHEX32' is never used. [unusedFunction]

^
external/CMock/vendor/unity/test/tests/test_unity_integers.c:2078:0: style: The function 'testNotGreaterOrEqualHEX8' is never used. [unusedFunction]

^
external/CMock/vendor/unity/test/tests/test_unity_integers.c:1817:0: style: The function 'testNotGreaterOrEqualINT' is never used. [unusedFunction]

^
external/CMock/vendor/unity/test/tests/test_unity_integers.c:1904:0: style: The function 'testNotGreaterOrEqualINT16' is never used. [unusedFunction]

^
external/CMock/vendor/unity/test/tests/test_unity_integers.c:1933:0: style: The function 'testNotGreaterOrEqualINT32' is never used. [unusedFunction]

^
external/CMock/vendor/unity/test/tests/test_unity_integers.c:1846:0: style: The function 'testNotGreaterOrEqualINT8' is never used. [unusedFunction]

^
external/CMock/vendor/unity/test/tests/test_unity_integers.c:1962:0: style: The function 'testNotGreaterOrEqualUINT' is never used. [unusedFunction]

^
external/CMock/vendor/unity/test/tests/test_unity_integers.c:2020:0: style: The function 'testNotGreaterOrEqualUINT16' is never used. [unusedFunction]

^
external/CMock/vendor/unity/test/tests/test_unity_integers.c:2049:0: style: The function 'testNotGreaterOrEqualUINT32' is never used. [unusedFunction]

^
external/CMock/vendor/unity/test/tests/test_unity_integers.c:1991:0: style: The function 'testNotGreaterOrEqualUINT8' is never used. [unusedFunction]

^
external/CMock/vendor/unity/test/tests/test_unity_integers.c:1483:0: style: The function 'testNotGreaterThan' is never used. [unusedFunction]

^
external/CMock/vendor/unity/test/tests/test_unity_integers.c:1552:0: style: The function 'testNotGreaterThanCHAR' is never used. [unusedFunction]

^
external/CMock/vendor/unity/test/tests/test_unity_integers.c:1736:0: style: The function 'testNotGreaterThanHEX16' is never used. [unusedFunction]

^
external/CMock/vendor/unity/test/tests/test_unity_integers.c:1759:0: style: The function 'testNotGreaterThanHEX32' is never used. [unusedFunction]

^
external/CMock/vendor/unity/test/tests/test_unity_integers.c:1713:0: style: The function 'testNotGreaterThanHEX8' is never used. [unusedFunction]

^
external/CMock/vendor/unity/test/tests/test_unity_integers.c:1506:0: style: The function 'testNotGreaterThanINT' is never used. [unusedFunction]

^
external/CMock/vendor/unity/test/tests/test_unity_integers.c:1575:0: style: The function 'testNotGreaterThanINT16' is never used. [unusedFunction]

^
external/CMock/vendor/unity/test/tests/test_unity_integers.c:1598:0: style: The function 'testNotGreaterThanINT32' is never used. [unusedFunction]

^
external/CMock/vendor/unity/test/tests/test_unity_integers.c:1529:0: style: The function 'testNotGreaterThanINT8' is never used. [unusedFunction]

^
external/CMock/vendor/unity/test/tests/test_unity_integers.c:1621:0: style: The function 'testNotGreaterThanUINT' is never used. [unusedFunction]

^
external/CMock/vendor/unity/test/tests/test_unity_integers.c:1667:0: style: The function 'testNotGreaterThanUINT16' is never used. [unusedFunction]

^
external/CMock/vendor/unity/test/tests/test_unity_integers.c:1690:0: style: The function 'testNotGreaterThanUINT32' is never used. [unusedFunction]

^
external/CMock/vendor/unity/test/tests/test_unity_integers.c:1644:0: style: The function 'testNotGreaterThanUINT8' is never used. [unusedFunction]

^
external/CMock/vendor/unity/test/tests/test_unity_integers.c:2466:0: style: The function 'testNotLessOrEqual' is never used. [unusedFunction]

^
external/CMock/vendor/unity/test/tests/test_unity_integers.c:2553:0: style: The function 'testNotLessOrEqualCHAR' is never used. [unusedFunction]

^
external/CMock/vendor/unity/test/tests/test_unity_integers.c:2785:0: style: The function 'testNotLessOrEqualHEX16' is never used. [unusedFunction]

^
external/CMock/vendor/unity/test/tests/test_unity_integers.c:2814:0: style: The function 'testNotLessOrEqualHEX32' is never used. [unusedFunction]

^
external/CMock/vendor/unity/test/tests/test_unity_integers.c:2756:0: style: The function 'testNotLessOrEqualHEX8' is never used. [unusedFunction]

^
external/CMock/vendor/unity/test/tests/test_unity_integers.c:2495:0: style: The function 'testNotLessOrEqualINT' is never used. [unusedFunction]

^
external/CMock/vendor/unity/test/tests/test_unity_integers.c:2582:0: style: The function 'testNotLessOrEqualINT16' is never used. [unusedFunction]

^
external/CMock/vendor/unity/test/tests/test_unity_integers.c:2611:0: style: The function 'testNotLessOrEqualINT32' is never used. [unusedFunction]

^
external/CMock/vendor/unity/test/tests/test_unity_integers.c:2524:0: style: The function 'testNotLessOrEqualINT8' is never used. [unusedFunction]

^
external/CMock/vendor/unity/test/tests/test_unity_integers.c:2640:0: style: The function 'testNotLessOrEqualUINT' is never used. [unusedFunction]

^
external/CMock/vendor/unity/test/tests/test_unity_integers.c:2698:0: style: The function 'testNotLessOrEqualUINT16' is never used. [unusedFunction]

^
external/CMock/vendor/unity/test/tests/test_unity_integers.c:2727:0: style: The function 'testNotLessOrEqualUINT32' is never used. [unusedFunction]

^
external/CMock/vendor/unity/test/tests/test_unity_integers.c:2669:0: style: The function 'testNotLessOrEqualUINT8' is never used. [unusedFunction]

^
external/CMock/vendor/unity/test/tests/test_unity_integers.c:2161:0: style: The function 'testNotLessThan' is never used. [unusedFunction]

^
external/CMock/vendor/unity/test/tests/test_unity_integers.c:2230:0: style: The function 'testNotLessThanCHAR' is never used. [unusedFunction]

^
external/CMock/vendor/unity/test/tests/test_unity_integers.c:2414:0: style: The function 'testNotLessThanHEX16' is never used. [unusedFunction]

^
external/CMock/vendor/unity/test/tests/test_unity_integers.c:2437:0: style: The function 'testNotLessThanHEX32' is never used. [unusedFunction]

^
external/CMock/vendor/unity/test/tests/test_unity_integers.c:2391:0: style: The function 'testNotLessThanHEX8' is never used. [unusedFunction]

^
external/CMock/vendor/unity/test/tests/test_unity_integers.c:2184:0: style: The function 'testNotLessThanINT' is never used. [unusedFunction]

^
external/CMock/vendor/unity/test/tests/test_unity_integers.c:2253:0: style: The function 'testNotLessThanINT16' is never used. [unusedFunction]

^
external/CMock/vendor/unity/test/tests/test_unity_integers.c:2276:0: style: The function 'testNotLessThanINT32' is never used. [unusedFunction]

^
external/CMock/vendor/unity/test/tests/test_unity_integers.c:2207:0: style: The function 'testNotLessThanINT8' is never used. [unusedFunction]

^
external/CMock/vendor/unity/test/tests/test_unity_integers.c:2299:0: style: The function 'testNotLessThanUINT' is never used. [unusedFunction]

^
external/CMock/vendor/unity/test/tests/test_unity_integers.c:2345:0: style: The function 'testNotLessThanUINT16' is never used. [unusedFunction]

^
external/CMock/vendor/unity/test/tests/test_unity_integers.c:2368:0: style: The function 'testNotLessThanUINT32' is never used. [unusedFunction]

^
external/CMock/vendor/unity/test/tests/test_unity_integers.c:2322:0: style: The function 'testNotLessThanUINT8' is never used. [unusedFunction]

^
external/CMock/vendor/unity/test/tests/test_unity_core.c:182:0: style: The function 'testNotNotEqual' is never used. [unusedFunction]

^
external/CMock/vendor/unity/test/tests/test_unity_integers.c:1251:0: style: The function 'testNotNotEqualCHAR' is never used. [unusedFunction]

^
external/CMock/vendor/unity/test/tests/test_unity_integers.c:1435:0: style: The function 'testNotNotEqualHEX16' is never used. [unusedFunction]

^
external/CMock/vendor/unity/test/tests/test_unity_integers.c:1458:0: style: The function 'testNotNotEqualHEX32' is never used. [unusedFunction]

^
external/CMock/vendor/unity/test/tests/test_unity_integers.c:1412:0: style: The function 'testNotNotEqualHEX8' is never used. [unusedFunction]

^
external/CMock/vendor/unity/test/tests/test_unity_integers.c:1205:0: style: The function 'testNotNotEqualINT' is never used. [unusedFunction]

^
external/CMock/vendor/unity/test/tests/test_unity_integers.c:1274:0: style: The function 'testNotNotEqualINT16' is never used. [unusedFunction]

^
external/CMock/vendor/unity/test/tests/test_unity_integers.c:1297:0: style: The function 'testNotNotEqualINT32' is never used. [unusedFunction]

^
external/CMock/vendor/unity/test/tests/test_unity_integers.c:1228:0: style: The function 'testNotNotEqualINT8' is never used. [unusedFunction]

^
external/CMock/vendor/unity/test/tests/test_unity_integers.c:1320:0: style: The function 'testNotNotEqualUINT' is never used. [unusedFunction]

^
external/CMock/vendor/unity/test/tests/test_unity_integers.c:1366:0: style: The function 'testNotNotEqualUINT16' is never used. [unusedFunction]

^
external/CMock/vendor/unity/test/tests/test_unity_integers.c:1389:0: style: The function 'testNotNotEqualUINT32' is never used. [unusedFunction]

^
external/CMock/vendor/unity/test/tests/test_unity_integers.c:1343:0: style: The function 'testNotNotEqualUINT8' is never used. [unusedFunction]

^
external/CMock/vendor/unity/test/tests/test_unity_core.c:214:0: style: The function 'testNotNullShouldFailIfNULL' is never used. [unusedFunction]

^
external/CMock/vendor/unity/test/tests/test_unity_core.c:161:0: style: The function 'testNotTrue' is never used. [unusedFunction]

^
external/CMock/vendor/unity/test/tests/test_unity_core.c:175:0: style: The function 'testNotUnless' is never used. [unusedFunction]

^
external/CMock/vendor/unity/test/tests/test_unity_core.c:154:0: style: The function 'testNotVanilla' is never used. [unusedFunction]

^
external/CMock/vendor/unity/test/tests/test_unity_core.c:94:0: style: The function 'testPassShouldEndImmediatelyWithPass' is never used. [unusedFunction]

^
external/CMock/vendor/unity/test/tests/test_unity_core.c:100:0: style: The function 'testPassShouldEndImmediatelyWithPassAndMessage' is never used. [unusedFunction]

^
external/CMock/vendor/unity/test/tests/test_unity_core.c:149:0: style: The function 'testPreviousPass' is never used. [unusedFunction]

^
external/CMock/vendor/unity/test/tests/test_unity_integers.c:2837:0: style: The function 'testPrintNumbers32' is never used. [unusedFunction]

^
external/CMock/vendor/unity/test/tests/test_unity_integers_64.c:752:0: style: The function 'testPrintNumbersInt64' is never used. [unusedFunction]

^
external/CMock/vendor/unity/test/tests/test_unity_integers_64.c:768:0: style: The function 'testPrintNumbersUInt64' is never used. [unusedFunction]

^
external/CMock/vendor/unity/test/tests/test_unity_integers.c:2851:0: style: The function 'testPrintNumbersUnsigned32' is never used. [unusedFunction]

^
external/CMock/examples/temp_sensor/test/TestAdcModel.c:28:0: style: The function 'testProcessInputShouldDelegateToTemperatureCalculatorAndPassResultToFilter' is never used. [unusedFunction]

^
external/CMock/vendor/unity/test/tests/test_unity_core.c:266:0: style: The function 'testProtection' is never used. [unusedFunction]

^
external/CMock/examples/temp_sensor/test/TestUsartPutChar.c:33:0: style: The function 'testPutCharShouldWaitUntilReadyToTransmitBeforeLoadingTransmitBufffer' is never used. [unusedFunction]

^
external/CMock/examples/temp_sensor/test/TestUsartPutChar.c:16:0: style: The function 'testPutCharShouldWriteDesiredCharacterToUsartTransmitBuffer' is never used. [unusedFunction]

^
external/CMock/examples/temp_sensor/test/TestAdcTemperatureSensor.c:35:0: style: The function 'testReadTemperatureSensorShouldFetchAndTranslateLatestReadingToMillivolts' is never used. [unusedFunction]

^
external/CMock/examples/temp_sensor/test/TestUsartTransmitBufferStatus.c:15:0: style: The function 'testReadyToTransmitShouldReturnStatusPerTransmitBufferReadyStatus' is never used. [unusedFunction]

^
external/CMock/examples/temp_sensor/test/TestUsartConfigurator.c:35:0: style: The function 'testResetShouldDisableAllUsartInterrupts' is never used. [unusedFunction]

^
external/CMock/examples/temp_sensor/test/TestAdcHardwareConfigurator.c:18:0: style: The function 'testResetShouldResetTheAdcConverterPeripheral' is never used. [unusedFunction]

^
external/CMock/examples/temp_sensor/test/TestUsartConfigurator.c:42:0: style: The function 'testResetShouldResetUsartTransmitterAndReceiver' is never used. [unusedFunction]

^
external/CMock/examples/temp_sensor/test/TestTimerConfigurator.c:37:0: style: The function 'testResetShouldSetTimer0ClockDisableBit_DisableTimer0Interrupts_ClearStatusRegister' is never used. [unusedFunction]

^
external/CMock/examples/temp_sensor/test/TestTimerInterruptConfigurator.c:30:0: style: The function 'testResetSystemTimeDelegatesTo_Timer_SetSystemTime_Appropriately' is never used. [unusedFunction]

^
external/CMock/examples/temp_sensor/test/TestExecutor.c:29:0: style: The function 'testRunShouldCallRunForEachConductorAndReturnTrueAlways' is never used. [unusedFunction]

^
external/CMock/examples/temp_sensor/test/TestUsartConductor.c:33:0: style: The function 'testRunShouldGetCurrentTemperatureAndTransmitIfSchedulerSaysItIsTime' is never used. [unusedFunction]

^
external/CMock/examples/temp_sensor/test/TestAdcConductor.c:38:0: style: The function 'testRunShouldGetLatestSampleFromAdcAndPassItToModelAndStartNewConversionWhenItIsTime' is never used. [unusedFunction]

^
external/CMock/examples/temp_sensor/test/TestTimerConductor.c:23:0: style: The function 'testRunShouldGetSystemTimeAndPassOnToModelForEventScheduling' is never used. [unusedFunction]

^
external/CMock/examples/temp_sensor/test/TestAdcConductor.c:23:0: style: The function 'testRunShouldNotDoAnythingIfItIsNotTime' is never used. [unusedFunction]

^
external/CMock/examples/temp_sensor/test/TestUsartConductor.c:26:0: style: The function 'testRunShouldNotDoAnythingIfSchedulerSaysItIsNotTimeYet' is never used. [unusedFunction]

^
external/CMock/examples/temp_sensor/test/TestAdcConductor.c:30:0: style: The function 'testRunShouldNotPassAdcResultToModelIfSampleIsNotComplete' is never used. [unusedFunction]

^
external/CMock/examples/temp_sensor/test/TestTimerInterruptHandler.c:16:0: style: The function 'testSetAndGetSystemTime' is never used. [unusedFunction]

^
external/CMock/examples/temp_sensor/test/TestUsartConfigurator.c:62:0: style: The function 'testSetBaudRateRegisterShouldSetUsartBaudRateRegisterToValuePassedAsParameter' is never used. [unusedFunction]

^
external/CMock/examples/temp_sensor/test/TestTaskScheduler.c:71:0: style: The function 'testShouldClearAdcDoFlagAfterReported' is never used. [unusedFunction]

^
external/CMock/examples/temp_sensor/test/TestTaskScheduler.c:25:0: style: The function 'testShouldClearUsartDoFlagAfterReported' is never used. [unusedFunction]

^
external/CMock/examples/temp_sensor/test/TestUsartConductor.c:16:0: style: The function 'testShouldInitializeHardwareWhenInitCalled' is never used. [unusedFunction]

^
external/CMock/examples/temp_sensor/test/TestTemperatureFilter.c:15:0: style: The function 'testShouldInitializeTemeratureToInvalidValue' is never used. [unusedFunction]

^
external/CMock/examples/temp_sensor/test/TestTemperatureFilter.c:21:0: style: The function 'testShouldInitializeTemperatureAfterCallToInit' is never used. [unusedFunction]

^
external/CMock/examples/temp_sensor/test/TestTemperatureFilter.c:63:0: style: The function 'testShouldResetAverageIfPassedInfinityOrInvalidValue' is never used. [unusedFunction]

^
external/CMock/examples/temp_sensor/test/TestUsartModel.c:31:0: style: The function 'testShouldReturnErrorMessageUponInvalidTemperatureValue' is never used. [unusedFunction]

^
external/CMock/examples/temp_sensor/test/TestTemperatureCalculator.c:30:0: style: The function 'testShouldReturnNegativeInfinityWhen_0_millivoltsInput' is never used. [unusedFunction]

^
external/CMock/examples/temp_sensor/test/TestUsartModel.c:37:0: style: The function 'testShouldReturnWakeupMessage' is never used. [unusedFunction]

^
external/CMock/examples/temp_sensor/test/TestTaskScheduler.c:60:0: style: The function 'testShouldScheduleAdcTaskAfter100ms' is never used. [unusedFunction]

^
external/CMock/examples/temp_sensor/test/TestTaskScheduler.c:79:0: style: The function 'testShouldScheduleAdcTaskEvery100ms' is never used. [unusedFunction]

^
external/CMock/examples/temp_sensor/test/TestTaskScheduler.c:93:0: style: The function 'testShouldScheduleAdcTaskOnlyOncePerPeriod' is never used. [unusedFunction]

^
external/CMock/examples/temp_sensor/test/TestTaskScheduler.c:14:0: style: The function 'testShouldScheduleUsartTaskAfter1000ms' is never used. [unusedFunction]

^
external/CMock/examples/temp_sensor/test/TestTaskScheduler.c:33:0: style: The function 'testShouldScheduleUsartTaskEvery1000ms' is never used. [unusedFunction]

^
external/CMock/examples/temp_sensor/test/TestTaskScheduler.c:47:0: style: The function 'testShouldScheduleUsartTaskOnlyOncePerPeriod' is never used. [unusedFunction]

^
external/CMock/examples/temp_sensor/test/TestAdcTemperatureSensor.c:16:0: style: The function 'testShouldStartTemperatureSensorConversionWhenTriggered' is never used. [unusedFunction]

^
external/CMock/examples/temp_sensor/test/TestTemperatureFilter.c:40:0: style: The function 'testShouldWeightEachSubsequentValueBy25PercentAfterInitialValue' is never used. [unusedFunction]

^
external/CMock/vendor/unity/test/tests/test_unity_core.c:136:0: style: The function 'testSingleStatement' is never used. [unusedFunction]

^
external/CMock/examples/temp_sensor/test/TestTimerConfigurator.c:107:0: style: The function 'testStartShouldSetSoftwareTriggerFlag' is never used. [unusedFunction]

^
external/CMock/examples/temp_sensor/test/TestTemperatureCalculator.c:14:0: style: The function 'testTemperatureCalculatorShouldCalculateTemperatureFromMillivolts' is never used. [unusedFunction]

^
external/CMock/examples/temp_sensor/test/TestAdcTemperatureSensor.c:23:0: style: The function 'testTemperatureSensorSampleReadyShouldReturnChannelConversionCompletionStatus' is never used. [unusedFunction]

^
external/CMock/vendor/unity/test/tests/test_unity_core.c:320:0: style: The function 'testThatDetailsCanBeHandleOneDetail' is never used. [unusedFunction]

^
external/CMock/vendor/unity/test/tests/test_unity_core.c:359:0: style: The function 'testThatDetailsCanBeHandleSingleDetailClearingTwoDetails' is never used. [unusedFunction]

^
external/CMock/vendor/unity/test/tests/test_unity_core.c:346:0: style: The function 'testThatDetailsCanBeHandleTwoDetails' is never used. [unusedFunction]

^
external/CMock/vendor/unity/test/tests/test_unity_core.c:333:0: style: The function 'testThatDetailsCanHandleTestFail' is never used. [unusedFunction]

^
external/CMock/examples/temp_sensor/test/TestUsartHardware.c:28:0: style: The function 'testTransmitStringShouldSendDesiredStringOutUsingUsart' is never used. [unusedFunction]

^
external/CMock/vendor/unity/test/tests/test_unity_core.c:122:0: style: The function 'testTrue' is never used. [unusedFunction]

^
external/CMock/vendor/unity/test/tests/test_unity_integers.c:997:0: style: The function 'testUINT16sNotWithinDelta' is never used. [unusedFunction]

^
external/CMock/vendor/unity/test/tests/test_unity_integers.c:1004:0: style: The function 'testUINT16sNotWithinDeltaAndCustomMessage' is never used. [unusedFunction]

^
external/CMock/vendor/unity/test/tests/test_unity_integers.c:973:0: style: The function 'testUINT16sWithinDelta' is never used. [unusedFunction]

^
external/CMock/vendor/unity/test/tests/test_unity_integers.c:980:0: style: The function 'testUINT16sWithinDeltaAndCustomMessage' is never used. [unusedFunction]

^
external/CMock/vendor/unity/test/tests/test_unity_integers.c:987:0: style: The function 'testUINT16sWithinDeltaWhenThereAreDifferenceOutsideOf16Bits' is never used. [unusedFunction]

^
external/CMock/vendor/unity/test/tests/test_unity_integers.c:992:0: style: The function 'testUINT16sWithinDeltaWhenThereAreDifferenceOutsideOf16BitsAndCustomMessage' is never used. [unusedFunction]

^
external/CMock/vendor/unity/test/tests/test_unity_integers.c:945:0: style: The function 'testUINT32sNotWithinDelta' is never used. [unusedFunction]

^
external/CMock/vendor/unity/test/tests/test_unity_integers.c:952:0: style: The function 'testUINT32sNotWithinDeltaAndCustomMessage' is never used. [unusedFunction]

^
external/CMock/vendor/unity/test/tests/test_unity_integers.c:959:0: style: The function 'testUINT32sNotWithinDeltaEvenThoughASignedIntWouldPass' is never used. [unusedFunction]

^
external/CMock/vendor/unity/test/tests/test_unity_integers.c:966:0: style: The function 'testUINT32sNotWithinDeltaEvenThoughASignedIntWouldPassAndCustomMessage' is never used. [unusedFunction]

^
external/CMock/vendor/unity/test/tests/test_unity_integers.c:931:0: style: The function 'testUINT32sWithinDelta' is never used. [unusedFunction]

^
external/CMock/vendor/unity/test/tests/test_unity_integers.c:938:0: style: The function 'testUINT32sWithinDeltaAndCustomMessage' is never used. [unusedFunction]

^
external/CMock/vendor/unity/test/tests/test_unity_integers_64.c:697:0: style: The function 'testUINT64sNotWithinDelta' is never used. [unusedFunction]

^
external/CMock/vendor/unity/test/tests/test_unity_integers_64.c:708:0: style: The function 'testUINT64sNotWithinDeltaEvenThoughASignedIntWouldPass' is never used. [unusedFunction]

^
external/CMock/vendor/unity/test/tests/test_unity_integers_64.c:686:0: style: The function 'testUINT64sWithinDelta' is never used. [unusedFunction]

^
external/CMock/vendor/unity/test/tests/test_unity_integers.c:1035:0: style: The function 'testUINT8sNotWithinDelta' is never used. [unusedFunction]

^
external/CMock/vendor/unity/test/tests/test_unity_integers.c:1042:0: style: The function 'testUINT8sNotWithinDeltaAndCustomMessage' is never used. [unusedFunction]

^
external/CMock/vendor/unity/test/tests/test_unity_integers.c:1011:0: style: The function 'testUINT8sWithinDelta' is never used. [unusedFunction]

^
external/CMock/vendor/unity/test/tests/test_unity_integers.c:1018:0: style: The function 'testUINT8sWithinDeltaAndCustomMessage' is never used. [unusedFunction]

^
external/CMock/vendor/unity/test/tests/test_unity_integers.c:1025:0: style: The function 'testUINT8sWithinDeltaWhenThereAreDifferenceOutsideOf8Bits' is never used. [unusedFunction]

^
external/CMock/vendor/unity/test/tests/test_unity_integers.c:1030:0: style: The function 'testUINT8sWithinDeltaWhenThereAreDifferenceOutsideOf8BitsAndCustomMessage' is never used. [unusedFunction]

^
external/CMock/vendor/unity/test/tests/test_unity_arrays.c:922:0: style: The function 'testUInt16ArrayNotWithinDelta' is never used. [unusedFunction]

^
external/CMock/vendor/unity/test/tests/test_unity_arrays.c:932:0: style: The function 'testUInt16ArrayNotWithinDeltaAndMessage' is never used. [unusedFunction]

^
external/CMock/vendor/unity/test/tests/test_unity_arrays.c:902:0: style: The function 'testUInt16ArrayWithinDelta' is never used. [unusedFunction]

^
external/CMock/vendor/unity/test/tests/test_unity_arrays.c:980:0: style: The function 'testUInt16ArrayWithinDeltaActualNull' is never used. [unusedFunction]

^
external/CMock/vendor/unity/test/tests/test_unity_arrays.c:989:0: style: The function 'testUInt16ArrayWithinDeltaActualNullAndMessage' is never used. [unusedFunction]

^
external/CMock/vendor/unity/test/tests/test_unity_arrays.c:912:0: style: The function 'testUInt16ArrayWithinDeltaAndMessage' is never used. [unusedFunction]

^
external/CMock/vendor/unity/test/tests/test_unity_arrays.c:962:0: style: The function 'testUInt16ArrayWithinDeltaExpectedNull' is never used. [unusedFunction]

^
external/CMock/vendor/unity/test/tests/test_unity_arrays.c:971:0: style: The function 'testUInt16ArrayWithinDeltaExpectedNullAndMessage' is never used. [unusedFunction]

^
external/CMock/vendor/unity/test/tests/test_unity_arrays.c:942:0: style: The function 'testUInt16ArrayWithinDeltaPointless' is never used. [unusedFunction]

^
external/CMock/vendor/unity/test/tests/test_unity_arrays.c:952:0: style: The function 'testUInt16ArrayWithinDeltaPointlessAndMessage' is never used. [unusedFunction]

^
external/CMock/vendor/unity/test/tests/test_unity_arrays.c:998:0: style: The function 'testUInt16ArrayWithinDeltaSamePointer' is never used. [unusedFunction]

^
external/CMock/vendor/unity/test/tests/test_unity_arrays.c:1005:0: style: The function 'testUInt16ArrayWithinDeltaSamePointerAndMessage' is never used. [unusedFunction]

^
external/CMock/vendor/unity/test/tests/test_unity_arrays.c:662:0: style: The function 'testUInt64ArrayNotWithinDelta' is never used. [unusedFunction]

^
external/CMock/vendor/unity/test/tests/test_unity_arrays.c:676:0: style: The function 'testUInt64ArrayNotWithinDeltaAndMessage' is never used. [unusedFunction]

^
external/CMock/vendor/unity/test/tests/test_unity_arrays.c:634:0: style: The function 'testUInt64ArrayWithinDelta' is never used. [unusedFunction]

^
external/CMock/vendor/unity/test/tests/test_unity_arrays.c:744:0: style: The function 'testUInt64ArrayWithinDeltaActualNull' is never used. [unusedFunction]

^
external/CMock/vendor/unity/test/tests/test_unity_arrays.c:757:0: style: The function 'testUInt64ArrayWithinDeltaActualNullAndMessage' is never used. [unusedFunction]

^
external/CMock/vendor/unity/test/tests/test_unity_arrays.c:648:0: style: The function 'testUInt64ArrayWithinDeltaAndMessage' is never used. [unusedFunction]

^
external/CMock/vendor/unity/test/tests/test_unity_arrays.c:718:0: style: The function 'testUInt64ArrayWithinDeltaExpectedNull' is never used. [unusedFunction]

^
external/CMock/vendor/unity/test/tests/test_unity_arrays.c:731:0: style: The function 'testUInt64ArrayWithinDeltaExpectedNullAndMessage' is never used. [unusedFunction]

^
external/CMock/vendor/unity/test/tests/test_unity_arrays.c:690:0: style: The function 'testUInt64ArrayWithinDeltaPointless' is never used. [unusedFunction]

^
external/CMock/vendor/unity/test/tests/test_unity_arrays.c:704:0: style: The function 'testUInt64ArrayWithinDeltaPointlessAndMessage' is never used. [unusedFunction]

^
external/CMock/vendor/unity/test/tests/test_unity_arrays.c:770:0: style: The function 'testUInt64ArrayWithinDeltaSamePointer' is never used. [unusedFunction]

^
external/CMock/vendor/unity/test/tests/test_unity_arrays.c:781:0: style: The function 'testUInt64ArrayWithinDeltaSamePointerAndMessage' is never used. [unusedFunction]

^
external/CMock/vendor/unity/test/tests/test_unity_arrays.c:1032:0: style: The function 'testUInt8ArrayNotWithinDelta' is never used. [unusedFunction]

^
external/CMock/vendor/unity/test/tests/test_unity_arrays.c:1042:0: style: The function 'testUInt8ArrayNotWithinDeltaAndMessage' is never used. [unusedFunction]

^
external/CMock/vendor/unity/test/tests/test_unity_arrays.c:1012:0: style: The function 'testUInt8ArrayWithinDelta' is never used. [unusedFunction]

^
external/CMock/vendor/unity/test/tests/test_unity_arrays.c:1090:0: style: The function 'testUInt8ArrayWithinDeltaActualNull' is never used. [unusedFunction]

^
external/CMock/vendor/unity/test/tests/test_unity_arrays.c:1099:0: style: The function 'testUInt8ArrayWithinDeltaActualNullAndMessage' is never used. [unusedFunction]

^
external/CMock/vendor/unity/test/tests/test_unity_arrays.c:1022:0: style: The function 'testUInt8ArrayWithinDeltaAndMessage' is never used. [unusedFunction]

^
external/CMock/vendor/unity/test/tests/test_unity_arrays.c:1072:0: style: The function 'testUInt8ArrayWithinDeltaExpectedNull' is never used. [unusedFunction]

^
external/CMock/vendor/unity/test/tests/test_unity_arrays.c:1081:0: style: The function 'testUInt8ArrayWithinDeltaExpectedNullAndMessage' is never used. [unusedFunction]

^
external/CMock/vendor/unity/test/tests/test_unity_arrays.c:1052:0: style: The function 'testUInt8ArrayWithinDeltaPointless' is never used. [unusedFunction]

^
external/CMock/vendor/unity/test/tests/test_unity_arrays.c:1062:0: style: The function 'testUInt8ArrayWithinDeltaPointlessAndMessage' is never used. [unusedFunction]

^
external/CMock/vendor/unity/test/tests/test_unity_arrays.c:1108:0: style: The function 'testUInt8ArrayWithinDeltaSamePointer' is never used. [unusedFunction]

^
external/CMock/vendor/unity/test/tests/test_unity_arrays.c:1115:0: style: The function 'testUInt8ArrayWithinDeltaSamePointerAndMessage' is never used. [unusedFunction]

^
external/CMock/vendor/unity/test/tests/test_unity_arrays.c:812:0: style: The function 'testUIntArrayNotWithinDelta' is never used. [unusedFunction]

^
external/CMock/vendor/unity/test/tests/test_unity_arrays.c:822:0: style: The function 'testUIntArrayNotWithinDeltaAndMessage' is never used. [unusedFunction]

^
external/CMock/vendor/unity/test/tests/test_unity_arrays.c:792:0: style: The function 'testUIntArrayWithinDelta' is never used. [unusedFunction]

^
external/CMock/vendor/unity/test/tests/test_unity_arrays.c:870:0: style: The function 'testUIntArrayWithinDeltaActualNull' is never used. [unusedFunction]

^
external/CMock/vendor/unity/test/tests/test_unity_arrays.c:879:0: style: The function 'testUIntArrayWithinDeltaActualNullAndMessage' is never used. [unusedFunction]

^
external/CMock/vendor/unity/test/tests/test_unity_arrays.c:802:0: style: The function 'testUIntArrayWithinDeltaAndMessage' is never used. [unusedFunction]

^
external/CMock/vendor/unity/test/tests/test_unity_arrays.c:852:0: style: The function 'testUIntArrayWithinDeltaExpectedNull' is never used. [unusedFunction]

^
external/CMock/vendor/unity/test/tests/test_unity_arrays.c:861:0: style: The function 'testUIntArrayWithinDeltaExpectedNullAndMessage' is never used. [unusedFunction]

^
external/CMock/vendor/unity/test/tests/test_unity_arrays.c:832:0: style: The function 'testUIntArrayWithinDeltaPointless' is never used. [unusedFunction]

^
external/CMock/vendor/unity/test/tests/test_unity_arrays.c:842:0: style: The function 'testUIntArrayWithinDeltaPointlessAndMessage' is never used. [unusedFunction]

^
external/CMock/vendor/unity/test/tests/test_unity_arrays.c:888:0: style: The function 'testUIntArrayWithinDeltaSamePointer' is never used. [unusedFunction]

^
external/CMock/vendor/unity/test/tests/test_unity_arrays.c:895:0: style: The function 'testUIntArrayWithinDeltaSamePointerAndMessage' is never used. [unusedFunction]

^
external/CMock/vendor/unity/test/tests/test_unity_integers.c:754:0: style: The function 'testUIntsNotWithinDelta' is never used. [unusedFunction]

^
external/CMock/vendor/unity/test/tests/test_unity_integers.c:761:0: style: The function 'testUIntsNotWithinDeltaAndCustomMessage' is never used. [unusedFunction]

^
external/CMock/vendor/unity/test/tests/test_unity_integers.c:782:0: style: The function 'testUIntsNotWithinDeltaEvenThoughASignedIntWouldPassBigFirst' is never used. [unusedFunction]

^
external/CMock/vendor/unity/test/tests/test_unity_integers.c:789:0: style: The function 'testUIntsNotWithinDeltaEvenThoughASignedIntWouldPassBigFirstAndCustomMessage' is never used. [unusedFunction]

^
external/CMock/vendor/unity/test/tests/test_unity_integers.c:768:0: style: The function 'testUIntsNotWithinDeltaEvenThoughASignedIntWouldPassSmallFirst' is never used. [unusedFunction]

^
external/CMock/vendor/unity/test/tests/test_unity_integers.c:775:0: style: The function 'testUIntsNotWithinDeltaEvenThoughASignedIntWouldPassSmallFirstAndCustomMessage' is never used. [unusedFunction]

^
external/CMock/vendor/unity/test/tests/test_unity_integers.c:740:0: style: The function 'testUIntsWithinDelta' is never used. [unusedFunction]

^
external/CMock/vendor/unity/test/tests/test_unity_integers.c:747:0: style: The function 'testUIntsWithinDeltaAndCustomMessage' is never used. [unusedFunction]

^
external/CMock/vendor/unity/test/tests/test_unity_core.c:36:0: style: The function 'testUnitySizeInitializationReminder' is never used. [unusedFunction]

^
external/CMock/examples/temp_sensor/test/TestTimerModel.c:14:0: style: The function 'testUpdateTimeShouldDelegateToTaskScheduler' is never used. [unusedFunction]

^
external/CMock/vendor/unity/test/tests/test_unity_arrays.c:2926:0: style: The function 'testVerifyIntFailingPointerComparisonOnZeroLengthArray' is never used. [unusedFunction]

^
external/CMock/vendor/unity/test/tests/test_unity_arrays.c:2912:0: style: The function 'testVerifyIntPassingPointerComparisonOnZeroLengthArray' is never used. [unusedFunction]

^
external/CMock/vendor/c_exception/test/TestException.c:309:0: style: The function 'test_AThrowWithoutATryCatchWillUseDefaultHandlerIfSpecified' is never used. [unusedFunction]

^
external/CMock/vendor/c_exception/test/TestException.c:321:0: style: The function 'test_AThrowWithoutOutsideATryCatchWillUseDefaultHandlerEvenAfterTryCatch' is never used. [unusedFunction]

^
external/CMock/vendor/c_exception/test/TestException.c:365:0: style: The function 'test_AbilityToExitTryWillOnlyExitOneLevel' is never used. [unusedFunction]

^
external/CMock/vendor/c_exception/test/TestException.c:344:0: style: The function 'test_AbilityToExitTryWithoutThrowingAnError' is never used. [unusedFunction]

^
external/CMock/examples/temp_sensor/test/TestAdcConductor.c:82:0: style: The function 'test_AdcConductor_AlsoHereToTest_Should_ProperlyReturnAStructAsExpected1' is never used. [unusedFunction]

^
external/CMock/examples/temp_sensor/test/TestAdcConductor.c:93:0: style: The function 'test_AdcConductor_AlsoHereToTest_Should_ProperlyReturnAStructAsExpected2' is never used. [unusedFunction]

^
external/CMock/examples/temp_sensor/test/TestAdcConductor.c:104:0: style: The function 'test_AdcConductor_YetAnotherTest_Should_VerifyThatPointersToStructsAreTestable' is never used. [unusedFunction]

^
external/CMock/vendor/c_exception/test/TestException.c:38:0: style: The function 'test_BasicThrowAndCatch' is never used. [unusedFunction]

^
external/CMock/vendor/c_exception/test/TestException.c:57:0: style: The function 'test_BasicThrowAndCatch_WithMiniSyntax' is never used. [unusedFunction]

^
external/CMock/vendor/c_exception/test/TestException.c:17:0: style: The function 'test_BasicTryDoesNothingIfNoThrow' is never used. [unusedFunction]

^
external/CMock/vendor/c_exception/test/TestException.c:230:0: style: The function 'test_CanHaveMultipleTryBlocksInASingleFunction' is never used. [unusedFunction]

^
external/CMock/vendor/c_exception/test/TestException.c:255:0: style: The function 'test_CanHaveNestedTryBlocksInASingleFunction_ThrowInside' is never used. [unusedFunction]

^
external/CMock/vendor/c_exception/test/TestException.c:282:0: style: The function 'test_CanHaveNestedTryBlocksInASingleFunction_ThrowOutside' is never used. [unusedFunction]

^
external/CMock/vendor/unity/test/tests/test_unity_parameterized.c:153:0: style: The function 'test_CharsArePreserved' is never used. [unusedFunction]

^
external/CMock/vendor/unity/test/tests/test_unity_parameterized.c:116:0: style: The function 'test_NormalFailsStillWork' is never used. [unusedFunction]

^
external/CMock/vendor/unity/test/tests/test_unity_parameterized.c:111:0: style: The function 'test_NormalPassesStillWork' is never used. [unusedFunction]

^
external/CMock/vendor/unity/test/testdata/testRunnerGenerator.c:118:0: style: The function 'test_NotBeConfusedByLongComplicatedStrings' is never used. [unusedFunction]

^
external/CMock/vendor/unity/test/testdata/testRunnerGenerator.c:126:0: style: The function 'test_NotDisappearJustBecauseTheTestBeforeAndAfterHaveCrazyStrings' is never used. [unusedFunction]

^
external/CMock/vendor/unity/test/testdata/testRunnerGeneratorWithMocks.c:189:0: style: The function 'test_ShouldCallMockInitAndVerifyFunctionsForEachTest' is never used. [unusedFunction]

^
external/CMock/vendor/unity/test/testdata/testRunnerGenerator.c:133:0: style: The function 'test_StillNotBeConfusedByLongComplicatedStrings' is never used. [unusedFunction]

^
external/CMock/vendor/unity/test/tests/test_unity_parameterized.c:128:0: style: The function 'test_StringsArePreserved' is never used. [unusedFunction]

^
external/CMock/examples/temp_sensor/test/TestTimerInterruptConfigurator.c:18:0: style: The function 'test_TIMER0_ID_MASK_ShouldBeCorrect' is never used. [unusedFunction]

^
external/CMock/vendor/unity/test/tests/test_unity_parameterized.c:97:0: style: The function 'test_TheseAreEveryOther' is never used. [unusedFunction]

^
external/CMock/vendor/unity/test/tests/test_unity_parameterized.c:86:0: style: The function 'test_TheseShouldAllFail' is never used. [unusedFunction]

^
external/CMock/vendor/unity/test/tests/test_unity_parameterized.c:78:0: style: The function 'test_TheseShouldAllPass' is never used. [unusedFunction]

^
external/CMock/vendor/unity/test/testdata/testRunnerGenerator.c:66:0: style: The function 'test_ThisTestAlwaysFails' is never used. [unusedFunction]

^
external/CMock/vendor/unity/test/testdata/testRunnerGenerator.c:71:0: style: The function 'test_ThisTestAlwaysIgnored' is never used. [unusedFunction]

^
external/CMock/vendor/unity/test/testdata/testRunnerGenerator.c:61:0: style: The function 'test_ThisTestAlwaysPasses' is never used. [unusedFunction]

^
external/CMock/vendor/c_exception/test/TestException.c:203:0: style: The function 'test_ThrowAnErrorThenEnterATryBlockFromWithinCatch_VerifyThatEachExceptionIdIndependent' is never used. [unusedFunction]

^
external/CMock/vendor/c_exception/test/TestException.c:185:0: style: The function 'test_ThrowAnErrorThenEnterATryBlockFromWithinCatch_VerifyThisDoesntCorruptExceptionId' is never used. [unusedFunction]

^
external/CMock/vendor/c_exception/test/TestException.c:168:0: style: The function 'test_ThrowAndCatchFromASubFunctionAndNoRethrowToCatchInRootFunc' is never used. [unusedFunction]

^
external/CMock/vendor/c_exception/test/TestException.c:149:0: style: The function 'test_ThrowAndCatchFromASubFunctionAndRethrowToCatchInRootFunc' is never used. [unusedFunction]

^
external/CMock/vendor/c_exception/test/TestException.c:106:0: style: The function 'test_ThrowFromASubFunctionAndCatchInRootFunc' is never used. [unusedFunction]

^
external/CMock/vendor/c_exception/test/TestException.c:77:0: style: The function 'test_VerifyVolatilesSurviveThrowAndCatch' is never used. [unusedFunction]

^
external/Unity/test/tests/test_unity_parameterizedDemo.c:18:0: style: The function 'test_demoParamFunction' is never used. [unusedFunction]

^
external/CMock/examples/make_example/test/test_foo.c:12:0: style: The function 'test_foo_init_should_initialize_multiplier' is never used. [unusedFunction]

^
external/CMock/examples/make_example/test/test_main.c:12:0: style: The function 'test_main_should_initialize_foo' is never used. [unusedFunction]

^
RVC_Test/src/mock_hw_interface.c:357:0: style: The function 'turn_left_CMockExpect' is never used. [unusedFunction]

^
RVC_Test/src/mock_hw_interface.c:379:0: style: The function 'turn_right_CMockExpect' is never used. [unusedFunction]

^
external/CMock/vendor/unity/extras/memory/src/unity_memory.c:155:0: style: The function 'unity_calloc' is never used. [unusedFunction]

^
external/CMock/vendor/unity/extras/memory/src/unity_memory.c:138:0: style: The function 'unity_free' is never used. [unusedFunction]

^
external/CMock/vendor/unity/extras/memory/src/unity_memory.c:163:0: style: The function 'unity_realloc' is never used. [unusedFunction]

^
RVC_Test/src/test_runner.c:60:0: style: The function 'verifyTest' is never used. [unusedFunction]

^
nofile:0:0: information: Cppcheck cannot find all the include files (use --check-config for details) [missingInclude]

